=== OpenSSL for Ruby configurator ===
"gcc -o conftest -I../../.ext/include/arm64-darwin20 -I../.././include -I../.././ext/openssl  -I/opt/homebrew/opt/openssl@1.1/include -I/opt/homebrew/opt/readline/include -I/opt/homebrew/opt/libyaml/include -I/opt/homebrew/opt/gdbm/include -D_XOPEN_SOURCE -D_DARWIN_C_SOURCE -D_DARWIN_UNLIMITED_SELECT -D_REENTRANT   -g -O2 -pipe conftest.c  -L. -L../.. -L/opt/homebrew/opt/openssl@1.1/lib -L/opt/homebrew/opt/readline/lib -L/opt/homebrew/opt/libyaml/lib -L/opt/homebrew/opt/gdbm/lib -L. -fstack-protector-strong -L/opt/homebrew/opt/openssl@1.1/lib -L/opt/homebrew/opt/readline/lib -L/opt/homebrew/opt/libyaml/lib -L/opt/homebrew/opt/gdbm/lib  -m64   -lruby.2.7-static -framework Security -framework Foundation -lpthread -ldl -lobjc   "
checked program was:
/* begin */
1: #include "ruby.h"
2: 
3: int main(int argc, char **argv)
4: {
5:   return !!argv[argc];
6: }
/* end */

"gcc -I../../.ext/include/arm64-darwin20 -I../.././include -I../.././ext/openssl  -I/opt/homebrew/opt/openssl@1.1/include -I/opt/homebrew/opt/readline/include -I/opt/homebrew/opt/libyaml/include -I/opt/homebrew/opt/gdbm/include -D_XOPEN_SOURCE -D_DARWIN_C_SOURCE -D_DARWIN_UNLIMITED_SELECT -D_REENTRANT   -g -O2 -pipe -m64 -Werror=deprecated-declarations -c conftest.c"
checked program was:
/* begin */
1: #include "ruby.h"
/* end */

=== Checking for system dependent stuff... ===
have_library: checking for t_open() in -lnsl... -------------------- no

"gcc -o conftest -I../../.ext/include/arm64-darwin20 -I../.././include -I../.././ext/openssl  -I/opt/homebrew/opt/openssl@1.1/include -I/opt/homebrew/opt/readline/include -I/opt/homebrew/opt/libyaml/include -I/opt/homebrew/opt/gdbm/include -D_XOPEN_SOURCE -D_DARWIN_C_SOURCE -D_DARWIN_UNLIMITED_SELECT -D_REENTRANT   -g -O2 -pipe conftest.c  -L. -L../.. -L/opt/homebrew/opt/openssl@1.1/lib -L/opt/homebrew/opt/readline/lib -L/opt/homebrew/opt/libyaml/lib -L/opt/homebrew/opt/gdbm/lib -L. -fstack-protector-strong -L/opt/homebrew/opt/openssl@1.1/lib -L/opt/homebrew/opt/readline/lib -L/opt/homebrew/opt/libyaml/lib -L/opt/homebrew/opt/gdbm/lib  -m64   -lruby.2.7-static -framework Security -framework Foundation -lpthread -ldl -lobjc -lnsl   "
conftest.c:14:57: error: use of undeclared identifier 't_open'
int t(void) { void ((*volatile p)()); p = (void ((*)()))t_open; return !p; }
                                                        ^
1 error generated.
checked program was:
/* begin */
 1: #include "ruby.h"
 2: 
 3: /*top*/
 4: extern int t(void);
 5: int main(int argc, char **argv)
 6: {
 7:   if (argc > 1000000) {
 8:     int (* volatile tp)(void)=(int (*)(void))&t;
 9:     printf("%d", (*tp)());
10:   }
11: 
12:   return !!argv[argc];
13: }
14: int t(void) { void ((*volatile p)()); p = (void ((*)()))t_open; return !p; }
/* end */

"gcc -o conftest -I../../.ext/include/arm64-darwin20 -I../.././include -I../.././ext/openssl  -I/opt/homebrew/opt/openssl@1.1/include -I/opt/homebrew/opt/readline/include -I/opt/homebrew/opt/libyaml/include -I/opt/homebrew/opt/gdbm/include -D_XOPEN_SOURCE -D_DARWIN_C_SOURCE -D_DARWIN_UNLIMITED_SELECT -D_REENTRANT   -g -O2 -pipe conftest.c  -L. -L../.. -L/opt/homebrew/opt/openssl@1.1/lib -L/opt/homebrew/opt/readline/lib -L/opt/homebrew/opt/libyaml/lib -L/opt/homebrew/opt/gdbm/lib -L. -fstack-protector-strong -L/opt/homebrew/opt/openssl@1.1/lib -L/opt/homebrew/opt/readline/lib -L/opt/homebrew/opt/libyaml/lib -L/opt/homebrew/opt/gdbm/lib  -m64   -lruby.2.7-static -framework Security -framework Foundation -lpthread -ldl -lobjc -lnsl   "
ld: library not found for -lnsl
clang: error: linker command failed with exit code 1 (use -v to see invocation)
checked program was:
/* begin */
 1: #include "ruby.h"
 2: 
 3: /*top*/
 4: extern int t(void);
 5: int main(int argc, char **argv)
 6: {
 7:   if (argc > 1000000) {
 8:     int (* volatile tp)(void)=(int (*)(void))&t;
 9:     printf("%d", (*tp)());
10:   }
11: 
12:   return !!argv[argc];
13: }
14: extern void t_open();
15: int t(void) { t_open(); return 0; }
/* end */

--------------------

have_library: checking for socket() in -lsocket... -------------------- no

"gcc -o conftest -I../../.ext/include/arm64-darwin20 -I../.././include -I../.././ext/openssl  -I/opt/homebrew/opt/openssl@1.1/include -I/opt/homebrew/opt/readline/include -I/opt/homebrew/opt/libyaml/include -I/opt/homebrew/opt/gdbm/include -D_XOPEN_SOURCE -D_DARWIN_C_SOURCE -D_DARWIN_UNLIMITED_SELECT -D_REENTRANT   -g -O2 -pipe conftest.c  -L. -L../.. -L/opt/homebrew/opt/openssl@1.1/lib -L/opt/homebrew/opt/readline/lib -L/opt/homebrew/opt/libyaml/lib -L/opt/homebrew/opt/gdbm/lib -L. -fstack-protector-strong -L/opt/homebrew/opt/openssl@1.1/lib -L/opt/homebrew/opt/readline/lib -L/opt/homebrew/opt/libyaml/lib -L/opt/homebrew/opt/gdbm/lib  -m64   -lruby.2.7-static -framework Security -framework Foundation -lpthread -ldl -lobjc -lsocket   "
conftest.c:14:57: error: use of undeclared identifier 'socket'
int t(void) { void ((*volatile p)()); p = (void ((*)()))socket; return !p; }
                                                        ^
1 error generated.
checked program was:
/* begin */
 1: #include "ruby.h"
 2: 
 3: /*top*/
 4: extern int t(void);
 5: int main(int argc, char **argv)
 6: {
 7:   if (argc > 1000000) {
 8:     int (* volatile tp)(void)=(int (*)(void))&t;
 9:     printf("%d", (*tp)());
10:   }
11: 
12:   return !!argv[argc];
13: }
14: int t(void) { void ((*volatile p)()); p = (void ((*)()))socket; return !p; }
/* end */

"gcc -o conftest -I../../.ext/include/arm64-darwin20 -I../.././include -I../.././ext/openssl  -I/opt/homebrew/opt/openssl@1.1/include -I/opt/homebrew/opt/readline/include -I/opt/homebrew/opt/libyaml/include -I/opt/homebrew/opt/gdbm/include -D_XOPEN_SOURCE -D_DARWIN_C_SOURCE -D_DARWIN_UNLIMITED_SELECT -D_REENTRANT   -g -O2 -pipe conftest.c  -L. -L../.. -L/opt/homebrew/opt/openssl@1.1/lib -L/opt/homebrew/opt/readline/lib -L/opt/homebrew/opt/libyaml/lib -L/opt/homebrew/opt/gdbm/lib -L. -fstack-protector-strong -L/opt/homebrew/opt/openssl@1.1/lib -L/opt/homebrew/opt/readline/lib -L/opt/homebrew/opt/libyaml/lib -L/opt/homebrew/opt/gdbm/lib  -m64   -lruby.2.7-static -framework Security -framework Foundation -lpthread -ldl -lobjc -lsocket   "
ld: library not found for -lsocket
clang: error: linker command failed with exit code 1 (use -v to see invocation)
checked program was:
/* begin */
 1: #include "ruby.h"
 2: 
 3: /*top*/
 4: extern int t(void);
 5: int main(int argc, char **argv)
 6: {
 7:   if (argc > 1000000) {
 8:     int (* volatile tp)(void)=(int (*)(void))&t;
 9:     printf("%d", (*tp)());
10:   }
11: 
12:   return !!argv[argc];
13: }
14: extern void socket();
15: int t(void) { socket(); return 0; }
/* end */

--------------------

=== Checking for required stuff... ===
package configuration for openssl is not found
have_header: checking for openssl/ssl.h... -------------------- yes

"gcc -E -I../../.ext/include/arm64-darwin20 -I../.././include -I../.././ext/openssl  -I/opt/homebrew/opt/openssl@1.1/include -I/opt/homebrew/opt/readline/include -I/opt/homebrew/opt/libyaml/include -I/opt/homebrew/opt/gdbm/include -D_XOPEN_SOURCE -D_DARWIN_C_SOURCE -D_DARWIN_UNLIMITED_SELECT -D_REENTRANT   -g -O2 -pipe  conftest.c -o conftest.i"
checked program was:
/* begin */
1: #include "ruby.h"
2: 
3: #include <openssl/ssl.h>
/* end */

--------------------

have_library: checking for CRYPTO_malloc() in -lcrypto... -------------------- yes

"gcc -o conftest -I../../.ext/include/arm64-darwin20 -I../.././include -I../.././ext/openssl  -I/opt/homebrew/opt/openssl@1.1/include -I/opt/homebrew/opt/readline/include -I/opt/homebrew/opt/libyaml/include -I/opt/homebrew/opt/gdbm/include -D_XOPEN_SOURCE -D_DARWIN_C_SOURCE -D_DARWIN_UNLIMITED_SELECT -D_REENTRANT   -g -O2 -pipe conftest.c  -L. -L../.. -L/opt/homebrew/opt/openssl@1.1/lib -L/opt/homebrew/opt/readline/lib -L/opt/homebrew/opt/libyaml/lib -L/opt/homebrew/opt/gdbm/lib -L. -fstack-protector-strong -L/opt/homebrew/opt/openssl@1.1/lib -L/opt/homebrew/opt/readline/lib -L/opt/homebrew/opt/libyaml/lib -L/opt/homebrew/opt/gdbm/lib  -m64   -lruby.2.7-static -framework Security -framework Foundation -lpthread -ldl -lobjc -lcrypto   "
conftest.c:14:57: error: use of undeclared identifier 'CRYPTO_malloc'
int t(void) { void ((*volatile p)()); p = (void ((*)()))CRYPTO_malloc; return !p; }
                                                        ^
1 error generated.
checked program was:
/* begin */
 1: #include "ruby.h"
 2: 
 3: /*top*/
 4: extern int t(void);
 5: int main(int argc, char **argv)
 6: {
 7:   if (argc > 1000000) {
 8:     int (* volatile tp)(void)=(int (*)(void))&t;
 9:     printf("%d", (*tp)());
10:   }
11: 
12:   return !!argv[argc];
13: }
14: int t(void) { void ((*volatile p)()); p = (void ((*)()))CRYPTO_malloc; return !p; }
/* end */

"gcc -o conftest -I../../.ext/include/arm64-darwin20 -I../.././include -I../.././ext/openssl  -I/opt/homebrew/opt/openssl@1.1/include -I/opt/homebrew/opt/readline/include -I/opt/homebrew/opt/libyaml/include -I/opt/homebrew/opt/gdbm/include -D_XOPEN_SOURCE -D_DARWIN_C_SOURCE -D_DARWIN_UNLIMITED_SELECT -D_REENTRANT   -g -O2 -pipe conftest.c  -L. -L../.. -L/opt/homebrew/opt/openssl@1.1/lib -L/opt/homebrew/opt/readline/lib -L/opt/homebrew/opt/libyaml/lib -L/opt/homebrew/opt/gdbm/lib -L. -fstack-protector-strong -L/opt/homebrew/opt/openssl@1.1/lib -L/opt/homebrew/opt/readline/lib -L/opt/homebrew/opt/libyaml/lib -L/opt/homebrew/opt/gdbm/lib  -m64   -lruby.2.7-static -framework Security -framework Foundation -lpthread -ldl -lobjc -lcrypto   "
checked program was:
/* begin */
 1: #include "ruby.h"
 2: 
 3: /*top*/
 4: extern int t(void);
 5: int main(int argc, char **argv)
 6: {
 7:   if (argc > 1000000) {
 8:     int (* volatile tp)(void)=(int (*)(void))&t;
 9:     printf("%d", (*tp)());
10:   }
11: 
12:   return !!argv[argc];
13: }
14: extern void CRYPTO_malloc();
15: int t(void) { CRYPTO_malloc(); return 0; }
/* end */

--------------------

have_library: checking for SSL_new() in -lssl... -------------------- yes

"gcc -o conftest -I../../.ext/include/arm64-darwin20 -I../.././include -I../.././ext/openssl  -I/opt/homebrew/opt/openssl@1.1/include -I/opt/homebrew/opt/readline/include -I/opt/homebrew/opt/libyaml/include -I/opt/homebrew/opt/gdbm/include -D_XOPEN_SOURCE -D_DARWIN_C_SOURCE -D_DARWIN_UNLIMITED_SELECT -D_REENTRANT   -g -O2 -pipe conftest.c  -L. -L../.. -L/opt/homebrew/opt/openssl@1.1/lib -L/opt/homebrew/opt/readline/lib -L/opt/homebrew/opt/libyaml/lib -L/opt/homebrew/opt/gdbm/lib -L. -fstack-protector-strong -L/opt/homebrew/opt/openssl@1.1/lib -L/opt/homebrew/opt/readline/lib -L/opt/homebrew/opt/libyaml/lib -L/opt/homebrew/opt/gdbm/lib  -m64  -lcrypto  -lruby.2.7-static -framework Security -framework Foundation -lpthread -ldl -lobjc -lssl -lcrypto   "
conftest.c:14:57: error: use of undeclared identifier 'SSL_new'
int t(void) { void ((*volatile p)()); p = (void ((*)()))SSL_new; return !p; }
                                                        ^
1 error generated.
checked program was:
/* begin */
 1: #include "ruby.h"
 2: 
 3: /*top*/
 4: extern int t(void);
 5: int main(int argc, char **argv)
 6: {
 7:   if (argc > 1000000) {
 8:     int (* volatile tp)(void)=(int (*)(void))&t;
 9:     printf("%d", (*tp)());
10:   }
11: 
12:   return !!argv[argc];
13: }
14: int t(void) { void ((*volatile p)()); p = (void ((*)()))SSL_new; return !p; }
/* end */

"gcc -o conftest -I../../.ext/include/arm64-darwin20 -I../.././include -I../.././ext/openssl  -I/opt/homebrew/opt/openssl@1.1/include -I/opt/homebrew/opt/readline/include -I/opt/homebrew/opt/libyaml/include -I/opt/homebrew/opt/gdbm/include -D_XOPEN_SOURCE -D_DARWIN_C_SOURCE -D_DARWIN_UNLIMITED_SELECT -D_REENTRANT   -g -O2 -pipe conftest.c  -L. -L../.. -L/opt/homebrew/opt/openssl@1.1/lib -L/opt/homebrew/opt/readline/lib -L/opt/homebrew/opt/libyaml/lib -L/opt/homebrew/opt/gdbm/lib -L. -fstack-protector-strong -L/opt/homebrew/opt/openssl@1.1/lib -L/opt/homebrew/opt/readline/lib -L/opt/homebrew/opt/libyaml/lib -L/opt/homebrew/opt/gdbm/lib  -m64  -lcrypto  -lruby.2.7-static -framework Security -framework Foundation -lpthread -ldl -lobjc -lssl -lcrypto   "
checked program was:
/* begin */
 1: #include "ruby.h"
 2: 
 3: /*top*/
 4: extern int t(void);
 5: int main(int argc, char **argv)
 6: {
 7:   if (argc > 1000000) {
 8:     int (* volatile tp)(void)=(int (*)(void))&t;
 9:     printf("%d", (*tp)());
10:   }
11: 
12:   return !!argv[argc];
13: }
14: extern void SSL_new();
15: int t(void) { SSL_new(); return 0; }
/* end */

--------------------

have_macro: checking for LIBRESSL_VERSION_NUMBER in openssl/opensslv.h... -------------------- no

"gcc -I../../.ext/include/arm64-darwin20 -I../.././include -I../.././ext/openssl  -I/opt/homebrew/opt/openssl@1.1/include -I/opt/homebrew/opt/readline/include -I/opt/homebrew/opt/libyaml/include -I/opt/homebrew/opt/gdbm/include -D_XOPEN_SOURCE -D_DARWIN_C_SOURCE -D_DARWIN_UNLIMITED_SELECT -D_REENTRANT   -g -O2 -pipe -m64  -c conftest.c"
conftest.c:6:3: error: 
# error
  ^
conftest.c:7:1: error: expected identifier or '('
|:/ === LIBRESSL_VERSION_NUMBER undefined === /:|
^
2 errors generated.
checked program was:
/* begin */
1: #include "ruby.h"
2: 
3: #include <openssl/opensslv.h>
4: /*top*/
5: #ifndef LIBRESSL_VERSION_NUMBER
6: # error
7: |:/ === LIBRESSL_VERSION_NUMBER undefined === /:|
8: #endif
/* end */

--------------------

checking for OpenSSL version >= 1.0.1 and < 3.0.0... -------------------- yes

"gcc -I../../.ext/include/arm64-darwin20 -I../.././include -I../.././ext/openssl  -I/opt/homebrew/opt/openssl@1.1/include -I/opt/homebrew/opt/readline/include -I/opt/homebrew/opt/libyaml/include -I/opt/homebrew/opt/gdbm/include -D_XOPEN_SOURCE -D_DARWIN_C_SOURCE -D_DARWIN_UNLIMITED_SELECT -D_REENTRANT   -g -O2 -pipe -m64  -c conftest.c"
checked program was:
/* begin */
1: #include "ruby.h"
2: 
3: #include <openssl/opensslv.h>
4: 
5: /*top*/
6: int conftest_const[(OPENSSL_VERSION_NUMBER >= 0x10001000L) ? 1 : -1];
/* end */

"gcc -I../../.ext/include/arm64-darwin20 -I../.././include -I../.././ext/openssl  -I/opt/homebrew/opt/openssl@1.1/include -I/opt/homebrew/opt/readline/include -I/opt/homebrew/opt/libyaml/include -I/opt/homebrew/opt/gdbm/include -D_XOPEN_SOURCE -D_DARWIN_C_SOURCE -D_DARWIN_UNLIMITED_SELECT -D_REENTRANT   -g -O2 -pipe -m64  -c conftest.c"
conftest.c:6:21: error: use of undeclared identifier 'OPENSSL_VERSION_MAJOR'
int conftest_const[(OPENSSL_VERSION_MAJOR >= 3) ? 1 : -1];
                    ^
1 error generated.
checked program was:
/* begin */
1: #include "ruby.h"
2: 
3: #include <openssl/opensslv.h>
4: 
5: /*top*/
6: int conftest_const[(OPENSSL_VERSION_MAJOR >= 3) ? 1 : -1];
/* end */

--------------------

=== Checking for OpenSSL features... ===
have_func: checking for RAND_egd()... -------------------- no

"gcc -o conftest -I../../.ext/include/arm64-darwin20 -I../.././include -I../.././ext/openssl  -I/opt/homebrew/opt/openssl@1.1/include -I/opt/homebrew/opt/readline/include -I/opt/homebrew/opt/libyaml/include -I/opt/homebrew/opt/gdbm/include -D_XOPEN_SOURCE -D_DARWIN_C_SOURCE -D_DARWIN_UNLIMITED_SELECT -D_REENTRANT   -g -O2 -pipe conftest.c  -L. -L../.. -L/opt/homebrew/opt/openssl@1.1/lib -L/opt/homebrew/opt/readline/lib -L/opt/homebrew/opt/libyaml/lib -L/opt/homebrew/opt/gdbm/lib -L. -fstack-protector-strong -L/opt/homebrew/opt/openssl@1.1/lib -L/opt/homebrew/opt/readline/lib -L/opt/homebrew/opt/libyaml/lib -L/opt/homebrew/opt/gdbm/lib  -m64  -lssl -lcrypto  -lruby.2.7-static -framework Security -framework Foundation -lpthread -ldl -lobjc -lssl -lcrypto   "
conftest.c:14:57: error: use of undeclared identifier 'RAND_egd'
int t(void) { void ((*volatile p)()); p = (void ((*)()))RAND_egd; return !p; }
                                                        ^
1 error generated.
checked program was:
/* begin */
 1: #include "ruby.h"
 2: 
 3: /*top*/
 4: extern int t(void);
 5: int main(int argc, char **argv)
 6: {
 7:   if (argc > 1000000) {
 8:     int (* volatile tp)(void)=(int (*)(void))&t;
 9:     printf("%d", (*tp)());
10:   }
11: 
12:   return !!argv[argc];
13: }
14: int t(void) { void ((*volatile p)()); p = (void ((*)()))RAND_egd; return !p; }
/* end */

"gcc -o conftest -I../../.ext/include/arm64-darwin20 -I../.././include -I../.././ext/openssl  -I/opt/homebrew/opt/openssl@1.1/include -I/opt/homebrew/opt/readline/include -I/opt/homebrew/opt/libyaml/include -I/opt/homebrew/opt/gdbm/include -D_XOPEN_SOURCE -D_DARWIN_C_SOURCE -D_DARWIN_UNLIMITED_SELECT -D_REENTRANT   -g -O2 -pipe conftest.c  -L. -L../.. -L/opt/homebrew/opt/openssl@1.1/lib -L/opt/homebrew/opt/readline/lib -L/opt/homebrew/opt/libyaml/lib -L/opt/homebrew/opt/gdbm/lib -L. -fstack-protector-strong -L/opt/homebrew/opt/openssl@1.1/lib -L/opt/homebrew/opt/readline/lib -L/opt/homebrew/opt/libyaml/lib -L/opt/homebrew/opt/gdbm/lib  -m64  -lssl -lcrypto  -lruby.2.7-static -framework Security -framework Foundation -lpthread -ldl -lobjc -lssl -lcrypto   "
Undefined symbols for architecture arm64:
  "_RAND_egd", referenced from:
      _t in conftest-538660.o
ld: symbol(s) not found for architecture arm64
clang: error: linker command failed with exit code 1 (use -v to see invocation)
checked program was:
/* begin */
 1: #include "ruby.h"
 2: 
 3: /*top*/
 4: extern int t(void);
 5: int main(int argc, char **argv)
 6: {
 7:   if (argc > 1000000) {
 8:     int (* volatile tp)(void)=(int (*)(void))&t;
 9:     printf("%d", (*tp)());
10:   }
11: 
12:   return !!argv[argc];
13: }
14: extern void RAND_egd();
15: int t(void) { RAND_egd(); return 0; }
/* end */

--------------------

have_func: checking for ENGINE_load_builtin_engines() in openssl/engine.h with -Werror=deprecated-declarations... -------------------- yes

"gcc -o conftest -I../../.ext/include/arm64-darwin20 -I../.././include -I../.././ext/openssl  -I/opt/homebrew/opt/openssl@1.1/include -I/opt/homebrew/opt/readline/include -I/opt/homebrew/opt/libyaml/include -I/opt/homebrew/opt/gdbm/include -D_XOPEN_SOURCE -D_DARWIN_C_SOURCE -D_DARWIN_UNLIMITED_SELECT -D_REENTRANT   -g -O2 -pipe conftest.c  -L. -L../.. -L/opt/homebrew/opt/openssl@1.1/lib -L/opt/homebrew/opt/readline/lib -L/opt/homebrew/opt/libyaml/lib -L/opt/homebrew/opt/gdbm/lib -L. -fstack-protector-strong -L/opt/homebrew/opt/openssl@1.1/lib -L/opt/homebrew/opt/readline/lib -L/opt/homebrew/opt/libyaml/lib -L/opt/homebrew/opt/gdbm/lib  -m64  -lssl -lcrypto  -lruby.2.7-static -framework Security -framework Foundation -lpthread -ldl -lobjc -Werror=deprecated-declarations -lssl -lcrypto   "
checked program was:
/* begin */
 1: #include "ruby.h"
 2: 
 3: #include <openssl/engine.h>
 4: 
 5: /*top*/
 6: extern int t(void);
 7: int main(int argc, char **argv)
 8: {
 9:   if (argc > 1000000) {
10:     int (* volatile tp)(void)=(int (*)(void))&t;
11:     printf("%d", (*tp)());
12:   }
13: 
14:   return !!argv[argc];
15: }
16: int t(void) { void ((*volatile p)()); p = (void ((*)()))ENGINE_load_builtin_engines; return !p; }
/* end */

--------------------

have_func: checking for ENGINE_load_openbsd_dev_crypto() in openssl/engine.h with -Werror=deprecated-declarations... -------------------- no

"gcc -o conftest -I../../.ext/include/arm64-darwin20 -I../.././include -I../.././ext/openssl  -I/opt/homebrew/opt/openssl@1.1/include -I/opt/homebrew/opt/readline/include -I/opt/homebrew/opt/libyaml/include -I/opt/homebrew/opt/gdbm/include -D_XOPEN_SOURCE -D_DARWIN_C_SOURCE -D_DARWIN_UNLIMITED_SELECT -D_REENTRANT   -g -O2 -pipe conftest.c  -L. -L../.. -L/opt/homebrew/opt/openssl@1.1/lib -L/opt/homebrew/opt/readline/lib -L/opt/homebrew/opt/libyaml/lib -L/opt/homebrew/opt/gdbm/lib -L. -fstack-protector-strong -L/opt/homebrew/opt/openssl@1.1/lib -L/opt/homebrew/opt/readline/lib -L/opt/homebrew/opt/libyaml/lib -L/opt/homebrew/opt/gdbm/lib  -m64  -lssl -lcrypto  -lruby.2.7-static -framework Security -framework Foundation -lpthread -ldl -lobjc -Werror=deprecated-declarations -lssl -lcrypto   "
conftest.c:16:57: error: use of undeclared identifier 'ENGINE_load_openbsd_dev_crypto'
int t(void) { void ((*volatile p)()); p = (void ((*)()))ENGINE_load_openbsd_dev_crypto; return !p; }
                                                        ^
1 error generated.
checked program was:
/* begin */
 1: #include "ruby.h"
 2: 
 3: #include <openssl/engine.h>
 4: 
 5: /*top*/
 6: extern int t(void);
 7: int main(int argc, char **argv)
 8: {
 9:   if (argc > 1000000) {
10:     int (* volatile tp)(void)=(int (*)(void))&t;
11:     printf("%d", (*tp)());
12:   }
13: 
14:   return !!argv[argc];
15: }
16: int t(void) { void ((*volatile p)()); p = (void ((*)()))ENGINE_load_openbsd_dev_crypto; return !p; }
/* end */

"gcc -o conftest -I../../.ext/include/arm64-darwin20 -I../.././include -I../.././ext/openssl  -I/opt/homebrew/opt/openssl@1.1/include -I/opt/homebrew/opt/readline/include -I/opt/homebrew/opt/libyaml/include -I/opt/homebrew/opt/gdbm/include -D_XOPEN_SOURCE -D_DARWIN_C_SOURCE -D_DARWIN_UNLIMITED_SELECT -D_REENTRANT   -g -O2 -pipe conftest.c  -L. -L../.. -L/opt/homebrew/opt/openssl@1.1/lib -L/opt/homebrew/opt/readline/lib -L/opt/homebrew/opt/libyaml/lib -L/opt/homebrew/opt/gdbm/lib -L. -fstack-protector-strong -L/opt/homebrew/opt/openssl@1.1/lib -L/opt/homebrew/opt/readline/lib -L/opt/homebrew/opt/libyaml/lib -L/opt/homebrew/opt/gdbm/lib  -m64  -lssl -lcrypto  -lruby.2.7-static -framework Security -framework Foundation -lpthread -ldl -lobjc -Werror=deprecated-declarations -lssl -lcrypto   "
Undefined symbols for architecture arm64:
  "_ENGINE_load_openbsd_dev_crypto", referenced from:
      _t in conftest-fc5e5c.o
ld: symbol(s) not found for architecture arm64
clang: error: linker command failed with exit code 1 (use -v to see invocation)
checked program was:
/* begin */
 1: #include "ruby.h"
 2: 
 3: #include <openssl/engine.h>
 4: 
 5: /*top*/
 6: extern int t(void);
 7: int main(int argc, char **argv)
 8: {
 9:   if (argc > 1000000) {
10:     int (* volatile tp)(void)=(int (*)(void))&t;
11:     printf("%d", (*tp)());
12:   }
13: 
14:   return !!argv[argc];
15: }
16: extern void ENGINE_load_openbsd_dev_crypto();
17: int t(void) { ENGINE_load_openbsd_dev_crypto(); return 0; }
/* end */

--------------------

have_macro: checking for ENGINE_load_openbsd_dev_crypto in openssl/engine.h... -------------------- no

"gcc -I../../.ext/include/arm64-darwin20 -I../.././include -I../.././ext/openssl  -I/opt/homebrew/opt/openssl@1.1/include -I/opt/homebrew/opt/readline/include -I/opt/homebrew/opt/libyaml/include -I/opt/homebrew/opt/gdbm/include -D_XOPEN_SOURCE -D_DARWIN_C_SOURCE -D_DARWIN_UNLIMITED_SELECT -D_REENTRANT   -g -O2 -pipe -m64  -c conftest.c"
conftest.c:6:3: error: 
# error
  ^
conftest.c:7:1: error: expected identifier or '('
|:/ === ENGINE_load_openbsd_dev_crypto undefined === /:|
^
2 errors generated.
checked program was:
/* begin */
1: #include "ruby.h"
2: 
3: #include <openssl/engine.h>
4: /*top*/
5: #ifndef ENGINE_load_openbsd_dev_crypto
6: # error
7: |:/ === ENGINE_load_openbsd_dev_crypto undefined === /:|
8: #endif
/* end */

--------------------

have_func: checking for ENGINE_load_dynamic() in openssl/engine.h with -Werror=deprecated-declarations... -------------------- no

"gcc -o conftest -I../../.ext/include/arm64-darwin20 -I../.././include -I../.././ext/openssl  -I/opt/homebrew/opt/openssl@1.1/include -I/opt/homebrew/opt/readline/include -I/opt/homebrew/opt/libyaml/include -I/opt/homebrew/opt/gdbm/include -D_XOPEN_SOURCE -D_DARWIN_C_SOURCE -D_DARWIN_UNLIMITED_SELECT -D_REENTRANT   -g -O2 -pipe conftest.c  -L. -L../.. -L/opt/homebrew/opt/openssl@1.1/lib -L/opt/homebrew/opt/readline/lib -L/opt/homebrew/opt/libyaml/lib -L/opt/homebrew/opt/gdbm/lib -L. -fstack-protector-strong -L/opt/homebrew/opt/openssl@1.1/lib -L/opt/homebrew/opt/readline/lib -L/opt/homebrew/opt/libyaml/lib -L/opt/homebrew/opt/gdbm/lib  -m64  -lssl -lcrypto  -lruby.2.7-static -framework Security -framework Foundation -lpthread -ldl -lobjc -Werror=deprecated-declarations -lssl -lcrypto   "
conftest.c:16:57: error: use of undeclared identifier 'ENGINE_load_dynamic'
int t(void) { void ((*volatile p)()); p = (void ((*)()))ENGINE_load_dynamic; return !p; }
                                                        ^
1 error generated.
checked program was:
/* begin */
 1: #include "ruby.h"
 2: 
 3: #include <openssl/engine.h>
 4: 
 5: /*top*/
 6: extern int t(void);
 7: int main(int argc, char **argv)
 8: {
 9:   if (argc > 1000000) {
10:     int (* volatile tp)(void)=(int (*)(void))&t;
11:     printf("%d", (*tp)());
12:   }
13: 
14:   return !!argv[argc];
15: }
16: int t(void) { void ((*volatile p)()); p = (void ((*)()))ENGINE_load_dynamic; return !p; }
/* end */

"gcc -o conftest -I../../.ext/include/arm64-darwin20 -I../.././include -I../.././ext/openssl  -I/opt/homebrew/opt/openssl@1.1/include -I/opt/homebrew/opt/readline/include -I/opt/homebrew/opt/libyaml/include -I/opt/homebrew/opt/gdbm/include -D_XOPEN_SOURCE -D_DARWIN_C_SOURCE -D_DARWIN_UNLIMITED_SELECT -D_REENTRANT   -g -O2 -pipe conftest.c  -L. -L../.. -L/opt/homebrew/opt/openssl@1.1/lib -L/opt/homebrew/opt/readline/lib -L/opt/homebrew/opt/libyaml/lib -L/opt/homebrew/opt/gdbm/lib -L. -fstack-protector-strong -L/opt/homebrew/opt/openssl@1.1/lib -L/opt/homebrew/opt/readline/lib -L/opt/homebrew/opt/libyaml/lib -L/opt/homebrew/opt/gdbm/lib  -m64  -lssl -lcrypto  -lruby.2.7-static -framework Security -framework Foundation -lpthread -ldl -lobjc -Werror=deprecated-declarations -lssl -lcrypto   "
conftest.c:16:13: error: expected parameter declarator
extern void ENGINE_load_dynamic();
            ^
/opt/homebrew/opt/openssl@1.1/include/openssl/engine.h:327:25: note: expanded from macro 'ENGINE_load_dynamic'
    OPENSSL_init_crypto(OPENSSL_INIT_ENGINE_DYNAMIC, NULL)
                        ^
/opt/homebrew/opt/openssl@1.1/include/openssl/crypto.h:366:46: note: expanded from macro 'OPENSSL_INIT_ENGINE_DYNAMIC'
# define OPENSSL_INIT_ENGINE_DYNAMIC         0x00000400L
                                             ^
conftest.c:16:13: error: expected ')'
/opt/homebrew/opt/openssl@1.1/include/openssl/engine.h:327:25: note: expanded from macro 'ENGINE_load_dynamic'
    OPENSSL_init_crypto(OPENSSL_INIT_ENGINE_DYNAMIC, NULL)
                        ^
/opt/homebrew/opt/openssl@1.1/include/openssl/crypto.h:366:46: note: expanded from macro 'OPENSSL_INIT_ENGINE_DYNAMIC'
# define OPENSSL_INIT_ENGINE_DYNAMIC         0x00000400L
                                             ^
conftest.c:16:13: note: to match this '('
/opt/homebrew/opt/openssl@1.1/include/openssl/engine.h:327:24: note: expanded from macro 'ENGINE_load_dynamic'
    OPENSSL_init_crypto(OPENSSL_INIT_ENGINE_DYNAMIC, NULL)
                       ^
conftest.c:16:13: error: conflicting types for 'OPENSSL_init_crypto'
extern void ENGINE_load_dynamic();
            ^
/opt/homebrew/opt/openssl@1.1/include/openssl/engine.h:327:5: note: expanded from macro 'ENGINE_load_dynamic'
    OPENSSL_init_crypto(OPENSSL_INIT_ENGINE_DYNAMIC, NULL)
    ^
/opt/homebrew/opt/openssl@1.1/include/openssl/crypto.h:388:5: note: previous declaration is here
int OPENSSL_init_crypto(uint64_t opts, const OPENSSL_INIT_SETTINGS *settings);
    ^
3 errors generated.
checked program was:
/* begin */
 1: #include "ruby.h"
 2: 
 3: #include <openssl/engine.h>
 4: 
 5: /*top*/
 6: extern int t(void);
 7: int main(int argc, char **argv)
 8: {
 9:   if (argc > 1000000) {
10:     int (* volatile tp)(void)=(int (*)(void))&t;
11:     printf("%d", (*tp)());
12:   }
13: 
14:   return !!argv[argc];
15: }
16: extern void ENGINE_load_dynamic();
17: int t(void) { ENGINE_load_dynamic(); return 0; }
/* end */

--------------------

have_macro: checking for ENGINE_load_dynamic in openssl/engine.h... -------------------- yes

"gcc -I../../.ext/include/arm64-darwin20 -I../.././include -I../.././ext/openssl  -I/opt/homebrew/opt/openssl@1.1/include -I/opt/homebrew/opt/readline/include -I/opt/homebrew/opt/libyaml/include -I/opt/homebrew/opt/gdbm/include -D_XOPEN_SOURCE -D_DARWIN_C_SOURCE -D_DARWIN_UNLIMITED_SELECT -D_REENTRANT   -g -O2 -pipe -m64  -c conftest.c"
checked program was:
/* begin */
1: #include "ruby.h"
2: 
3: #include <openssl/engine.h>
4: /*top*/
5: #ifndef ENGINE_load_dynamic
6: # error
7: |:/ === ENGINE_load_dynamic undefined === /:|
8: #endif
/* end */

--------------------

have_func: checking for ENGINE_load_4758cca() in openssl/engine.h with -Werror=deprecated-declarations... -------------------- no

"gcc -o conftest -I../../.ext/include/arm64-darwin20 -I../.././include -I../.././ext/openssl  -I/opt/homebrew/opt/openssl@1.1/include -I/opt/homebrew/opt/readline/include -I/opt/homebrew/opt/libyaml/include -I/opt/homebrew/opt/gdbm/include -D_XOPEN_SOURCE -D_DARWIN_C_SOURCE -D_DARWIN_UNLIMITED_SELECT -D_REENTRANT   -g -O2 -pipe conftest.c  -L. -L../.. -L/opt/homebrew/opt/openssl@1.1/lib -L/opt/homebrew/opt/readline/lib -L/opt/homebrew/opt/libyaml/lib -L/opt/homebrew/opt/gdbm/lib -L. -fstack-protector-strong -L/opt/homebrew/opt/openssl@1.1/lib -L/opt/homebrew/opt/readline/lib -L/opt/homebrew/opt/libyaml/lib -L/opt/homebrew/opt/gdbm/lib  -m64  -lssl -lcrypto  -lruby.2.7-static -framework Security -framework Foundation -lpthread -ldl -lobjc -Werror=deprecated-declarations -lssl -lcrypto   "
conftest.c:16:57: error: use of undeclared identifier 'ENGINE_load_4758cca'
int t(void) { void ((*volatile p)()); p = (void ((*)()))ENGINE_load_4758cca; return !p; }
                                                        ^
1 error generated.
checked program was:
/* begin */
 1: #include "ruby.h"
 2: 
 3: #include <openssl/engine.h>
 4: 
 5: /*top*/
 6: extern int t(void);
 7: int main(int argc, char **argv)
 8: {
 9:   if (argc > 1000000) {
10:     int (* volatile tp)(void)=(int (*)(void))&t;
11:     printf("%d", (*tp)());
12:   }
13: 
14:   return !!argv[argc];
15: }
16: int t(void) { void ((*volatile p)()); p = (void ((*)()))ENGINE_load_4758cca; return !p; }
/* end */

"gcc -o conftest -I../../.ext/include/arm64-darwin20 -I../.././include -I../.././ext/openssl  -I/opt/homebrew/opt/openssl@1.1/include -I/opt/homebrew/opt/readline/include -I/opt/homebrew/opt/libyaml/include -I/opt/homebrew/opt/gdbm/include -D_XOPEN_SOURCE -D_DARWIN_C_SOURCE -D_DARWIN_UNLIMITED_SELECT -D_REENTRANT   -g -O2 -pipe conftest.c  -L. -L../.. -L/opt/homebrew/opt/openssl@1.1/lib -L/opt/homebrew/opt/readline/lib -L/opt/homebrew/opt/libyaml/lib -L/opt/homebrew/opt/gdbm/lib -L. -fstack-protector-strong -L/opt/homebrew/opt/openssl@1.1/lib -L/opt/homebrew/opt/readline/lib -L/opt/homebrew/opt/libyaml/lib -L/opt/homebrew/opt/gdbm/lib  -m64  -lssl -lcrypto  -lruby.2.7-static -framework Security -framework Foundation -lpthread -ldl -lobjc -Werror=deprecated-declarations -lssl -lcrypto   "
Undefined symbols for architecture arm64:
  "_ENGINE_load_4758cca", referenced from:
      _t in conftest-b796a7.o
ld: symbol(s) not found for architecture arm64
clang: error: linker command failed with exit code 1 (use -v to see invocation)
checked program was:
/* begin */
 1: #include "ruby.h"
 2: 
 3: #include <openssl/engine.h>
 4: 
 5: /*top*/
 6: extern int t(void);
 7: int main(int argc, char **argv)
 8: {
 9:   if (argc > 1000000) {
10:     int (* volatile tp)(void)=(int (*)(void))&t;
11:     printf("%d", (*tp)());
12:   }
13: 
14:   return !!argv[argc];
15: }
16: extern void ENGINE_load_4758cca();
17: int t(void) { ENGINE_load_4758cca(); return 0; }
/* end */

--------------------

have_macro: checking for ENGINE_load_4758cca in openssl/engine.h... -------------------- no

"gcc -I../../.ext/include/arm64-darwin20 -I../.././include -I../.././ext/openssl  -I/opt/homebrew/opt/openssl@1.1/include -I/opt/homebrew/opt/readline/include -I/opt/homebrew/opt/libyaml/include -I/opt/homebrew/opt/gdbm/include -D_XOPEN_SOURCE -D_DARWIN_C_SOURCE -D_DARWIN_UNLIMITED_SELECT -D_REENTRANT   -g -O2 -pipe -m64  -c conftest.c"
conftest.c:6:3: error: 
# error
  ^
conftest.c:7:1: error: expected identifier or '('
|:/ === ENGINE_load_4758cca undefined === /:|
^
2 errors generated.
checked program was:
/* begin */
1: #include "ruby.h"
2: 
3: #include <openssl/engine.h>
4: /*top*/
5: #ifndef ENGINE_load_4758cca
6: # error
7: |:/ === ENGINE_load_4758cca undefined === /:|
8: #endif
/* end */

--------------------

have_func: checking for ENGINE_load_aep() in openssl/engine.h with -Werror=deprecated-declarations... -------------------- no

"gcc -o conftest -I../../.ext/include/arm64-darwin20 -I../.././include -I../.././ext/openssl  -I/opt/homebrew/opt/openssl@1.1/include -I/opt/homebrew/opt/readline/include -I/opt/homebrew/opt/libyaml/include -I/opt/homebrew/opt/gdbm/include -D_XOPEN_SOURCE -D_DARWIN_C_SOURCE -D_DARWIN_UNLIMITED_SELECT -D_REENTRANT   -g -O2 -pipe conftest.c  -L. -L../.. -L/opt/homebrew/opt/openssl@1.1/lib -L/opt/homebrew/opt/readline/lib -L/opt/homebrew/opt/libyaml/lib -L/opt/homebrew/opt/gdbm/lib -L. -fstack-protector-strong -L/opt/homebrew/opt/openssl@1.1/lib -L/opt/homebrew/opt/readline/lib -L/opt/homebrew/opt/libyaml/lib -L/opt/homebrew/opt/gdbm/lib  -m64  -lssl -lcrypto  -lruby.2.7-static -framework Security -framework Foundation -lpthread -ldl -lobjc -Werror=deprecated-declarations -lssl -lcrypto   "
conftest.c:16:57: error: use of undeclared identifier 'ENGINE_load_aep'
int t(void) { void ((*volatile p)()); p = (void ((*)()))ENGINE_load_aep; return !p; }
                                                        ^
1 error generated.
checked program was:
/* begin */
 1: #include "ruby.h"
 2: 
 3: #include <openssl/engine.h>
 4: 
 5: /*top*/
 6: extern int t(void);
 7: int main(int argc, char **argv)
 8: {
 9:   if (argc > 1000000) {
10:     int (* volatile tp)(void)=(int (*)(void))&t;
11:     printf("%d", (*tp)());
12:   }
13: 
14:   return !!argv[argc];
15: }
16: int t(void) { void ((*volatile p)()); p = (void ((*)()))ENGINE_load_aep; return !p; }
/* end */

"gcc -o conftest -I../../.ext/include/arm64-darwin20 -I../.././include -I../.././ext/openssl  -I/opt/homebrew/opt/openssl@1.1/include -I/opt/homebrew/opt/readline/include -I/opt/homebrew/opt/libyaml/include -I/opt/homebrew/opt/gdbm/include -D_XOPEN_SOURCE -D_DARWIN_C_SOURCE -D_DARWIN_UNLIMITED_SELECT -D_REENTRANT   -g -O2 -pipe conftest.c  -L. -L../.. -L/opt/homebrew/opt/openssl@1.1/lib -L/opt/homebrew/opt/readline/lib -L/opt/homebrew/opt/libyaml/lib -L/opt/homebrew/opt/gdbm/lib -L. -fstack-protector-strong -L/opt/homebrew/opt/openssl@1.1/lib -L/opt/homebrew/opt/readline/lib -L/opt/homebrew/opt/libyaml/lib -L/opt/homebrew/opt/gdbm/lib  -m64  -lssl -lcrypto  -lruby.2.7-static -framework Security -framework Foundation -lpthread -ldl -lobjc -Werror=deprecated-declarations -lssl -lcrypto   "
Undefined symbols for architecture arm64:
  "_ENGINE_load_aep", referenced from:
      _t in conftest-b04646.o
ld: symbol(s) not found for architecture arm64
clang: error: linker command failed with exit code 1 (use -v to see invocation)
checked program was:
/* begin */
 1: #include "ruby.h"
 2: 
 3: #include <openssl/engine.h>
 4: 
 5: /*top*/
 6: extern int t(void);
 7: int main(int argc, char **argv)
 8: {
 9:   if (argc > 1000000) {
10:     int (* volatile tp)(void)=(int (*)(void))&t;
11:     printf("%d", (*tp)());
12:   }
13: 
14:   return !!argv[argc];
15: }
16: extern void ENGINE_load_aep();
17: int t(void) { ENGINE_load_aep(); return 0; }
/* end */

--------------------

have_macro: checking for ENGINE_load_aep in openssl/engine.h... -------------------- no

"gcc -I../../.ext/include/arm64-darwin20 -I../.././include -I../.././ext/openssl  -I/opt/homebrew/opt/openssl@1.1/include -I/opt/homebrew/opt/readline/include -I/opt/homebrew/opt/libyaml/include -I/opt/homebrew/opt/gdbm/include -D_XOPEN_SOURCE -D_DARWIN_C_SOURCE -D_DARWIN_UNLIMITED_SELECT -D_REENTRANT   -g -O2 -pipe -m64  -c conftest.c"
conftest.c:6:3: error: 
# error
  ^
conftest.c:7:1: error: expected identifier or '('
|:/ === ENGINE_load_aep undefined === /:|
^
2 errors generated.
checked program was:
/* begin */
1: #include "ruby.h"
2: 
3: #include <openssl/engine.h>
4: /*top*/
5: #ifndef ENGINE_load_aep
6: # error
7: |:/ === ENGINE_load_aep undefined === /:|
8: #endif
/* end */

--------------------

have_func: checking for ENGINE_load_atalla() in openssl/engine.h with -Werror=deprecated-declarations... -------------------- no

"gcc -o conftest -I../../.ext/include/arm64-darwin20 -I../.././include -I../.././ext/openssl  -I/opt/homebrew/opt/openssl@1.1/include -I/opt/homebrew/opt/readline/include -I/opt/homebrew/opt/libyaml/include -I/opt/homebrew/opt/gdbm/include -D_XOPEN_SOURCE -D_DARWIN_C_SOURCE -D_DARWIN_UNLIMITED_SELECT -D_REENTRANT   -g -O2 -pipe conftest.c  -L. -L../.. -L/opt/homebrew/opt/openssl@1.1/lib -L/opt/homebrew/opt/readline/lib -L/opt/homebrew/opt/libyaml/lib -L/opt/homebrew/opt/gdbm/lib -L. -fstack-protector-strong -L/opt/homebrew/opt/openssl@1.1/lib -L/opt/homebrew/opt/readline/lib -L/opt/homebrew/opt/libyaml/lib -L/opt/homebrew/opt/gdbm/lib  -m64  -lssl -lcrypto  -lruby.2.7-static -framework Security -framework Foundation -lpthread -ldl -lobjc -Werror=deprecated-declarations -lssl -lcrypto   "
conftest.c:16:57: error: use of undeclared identifier 'ENGINE_load_atalla'
int t(void) { void ((*volatile p)()); p = (void ((*)()))ENGINE_load_atalla; return !p; }
                                                        ^
1 error generated.
checked program was:
/* begin */
 1: #include "ruby.h"
 2: 
 3: #include <openssl/engine.h>
 4: 
 5: /*top*/
 6: extern int t(void);
 7: int main(int argc, char **argv)
 8: {
 9:   if (argc > 1000000) {
10:     int (* volatile tp)(void)=(int (*)(void))&t;
11:     printf("%d", (*tp)());
12:   }
13: 
14:   return !!argv[argc];
15: }
16: int t(void) { void ((*volatile p)()); p = (void ((*)()))ENGINE_load_atalla; return !p; }
/* end */

"gcc -o conftest -I../../.ext/include/arm64-darwin20 -I../.././include -I../.././ext/openssl  -I/opt/homebrew/opt/openssl@1.1/include -I/opt/homebrew/opt/readline/include -I/opt/homebrew/opt/libyaml/include -I/opt/homebrew/opt/gdbm/include -D_XOPEN_SOURCE -D_DARWIN_C_SOURCE -D_DARWIN_UNLIMITED_SELECT -D_REENTRANT   -g -O2 -pipe conftest.c  -L. -L../.. -L/opt/homebrew/opt/openssl@1.1/lib -L/opt/homebrew/opt/readline/lib -L/opt/homebrew/opt/libyaml/lib -L/opt/homebrew/opt/gdbm/lib -L. -fstack-protector-strong -L/opt/homebrew/opt/openssl@1.1/lib -L/opt/homebrew/opt/readline/lib -L/opt/homebrew/opt/libyaml/lib -L/opt/homebrew/opt/gdbm/lib  -m64  -lssl -lcrypto  -lruby.2.7-static -framework Security -framework Foundation -lpthread -ldl -lobjc -Werror=deprecated-declarations -lssl -lcrypto   "
Undefined symbols for architecture arm64:
  "_ENGINE_load_atalla", referenced from:
      _t in conftest-95ed9b.o
ld: symbol(s) not found for architecture arm64
clang: error: linker command failed with exit code 1 (use -v to see invocation)
checked program was:
/* begin */
 1: #include "ruby.h"
 2: 
 3: #include <openssl/engine.h>
 4: 
 5: /*top*/
 6: extern int t(void);
 7: int main(int argc, char **argv)
 8: {
 9:   if (argc > 1000000) {
10:     int (* volatile tp)(void)=(int (*)(void))&t;
11:     printf("%d", (*tp)());
12:   }
13: 
14:   return !!argv[argc];
15: }
16: extern void ENGINE_load_atalla();
17: int t(void) { ENGINE_load_atalla(); return 0; }
/* end */

--------------------

have_macro: checking for ENGINE_load_atalla in openssl/engine.h... -------------------- no

"gcc -I../../.ext/include/arm64-darwin20 -I../.././include -I../.././ext/openssl  -I/opt/homebrew/opt/openssl@1.1/include -I/opt/homebrew/opt/readline/include -I/opt/homebrew/opt/libyaml/include -I/opt/homebrew/opt/gdbm/include -D_XOPEN_SOURCE -D_DARWIN_C_SOURCE -D_DARWIN_UNLIMITED_SELECT -D_REENTRANT   -g -O2 -pipe -m64  -c conftest.c"
conftest.c:6:3: error: 
# error
  ^
conftest.c:7:1: error: expected identifier or '('
|:/ === ENGINE_load_atalla undefined === /:|
^
2 errors generated.
checked program was:
/* begin */
1: #include "ruby.h"
2: 
3: #include <openssl/engine.h>
4: /*top*/
5: #ifndef ENGINE_load_atalla
6: # error
7: |:/ === ENGINE_load_atalla undefined === /:|
8: #endif
/* end */

--------------------

have_func: checking for ENGINE_load_chil() in openssl/engine.h with -Werror=deprecated-declarations... -------------------- no

"gcc -o conftest -I../../.ext/include/arm64-darwin20 -I../.././include -I../.././ext/openssl  -I/opt/homebrew/opt/openssl@1.1/include -I/opt/homebrew/opt/readline/include -I/opt/homebrew/opt/libyaml/include -I/opt/homebrew/opt/gdbm/include -D_XOPEN_SOURCE -D_DARWIN_C_SOURCE -D_DARWIN_UNLIMITED_SELECT -D_REENTRANT   -g -O2 -pipe conftest.c  -L. -L../.. -L/opt/homebrew/opt/openssl@1.1/lib -L/opt/homebrew/opt/readline/lib -L/opt/homebrew/opt/libyaml/lib -L/opt/homebrew/opt/gdbm/lib -L. -fstack-protector-strong -L/opt/homebrew/opt/openssl@1.1/lib -L/opt/homebrew/opt/readline/lib -L/opt/homebrew/opt/libyaml/lib -L/opt/homebrew/opt/gdbm/lib  -m64  -lssl -lcrypto  -lruby.2.7-static -framework Security -framework Foundation -lpthread -ldl -lobjc -Werror=deprecated-declarations -lssl -lcrypto   "
conftest.c:16:57: error: use of undeclared identifier 'ENGINE_load_chil'
int t(void) { void ((*volatile p)()); p = (void ((*)()))ENGINE_load_chil; return !p; }
                                                        ^
1 error generated.
checked program was:
/* begin */
 1: #include "ruby.h"
 2: 
 3: #include <openssl/engine.h>
 4: 
 5: /*top*/
 6: extern int t(void);
 7: int main(int argc, char **argv)
 8: {
 9:   if (argc > 1000000) {
10:     int (* volatile tp)(void)=(int (*)(void))&t;
11:     printf("%d", (*tp)());
12:   }
13: 
14:   return !!argv[argc];
15: }
16: int t(void) { void ((*volatile p)()); p = (void ((*)()))ENGINE_load_chil; return !p; }
/* end */

"gcc -o conftest -I../../.ext/include/arm64-darwin20 -I../.././include -I../.././ext/openssl  -I/opt/homebrew/opt/openssl@1.1/include -I/opt/homebrew/opt/readline/include -I/opt/homebrew/opt/libyaml/include -I/opt/homebrew/opt/gdbm/include -D_XOPEN_SOURCE -D_DARWIN_C_SOURCE -D_DARWIN_UNLIMITED_SELECT -D_REENTRANT   -g -O2 -pipe conftest.c  -L. -L../.. -L/opt/homebrew/opt/openssl@1.1/lib -L/opt/homebrew/opt/readline/lib -L/opt/homebrew/opt/libyaml/lib -L/opt/homebrew/opt/gdbm/lib -L. -fstack-protector-strong -L/opt/homebrew/opt/openssl@1.1/lib -L/opt/homebrew/opt/readline/lib -L/opt/homebrew/opt/libyaml/lib -L/opt/homebrew/opt/gdbm/lib  -m64  -lssl -lcrypto  -lruby.2.7-static -framework Security -framework Foundation -lpthread -ldl -lobjc -Werror=deprecated-declarations -lssl -lcrypto   "
Undefined symbols for architecture arm64:
  "_ENGINE_load_chil", referenced from:
      _t in conftest-5f2513.o
ld: symbol(s) not found for architecture arm64
clang: error: linker command failed with exit code 1 (use -v to see invocation)
checked program was:
/* begin */
 1: #include "ruby.h"
 2: 
 3: #include <openssl/engine.h>
 4: 
 5: /*top*/
 6: extern int t(void);
 7: int main(int argc, char **argv)
 8: {
 9:   if (argc > 1000000) {
10:     int (* volatile tp)(void)=(int (*)(void))&t;
11:     printf("%d", (*tp)());
12:   }
13: 
14:   return !!argv[argc];
15: }
16: extern void ENGINE_load_chil();
17: int t(void) { ENGINE_load_chil(); return 0; }
/* end */

--------------------

have_macro: checking for ENGINE_load_chil in openssl/engine.h... -------------------- no

"gcc -I../../.ext/include/arm64-darwin20 -I../.././include -I../.././ext/openssl  -I/opt/homebrew/opt/openssl@1.1/include -I/opt/homebrew/opt/readline/include -I/opt/homebrew/opt/libyaml/include -I/opt/homebrew/opt/gdbm/include -D_XOPEN_SOURCE -D_DARWIN_C_SOURCE -D_DARWIN_UNLIMITED_SELECT -D_REENTRANT   -g -O2 -pipe -m64  -c conftest.c"
conftest.c:6:3: error: 
# error
  ^
conftest.c:7:1: error: expected identifier or '('
|:/ === ENGINE_load_chil undefined === /:|
^
2 errors generated.
checked program was:
/* begin */
1: #include "ruby.h"
2: 
3: #include <openssl/engine.h>
4: /*top*/
5: #ifndef ENGINE_load_chil
6: # error
7: |:/ === ENGINE_load_chil undefined === /:|
8: #endif
/* end */

--------------------

have_func: checking for ENGINE_load_cswift() in openssl/engine.h with -Werror=deprecated-declarations... -------------------- no

"gcc -o conftest -I../../.ext/include/arm64-darwin20 -I../.././include -I../.././ext/openssl  -I/opt/homebrew/opt/openssl@1.1/include -I/opt/homebrew/opt/readline/include -I/opt/homebrew/opt/libyaml/include -I/opt/homebrew/opt/gdbm/include -D_XOPEN_SOURCE -D_DARWIN_C_SOURCE -D_DARWIN_UNLIMITED_SELECT -D_REENTRANT   -g -O2 -pipe conftest.c  -L. -L../.. -L/opt/homebrew/opt/openssl@1.1/lib -L/opt/homebrew/opt/readline/lib -L/opt/homebrew/opt/libyaml/lib -L/opt/homebrew/opt/gdbm/lib -L. -fstack-protector-strong -L/opt/homebrew/opt/openssl@1.1/lib -L/opt/homebrew/opt/readline/lib -L/opt/homebrew/opt/libyaml/lib -L/opt/homebrew/opt/gdbm/lib  -m64  -lssl -lcrypto  -lruby.2.7-static -framework Security -framework Foundation -lpthread -ldl -lobjc -Werror=deprecated-declarations -lssl -lcrypto   "
conftest.c:16:57: error: use of undeclared identifier 'ENGINE_load_cswift'
int t(void) { void ((*volatile p)()); p = (void ((*)()))ENGINE_load_cswift; return !p; }
                                                        ^
1 error generated.
checked program was:
/* begin */
 1: #include "ruby.h"
 2: 
 3: #include <openssl/engine.h>
 4: 
 5: /*top*/
 6: extern int t(void);
 7: int main(int argc, char **argv)
 8: {
 9:   if (argc > 1000000) {
10:     int (* volatile tp)(void)=(int (*)(void))&t;
11:     printf("%d", (*tp)());
12:   }
13: 
14:   return !!argv[argc];
15: }
16: int t(void) { void ((*volatile p)()); p = (void ((*)()))ENGINE_load_cswift; return !p; }
/* end */

"gcc -o conftest -I../../.ext/include/arm64-darwin20 -I../.././include -I../.././ext/openssl  -I/opt/homebrew/opt/openssl@1.1/include -I/opt/homebrew/opt/readline/include -I/opt/homebrew/opt/libyaml/include -I/opt/homebrew/opt/gdbm/include -D_XOPEN_SOURCE -D_DARWIN_C_SOURCE -D_DARWIN_UNLIMITED_SELECT -D_REENTRANT   -g -O2 -pipe conftest.c  -L. -L../.. -L/opt/homebrew/opt/openssl@1.1/lib -L/opt/homebrew/opt/readline/lib -L/opt/homebrew/opt/libyaml/lib -L/opt/homebrew/opt/gdbm/lib -L. -fstack-protector-strong -L/opt/homebrew/opt/openssl@1.1/lib -L/opt/homebrew/opt/readline/lib -L/opt/homebrew/opt/libyaml/lib -L/opt/homebrew/opt/gdbm/lib  -m64  -lssl -lcrypto  -lruby.2.7-static -framework Security -framework Foundation -lpthread -ldl -lobjc -Werror=deprecated-declarations -lssl -lcrypto   "
Undefined symbols for architecture arm64:
  "_ENGINE_load_cswift", referenced from:
      _t in conftest-afbdc3.o
ld: symbol(s) not found for architecture arm64
clang: error: linker command failed with exit code 1 (use -v to see invocation)
checked program was:
/* begin */
 1: #include "ruby.h"
 2: 
 3: #include <openssl/engine.h>
 4: 
 5: /*top*/
 6: extern int t(void);
 7: int main(int argc, char **argv)
 8: {
 9:   if (argc > 1000000) {
10:     int (* volatile tp)(void)=(int (*)(void))&t;
11:     printf("%d", (*tp)());
12:   }
13: 
14:   return !!argv[argc];
15: }
16: extern void ENGINE_load_cswift();
17: int t(void) { ENGINE_load_cswift(); return 0; }
/* end */

--------------------

have_macro: checking for ENGINE_load_cswift in openssl/engine.h... -------------------- no

"gcc -I../../.ext/include/arm64-darwin20 -I../.././include -I../.././ext/openssl  -I/opt/homebrew/opt/openssl@1.1/include -I/opt/homebrew/opt/readline/include -I/opt/homebrew/opt/libyaml/include -I/opt/homebrew/opt/gdbm/include -D_XOPEN_SOURCE -D_DARWIN_C_SOURCE -D_DARWIN_UNLIMITED_SELECT -D_REENTRANT   -g -O2 -pipe -m64  -c conftest.c"
conftest.c:6:3: error: 
# error
  ^
conftest.c:7:1: error: expected identifier or '('
|:/ === ENGINE_load_cswift undefined === /:|
^
2 errors generated.
checked program was:
/* begin */
1: #include "ruby.h"
2: 
3: #include <openssl/engine.h>
4: /*top*/
5: #ifndef ENGINE_load_cswift
6: # error
7: |:/ === ENGINE_load_cswift undefined === /:|
8: #endif
/* end */

--------------------

have_func: checking for ENGINE_load_nuron() in openssl/engine.h with -Werror=deprecated-declarations... -------------------- no

"gcc -o conftest -I../../.ext/include/arm64-darwin20 -I../.././include -I../.././ext/openssl  -I/opt/homebrew/opt/openssl@1.1/include -I/opt/homebrew/opt/readline/include -I/opt/homebrew/opt/libyaml/include -I/opt/homebrew/opt/gdbm/include -D_XOPEN_SOURCE -D_DARWIN_C_SOURCE -D_DARWIN_UNLIMITED_SELECT -D_REENTRANT   -g -O2 -pipe conftest.c  -L. -L../.. -L/opt/homebrew/opt/openssl@1.1/lib -L/opt/homebrew/opt/readline/lib -L/opt/homebrew/opt/libyaml/lib -L/opt/homebrew/opt/gdbm/lib -L. -fstack-protector-strong -L/opt/homebrew/opt/openssl@1.1/lib -L/opt/homebrew/opt/readline/lib -L/opt/homebrew/opt/libyaml/lib -L/opt/homebrew/opt/gdbm/lib  -m64  -lssl -lcrypto  -lruby.2.7-static -framework Security -framework Foundation -lpthread -ldl -lobjc -Werror=deprecated-declarations -lssl -lcrypto   "
conftest.c:16:57: error: use of undeclared identifier 'ENGINE_load_nuron'
int t(void) { void ((*volatile p)()); p = (void ((*)()))ENGINE_load_nuron; return !p; }
                                                        ^
1 error generated.
checked program was:
/* begin */
 1: #include "ruby.h"
 2: 
 3: #include <openssl/engine.h>
 4: 
 5: /*top*/
 6: extern int t(void);
 7: int main(int argc, char **argv)
 8: {
 9:   if (argc > 1000000) {
10:     int (* volatile tp)(void)=(int (*)(void))&t;
11:     printf("%d", (*tp)());
12:   }
13: 
14:   return !!argv[argc];
15: }
16: int t(void) { void ((*volatile p)()); p = (void ((*)()))ENGINE_load_nuron; return !p; }
/* end */

"gcc -o conftest -I../../.ext/include/arm64-darwin20 -I../.././include -I../.././ext/openssl  -I/opt/homebrew/opt/openssl@1.1/include -I/opt/homebrew/opt/readline/include -I/opt/homebrew/opt/libyaml/include -I/opt/homebrew/opt/gdbm/include -D_XOPEN_SOURCE -D_DARWIN_C_SOURCE -D_DARWIN_UNLIMITED_SELECT -D_REENTRANT   -g -O2 -pipe conftest.c  -L. -L../.. -L/opt/homebrew/opt/openssl@1.1/lib -L/opt/homebrew/opt/readline/lib -L/opt/homebrew/opt/libyaml/lib -L/opt/homebrew/opt/gdbm/lib -L. -fstack-protector-strong -L/opt/homebrew/opt/openssl@1.1/lib -L/opt/homebrew/opt/readline/lib -L/opt/homebrew/opt/libyaml/lib -L/opt/homebrew/opt/gdbm/lib  -m64  -lssl -lcrypto  -lruby.2.7-static -framework Security -framework Foundation -lpthread -ldl -lobjc -Werror=deprecated-declarations -lssl -lcrypto   "
Undefined symbols for architecture arm64:
  "_ENGINE_load_nuron", referenced from:
      _t in conftest-f03e0d.o
ld: symbol(s) not found for architecture arm64
clang: error: linker command failed with exit code 1 (use -v to see invocation)
checked program was:
/* begin */
 1: #include "ruby.h"
 2: 
 3: #include <openssl/engine.h>
 4: 
 5: /*top*/
 6: extern int t(void);
 7: int main(int argc, char **argv)
 8: {
 9:   if (argc > 1000000) {
10:     int (* volatile tp)(void)=(int (*)(void))&t;
11:     printf("%d", (*tp)());
12:   }
13: 
14:   return !!argv[argc];
15: }
16: extern void ENGINE_load_nuron();
17: int t(void) { ENGINE_load_nuron(); return 0; }
/* end */

--------------------

have_macro: checking for ENGINE_load_nuron in openssl/engine.h... -------------------- no

"gcc -I../../.ext/include/arm64-darwin20 -I../.././include -I../.././ext/openssl  -I/opt/homebrew/opt/openssl@1.1/include -I/opt/homebrew/opt/readline/include -I/opt/homebrew/opt/libyaml/include -I/opt/homebrew/opt/gdbm/include -D_XOPEN_SOURCE -D_DARWIN_C_SOURCE -D_DARWIN_UNLIMITED_SELECT -D_REENTRANT   -g -O2 -pipe -m64  -c conftest.c"
conftest.c:6:3: error: 
# error
  ^
conftest.c:7:1: error: expected identifier or '('
|:/ === ENGINE_load_nuron undefined === /:|
^
2 errors generated.
checked program was:
/* begin */
1: #include "ruby.h"
2: 
3: #include <openssl/engine.h>
4: /*top*/
5: #ifndef ENGINE_load_nuron
6: # error
7: |:/ === ENGINE_load_nuron undefined === /:|
8: #endif
/* end */

--------------------

have_func: checking for ENGINE_load_sureware() in openssl/engine.h with -Werror=deprecated-declarations... -------------------- no

"gcc -o conftest -I../../.ext/include/arm64-darwin20 -I../.././include -I../.././ext/openssl  -I/opt/homebrew/opt/openssl@1.1/include -I/opt/homebrew/opt/readline/include -I/opt/homebrew/opt/libyaml/include -I/opt/homebrew/opt/gdbm/include -D_XOPEN_SOURCE -D_DARWIN_C_SOURCE -D_DARWIN_UNLIMITED_SELECT -D_REENTRANT   -g -O2 -pipe conftest.c  -L. -L../.. -L/opt/homebrew/opt/openssl@1.1/lib -L/opt/homebrew/opt/readline/lib -L/opt/homebrew/opt/libyaml/lib -L/opt/homebrew/opt/gdbm/lib -L. -fstack-protector-strong -L/opt/homebrew/opt/openssl@1.1/lib -L/opt/homebrew/opt/readline/lib -L/opt/homebrew/opt/libyaml/lib -L/opt/homebrew/opt/gdbm/lib  -m64  -lssl -lcrypto  -lruby.2.7-static -framework Security -framework Foundation -lpthread -ldl -lobjc -Werror=deprecated-declarations -lssl -lcrypto   "
conftest.c:16:57: error: use of undeclared identifier 'ENGINE_load_sureware'
int t(void) { void ((*volatile p)()); p = (void ((*)()))ENGINE_load_sureware; return !p; }
                                                        ^
1 error generated.
checked program was:
/* begin */
 1: #include "ruby.h"
 2: 
 3: #include <openssl/engine.h>
 4: 
 5: /*top*/
 6: extern int t(void);
 7: int main(int argc, char **argv)
 8: {
 9:   if (argc > 1000000) {
10:     int (* volatile tp)(void)=(int (*)(void))&t;
11:     printf("%d", (*tp)());
12:   }
13: 
14:   return !!argv[argc];
15: }
16: int t(void) { void ((*volatile p)()); p = (void ((*)()))ENGINE_load_sureware; return !p; }
/* end */

"gcc -o conftest -I../../.ext/include/arm64-darwin20 -I../.././include -I../.././ext/openssl  -I/opt/homebrew/opt/openssl@1.1/include -I/opt/homebrew/opt/readline/include -I/opt/homebrew/opt/libyaml/include -I/opt/homebrew/opt/gdbm/include -D_XOPEN_SOURCE -D_DARWIN_C_SOURCE -D_DARWIN_UNLIMITED_SELECT -D_REENTRANT   -g -O2 -pipe conftest.c  -L. -L../.. -L/opt/homebrew/opt/openssl@1.1/lib -L/opt/homebrew/opt/readline/lib -L/opt/homebrew/opt/libyaml/lib -L/opt/homebrew/opt/gdbm/lib -L. -fstack-protector-strong -L/opt/homebrew/opt/openssl@1.1/lib -L/opt/homebrew/opt/readline/lib -L/opt/homebrew/opt/libyaml/lib -L/opt/homebrew/opt/gdbm/lib  -m64  -lssl -lcrypto  -lruby.2.7-static -framework Security -framework Foundation -lpthread -ldl -lobjc -Werror=deprecated-declarations -lssl -lcrypto   "
Undefined symbols for architecture arm64:
  "_ENGINE_load_sureware", referenced from:
      _t in conftest-b5ca21.o
ld: symbol(s) not found for architecture arm64
clang: error: linker command failed with exit code 1 (use -v to see invocation)
checked program was:
/* begin */
 1: #include "ruby.h"
 2: 
 3: #include <openssl/engine.h>
 4: 
 5: /*top*/
 6: extern int t(void);
 7: int main(int argc, char **argv)
 8: {
 9:   if (argc > 1000000) {
10:     int (* volatile tp)(void)=(int (*)(void))&t;
11:     printf("%d", (*tp)());
12:   }
13: 
14:   return !!argv[argc];
15: }
16: extern void ENGINE_load_sureware();
17: int t(void) { ENGINE_load_sureware(); return 0; }
/* end */

--------------------

have_macro: checking for ENGINE_load_sureware in openssl/engine.h... -------------------- no

"gcc -I../../.ext/include/arm64-darwin20 -I../.././include -I../.././ext/openssl  -I/opt/homebrew/opt/openssl@1.1/include -I/opt/homebrew/opt/readline/include -I/opt/homebrew/opt/libyaml/include -I/opt/homebrew/opt/gdbm/include -D_XOPEN_SOURCE -D_DARWIN_C_SOURCE -D_DARWIN_UNLIMITED_SELECT -D_REENTRANT   -g -O2 -pipe -m64  -c conftest.c"
conftest.c:6:3: error: 
# error
  ^
conftest.c:7:1: error: expected identifier or '('
|:/ === ENGINE_load_sureware undefined === /:|
^
2 errors generated.
checked program was:
/* begin */
1: #include "ruby.h"
2: 
3: #include <openssl/engine.h>
4: /*top*/
5: #ifndef ENGINE_load_sureware
6: # error
7: |:/ === ENGINE_load_sureware undefined === /:|
8: #endif
/* end */

--------------------

have_func: checking for ENGINE_load_ubsec() in openssl/engine.h with -Werror=deprecated-declarations... -------------------- no

"gcc -o conftest -I../../.ext/include/arm64-darwin20 -I../.././include -I../.././ext/openssl  -I/opt/homebrew/opt/openssl@1.1/include -I/opt/homebrew/opt/readline/include -I/opt/homebrew/opt/libyaml/include -I/opt/homebrew/opt/gdbm/include -D_XOPEN_SOURCE -D_DARWIN_C_SOURCE -D_DARWIN_UNLIMITED_SELECT -D_REENTRANT   -g -O2 -pipe conftest.c  -L. -L../.. -L/opt/homebrew/opt/openssl@1.1/lib -L/opt/homebrew/opt/readline/lib -L/opt/homebrew/opt/libyaml/lib -L/opt/homebrew/opt/gdbm/lib -L. -fstack-protector-strong -L/opt/homebrew/opt/openssl@1.1/lib -L/opt/homebrew/opt/readline/lib -L/opt/homebrew/opt/libyaml/lib -L/opt/homebrew/opt/gdbm/lib  -m64  -lssl -lcrypto  -lruby.2.7-static -framework Security -framework Foundation -lpthread -ldl -lobjc -Werror=deprecated-declarations -lssl -lcrypto   "
conftest.c:16:57: error: use of undeclared identifier 'ENGINE_load_ubsec'
int t(void) { void ((*volatile p)()); p = (void ((*)()))ENGINE_load_ubsec; return !p; }
                                                        ^
1 error generated.
checked program was:
/* begin */
 1: #include "ruby.h"
 2: 
 3: #include <openssl/engine.h>
 4: 
 5: /*top*/
 6: extern int t(void);
 7: int main(int argc, char **argv)
 8: {
 9:   if (argc > 1000000) {
10:     int (* volatile tp)(void)=(int (*)(void))&t;
11:     printf("%d", (*tp)());
12:   }
13: 
14:   return !!argv[argc];
15: }
16: int t(void) { void ((*volatile p)()); p = (void ((*)()))ENGINE_load_ubsec; return !p; }
/* end */

"gcc -o conftest -I../../.ext/include/arm64-darwin20 -I../.././include -I../.././ext/openssl  -I/opt/homebrew/opt/openssl@1.1/include -I/opt/homebrew/opt/readline/include -I/opt/homebrew/opt/libyaml/include -I/opt/homebrew/opt/gdbm/include -D_XOPEN_SOURCE -D_DARWIN_C_SOURCE -D_DARWIN_UNLIMITED_SELECT -D_REENTRANT   -g -O2 -pipe conftest.c  -L. -L../.. -L/opt/homebrew/opt/openssl@1.1/lib -L/opt/homebrew/opt/readline/lib -L/opt/homebrew/opt/libyaml/lib -L/opt/homebrew/opt/gdbm/lib -L. -fstack-protector-strong -L/opt/homebrew/opt/openssl@1.1/lib -L/opt/homebrew/opt/readline/lib -L/opt/homebrew/opt/libyaml/lib -L/opt/homebrew/opt/gdbm/lib  -m64  -lssl -lcrypto  -lruby.2.7-static -framework Security -framework Foundation -lpthread -ldl -lobjc -Werror=deprecated-declarations -lssl -lcrypto   "
Undefined symbols for architecture arm64:
  "_ENGINE_load_ubsec", referenced from:
      _t in conftest-294881.o
ld: symbol(s) not found for architecture arm64
clang: error: linker command failed with exit code 1 (use -v to see invocation)
checked program was:
/* begin */
 1: #include "ruby.h"
 2: 
 3: #include <openssl/engine.h>
 4: 
 5: /*top*/
 6: extern int t(void);
 7: int main(int argc, char **argv)
 8: {
 9:   if (argc > 1000000) {
10:     int (* volatile tp)(void)=(int (*)(void))&t;
11:     printf("%d", (*tp)());
12:   }
13: 
14:   return !!argv[argc];
15: }
16: extern void ENGINE_load_ubsec();
17: int t(void) { ENGINE_load_ubsec(); return 0; }
/* end */

--------------------

have_macro: checking for ENGINE_load_ubsec in openssl/engine.h... -------------------- no

"gcc -I../../.ext/include/arm64-darwin20 -I../.././include -I../.././ext/openssl  -I/opt/homebrew/opt/openssl@1.1/include -I/opt/homebrew/opt/readline/include -I/opt/homebrew/opt/libyaml/include -I/opt/homebrew/opt/gdbm/include -D_XOPEN_SOURCE -D_DARWIN_C_SOURCE -D_DARWIN_UNLIMITED_SELECT -D_REENTRANT   -g -O2 -pipe -m64  -c conftest.c"
conftest.c:6:3: error: 
# error
  ^
conftest.c:7:1: error: expected identifier or '('
|:/ === ENGINE_load_ubsec undefined === /:|
^
2 errors generated.
checked program was:
/* begin */
1: #include "ruby.h"
2: 
3: #include <openssl/engine.h>
4: /*top*/
5: #ifndef ENGINE_load_ubsec
6: # error
7: |:/ === ENGINE_load_ubsec undefined === /:|
8: #endif
/* end */

--------------------

have_func: checking for ENGINE_load_padlock() in openssl/engine.h with -Werror=deprecated-declarations... -------------------- no

"gcc -o conftest -I../../.ext/include/arm64-darwin20 -I../.././include -I../.././ext/openssl  -I/opt/homebrew/opt/openssl@1.1/include -I/opt/homebrew/opt/readline/include -I/opt/homebrew/opt/libyaml/include -I/opt/homebrew/opt/gdbm/include -D_XOPEN_SOURCE -D_DARWIN_C_SOURCE -D_DARWIN_UNLIMITED_SELECT -D_REENTRANT   -g -O2 -pipe conftest.c  -L. -L../.. -L/opt/homebrew/opt/openssl@1.1/lib -L/opt/homebrew/opt/readline/lib -L/opt/homebrew/opt/libyaml/lib -L/opt/homebrew/opt/gdbm/lib -L. -fstack-protector-strong -L/opt/homebrew/opt/openssl@1.1/lib -L/opt/homebrew/opt/readline/lib -L/opt/homebrew/opt/libyaml/lib -L/opt/homebrew/opt/gdbm/lib  -m64  -lssl -lcrypto  -lruby.2.7-static -framework Security -framework Foundation -lpthread -ldl -lobjc -Werror=deprecated-declarations -lssl -lcrypto   "
conftest.c:16:57: error: use of undeclared identifier 'ENGINE_load_padlock'
int t(void) { void ((*volatile p)()); p = (void ((*)()))ENGINE_load_padlock; return !p; }
                                                        ^
1 error generated.
checked program was:
/* begin */
 1: #include "ruby.h"
 2: 
 3: #include <openssl/engine.h>
 4: 
 5: /*top*/
 6: extern int t(void);
 7: int main(int argc, char **argv)
 8: {
 9:   if (argc > 1000000) {
10:     int (* volatile tp)(void)=(int (*)(void))&t;
11:     printf("%d", (*tp)());
12:   }
13: 
14:   return !!argv[argc];
15: }
16: int t(void) { void ((*volatile p)()); p = (void ((*)()))ENGINE_load_padlock; return !p; }
/* end */

"gcc -o conftest -I../../.ext/include/arm64-darwin20 -I../.././include -I../.././ext/openssl  -I/opt/homebrew/opt/openssl@1.1/include -I/opt/homebrew/opt/readline/include -I/opt/homebrew/opt/libyaml/include -I/opt/homebrew/opt/gdbm/include -D_XOPEN_SOURCE -D_DARWIN_C_SOURCE -D_DARWIN_UNLIMITED_SELECT -D_REENTRANT   -g -O2 -pipe conftest.c  -L. -L../.. -L/opt/homebrew/opt/openssl@1.1/lib -L/opt/homebrew/opt/readline/lib -L/opt/homebrew/opt/libyaml/lib -L/opt/homebrew/opt/gdbm/lib -L. -fstack-protector-strong -L/opt/homebrew/opt/openssl@1.1/lib -L/opt/homebrew/opt/readline/lib -L/opt/homebrew/opt/libyaml/lib -L/opt/homebrew/opt/gdbm/lib  -m64  -lssl -lcrypto  -lruby.2.7-static -framework Security -framework Foundation -lpthread -ldl -lobjc -Werror=deprecated-declarations -lssl -lcrypto   "
Undefined symbols for architecture arm64:
  "_ENGINE_load_padlock", referenced from:
      _t in conftest-4f50b9.o
ld: symbol(s) not found for architecture arm64
clang: error: linker command failed with exit code 1 (use -v to see invocation)
checked program was:
/* begin */
 1: #include "ruby.h"
 2: 
 3: #include <openssl/engine.h>
 4: 
 5: /*top*/
 6: extern int t(void);
 7: int main(int argc, char **argv)
 8: {
 9:   if (argc > 1000000) {
10:     int (* volatile tp)(void)=(int (*)(void))&t;
11:     printf("%d", (*tp)());
12:   }
13: 
14:   return !!argv[argc];
15: }
16: extern void ENGINE_load_padlock();
17: int t(void) { ENGINE_load_padlock(); return 0; }
/* end */

--------------------

have_macro: checking for ENGINE_load_padlock in openssl/engine.h... -------------------- no

"gcc -I../../.ext/include/arm64-darwin20 -I../.././include -I../.././ext/openssl  -I/opt/homebrew/opt/openssl@1.1/include -I/opt/homebrew/opt/readline/include -I/opt/homebrew/opt/libyaml/include -I/opt/homebrew/opt/gdbm/include -D_XOPEN_SOURCE -D_DARWIN_C_SOURCE -D_DARWIN_UNLIMITED_SELECT -D_REENTRANT   -g -O2 -pipe -m64  -c conftest.c"
conftest.c:6:3: error: 
# error
  ^
conftest.c:7:1: error: expected identifier or '('
|:/ === ENGINE_load_padlock undefined === /:|
^
2 errors generated.
checked program was:
/* begin */
1: #include "ruby.h"
2: 
3: #include <openssl/engine.h>
4: /*top*/
5: #ifndef ENGINE_load_padlock
6: # error
7: |:/ === ENGINE_load_padlock undefined === /:|
8: #endif
/* end */

--------------------

have_func: checking for ENGINE_load_capi() in openssl/engine.h with -Werror=deprecated-declarations... -------------------- no

"gcc -o conftest -I../../.ext/include/arm64-darwin20 -I../.././include -I../.././ext/openssl  -I/opt/homebrew/opt/openssl@1.1/include -I/opt/homebrew/opt/readline/include -I/opt/homebrew/opt/libyaml/include -I/opt/homebrew/opt/gdbm/include -D_XOPEN_SOURCE -D_DARWIN_C_SOURCE -D_DARWIN_UNLIMITED_SELECT -D_REENTRANT   -g -O2 -pipe conftest.c  -L. -L../.. -L/opt/homebrew/opt/openssl@1.1/lib -L/opt/homebrew/opt/readline/lib -L/opt/homebrew/opt/libyaml/lib -L/opt/homebrew/opt/gdbm/lib -L. -fstack-protector-strong -L/opt/homebrew/opt/openssl@1.1/lib -L/opt/homebrew/opt/readline/lib -L/opt/homebrew/opt/libyaml/lib -L/opt/homebrew/opt/gdbm/lib  -m64  -lssl -lcrypto  -lruby.2.7-static -framework Security -framework Foundation -lpthread -ldl -lobjc -Werror=deprecated-declarations -lssl -lcrypto   "
conftest.c:16:57: error: use of undeclared identifier 'ENGINE_load_capi'
int t(void) { void ((*volatile p)()); p = (void ((*)()))ENGINE_load_capi; return !p; }
                                                        ^
1 error generated.
checked program was:
/* begin */
 1: #include "ruby.h"
 2: 
 3: #include <openssl/engine.h>
 4: 
 5: /*top*/
 6: extern int t(void);
 7: int main(int argc, char **argv)
 8: {
 9:   if (argc > 1000000) {
10:     int (* volatile tp)(void)=(int (*)(void))&t;
11:     printf("%d", (*tp)());
12:   }
13: 
14:   return !!argv[argc];
15: }
16: int t(void) { void ((*volatile p)()); p = (void ((*)()))ENGINE_load_capi; return !p; }
/* end */

"gcc -o conftest -I../../.ext/include/arm64-darwin20 -I../.././include -I../.././ext/openssl  -I/opt/homebrew/opt/openssl@1.1/include -I/opt/homebrew/opt/readline/include -I/opt/homebrew/opt/libyaml/include -I/opt/homebrew/opt/gdbm/include -D_XOPEN_SOURCE -D_DARWIN_C_SOURCE -D_DARWIN_UNLIMITED_SELECT -D_REENTRANT   -g -O2 -pipe conftest.c  -L. -L../.. -L/opt/homebrew/opt/openssl@1.1/lib -L/opt/homebrew/opt/readline/lib -L/opt/homebrew/opt/libyaml/lib -L/opt/homebrew/opt/gdbm/lib -L. -fstack-protector-strong -L/opt/homebrew/opt/openssl@1.1/lib -L/opt/homebrew/opt/readline/lib -L/opt/homebrew/opt/libyaml/lib -L/opt/homebrew/opt/gdbm/lib  -m64  -lssl -lcrypto  -lruby.2.7-static -framework Security -framework Foundation -lpthread -ldl -lobjc -Werror=deprecated-declarations -lssl -lcrypto   "
Undefined symbols for architecture arm64:
  "_ENGINE_load_capi", referenced from:
      _t in conftest-77b42f.o
ld: symbol(s) not found for architecture arm64
clang: error: linker command failed with exit code 1 (use -v to see invocation)
checked program was:
/* begin */
 1: #include "ruby.h"
 2: 
 3: #include <openssl/engine.h>
 4: 
 5: /*top*/
 6: extern int t(void);
 7: int main(int argc, char **argv)
 8: {
 9:   if (argc > 1000000) {
10:     int (* volatile tp)(void)=(int (*)(void))&t;
11:     printf("%d", (*tp)());
12:   }
13: 
14:   return !!argv[argc];
15: }
16: extern void ENGINE_load_capi();
17: int t(void) { ENGINE_load_capi(); return 0; }
/* end */

--------------------

have_macro: checking for ENGINE_load_capi in openssl/engine.h... -------------------- no

"gcc -I../../.ext/include/arm64-darwin20 -I../.././include -I../.././ext/openssl  -I/opt/homebrew/opt/openssl@1.1/include -I/opt/homebrew/opt/readline/include -I/opt/homebrew/opt/libyaml/include -I/opt/homebrew/opt/gdbm/include -D_XOPEN_SOURCE -D_DARWIN_C_SOURCE -D_DARWIN_UNLIMITED_SELECT -D_REENTRANT   -g -O2 -pipe -m64  -c conftest.c"
conftest.c:6:3: error: 
# error
  ^
conftest.c:7:1: error: expected identifier or '('
|:/ === ENGINE_load_capi undefined === /:|
^
2 errors generated.
checked program was:
/* begin */
1: #include "ruby.h"
2: 
3: #include <openssl/engine.h>
4: /*top*/
5: #ifndef ENGINE_load_capi
6: # error
7: |:/ === ENGINE_load_capi undefined === /:|
8: #endif
/* end */

--------------------

have_func: checking for ENGINE_load_gmp() in openssl/engine.h with -Werror=deprecated-declarations... -------------------- no

"gcc -o conftest -I../../.ext/include/arm64-darwin20 -I../.././include -I../.././ext/openssl  -I/opt/homebrew/opt/openssl@1.1/include -I/opt/homebrew/opt/readline/include -I/opt/homebrew/opt/libyaml/include -I/opt/homebrew/opt/gdbm/include -D_XOPEN_SOURCE -D_DARWIN_C_SOURCE -D_DARWIN_UNLIMITED_SELECT -D_REENTRANT   -g -O2 -pipe conftest.c  -L. -L../.. -L/opt/homebrew/opt/openssl@1.1/lib -L/opt/homebrew/opt/readline/lib -L/opt/homebrew/opt/libyaml/lib -L/opt/homebrew/opt/gdbm/lib -L. -fstack-protector-strong -L/opt/homebrew/opt/openssl@1.1/lib -L/opt/homebrew/opt/readline/lib -L/opt/homebrew/opt/libyaml/lib -L/opt/homebrew/opt/gdbm/lib  -m64  -lssl -lcrypto  -lruby.2.7-static -framework Security -framework Foundation -lpthread -ldl -lobjc -Werror=deprecated-declarations -lssl -lcrypto   "
conftest.c:16:57: error: use of undeclared identifier 'ENGINE_load_gmp'
int t(void) { void ((*volatile p)()); p = (void ((*)()))ENGINE_load_gmp; return !p; }
                                                        ^
1 error generated.
checked program was:
/* begin */
 1: #include "ruby.h"
 2: 
 3: #include <openssl/engine.h>
 4: 
 5: /*top*/
 6: extern int t(void);
 7: int main(int argc, char **argv)
 8: {
 9:   if (argc > 1000000) {
10:     int (* volatile tp)(void)=(int (*)(void))&t;
11:     printf("%d", (*tp)());
12:   }
13: 
14:   return !!argv[argc];
15: }
16: int t(void) { void ((*volatile p)()); p = (void ((*)()))ENGINE_load_gmp; return !p; }
/* end */

"gcc -o conftest -I../../.ext/include/arm64-darwin20 -I../.././include -I../.././ext/openssl  -I/opt/homebrew/opt/openssl@1.1/include -I/opt/homebrew/opt/readline/include -I/opt/homebrew/opt/libyaml/include -I/opt/homebrew/opt/gdbm/include -D_XOPEN_SOURCE -D_DARWIN_C_SOURCE -D_DARWIN_UNLIMITED_SELECT -D_REENTRANT   -g -O2 -pipe conftest.c  -L. -L../.. -L/opt/homebrew/opt/openssl@1.1/lib -L/opt/homebrew/opt/readline/lib -L/opt/homebrew/opt/libyaml/lib -L/opt/homebrew/opt/gdbm/lib -L. -fstack-protector-strong -L/opt/homebrew/opt/openssl@1.1/lib -L/opt/homebrew/opt/readline/lib -L/opt/homebrew/opt/libyaml/lib -L/opt/homebrew/opt/gdbm/lib  -m64  -lssl -lcrypto  -lruby.2.7-static -framework Security -framework Foundation -lpthread -ldl -lobjc -Werror=deprecated-declarations -lssl -lcrypto   "
Undefined symbols for architecture arm64:
  "_ENGINE_load_gmp", referenced from:
      _t in conftest-e17579.o
ld: symbol(s) not found for architecture arm64
clang: error: linker command failed with exit code 1 (use -v to see invocation)
checked program was:
/* begin */
 1: #include "ruby.h"
 2: 
 3: #include <openssl/engine.h>
 4: 
 5: /*top*/
 6: extern int t(void);
 7: int main(int argc, char **argv)
 8: {
 9:   if (argc > 1000000) {
10:     int (* volatile tp)(void)=(int (*)(void))&t;
11:     printf("%d", (*tp)());
12:   }
13: 
14:   return !!argv[argc];
15: }
16: extern void ENGINE_load_gmp();
17: int t(void) { ENGINE_load_gmp(); return 0; }
/* end */

--------------------

have_macro: checking for ENGINE_load_gmp in openssl/engine.h... -------------------- no

"gcc -I../../.ext/include/arm64-darwin20 -I../.././include -I../.././ext/openssl  -I/opt/homebrew/opt/openssl@1.1/include -I/opt/homebrew/opt/readline/include -I/opt/homebrew/opt/libyaml/include -I/opt/homebrew/opt/gdbm/include -D_XOPEN_SOURCE -D_DARWIN_C_SOURCE -D_DARWIN_UNLIMITED_SELECT -D_REENTRANT   -g -O2 -pipe -m64  -c conftest.c"
conftest.c:6:3: error: 
# error
  ^
conftest.c:7:1: error: expected identifier or '('
|:/ === ENGINE_load_gmp undefined === /:|
^
2 errors generated.
checked program was:
/* begin */
1: #include "ruby.h"
2: 
3: #include <openssl/engine.h>
4: /*top*/
5: #ifndef ENGINE_load_gmp
6: # error
7: |:/ === ENGINE_load_gmp undefined === /:|
8: #endif
/* end */

--------------------

have_func: checking for ENGINE_load_gost() in openssl/engine.h with -Werror=deprecated-declarations... -------------------- no

"gcc -o conftest -I../../.ext/include/arm64-darwin20 -I../.././include -I../.././ext/openssl  -I/opt/homebrew/opt/openssl@1.1/include -I/opt/homebrew/opt/readline/include -I/opt/homebrew/opt/libyaml/include -I/opt/homebrew/opt/gdbm/include -D_XOPEN_SOURCE -D_DARWIN_C_SOURCE -D_DARWIN_UNLIMITED_SELECT -D_REENTRANT   -g -O2 -pipe conftest.c  -L. -L../.. -L/opt/homebrew/opt/openssl@1.1/lib -L/opt/homebrew/opt/readline/lib -L/opt/homebrew/opt/libyaml/lib -L/opt/homebrew/opt/gdbm/lib -L. -fstack-protector-strong -L/opt/homebrew/opt/openssl@1.1/lib -L/opt/homebrew/opt/readline/lib -L/opt/homebrew/opt/libyaml/lib -L/opt/homebrew/opt/gdbm/lib  -m64  -lssl -lcrypto  -lruby.2.7-static -framework Security -framework Foundation -lpthread -ldl -lobjc -Werror=deprecated-declarations -lssl -lcrypto   "
conftest.c:16:57: error: use of undeclared identifier 'ENGINE_load_gost'
int t(void) { void ((*volatile p)()); p = (void ((*)()))ENGINE_load_gost; return !p; }
                                                        ^
1 error generated.
checked program was:
/* begin */
 1: #include "ruby.h"
 2: 
 3: #include <openssl/engine.h>
 4: 
 5: /*top*/
 6: extern int t(void);
 7: int main(int argc, char **argv)
 8: {
 9:   if (argc > 1000000) {
10:     int (* volatile tp)(void)=(int (*)(void))&t;
11:     printf("%d", (*tp)());
12:   }
13: 
14:   return !!argv[argc];
15: }
16: int t(void) { void ((*volatile p)()); p = (void ((*)()))ENGINE_load_gost; return !p; }
/* end */

"gcc -o conftest -I../../.ext/include/arm64-darwin20 -I../.././include -I../.././ext/openssl  -I/opt/homebrew/opt/openssl@1.1/include -I/opt/homebrew/opt/readline/include -I/opt/homebrew/opt/libyaml/include -I/opt/homebrew/opt/gdbm/include -D_XOPEN_SOURCE -D_DARWIN_C_SOURCE -D_DARWIN_UNLIMITED_SELECT -D_REENTRANT   -g -O2 -pipe conftest.c  -L. -L../.. -L/opt/homebrew/opt/openssl@1.1/lib -L/opt/homebrew/opt/readline/lib -L/opt/homebrew/opt/libyaml/lib -L/opt/homebrew/opt/gdbm/lib -L. -fstack-protector-strong -L/opt/homebrew/opt/openssl@1.1/lib -L/opt/homebrew/opt/readline/lib -L/opt/homebrew/opt/libyaml/lib -L/opt/homebrew/opt/gdbm/lib  -m64  -lssl -lcrypto  -lruby.2.7-static -framework Security -framework Foundation -lpthread -ldl -lobjc -Werror=deprecated-declarations -lssl -lcrypto   "
Undefined symbols for architecture arm64:
  "_ENGINE_load_gost", referenced from:
      _t in conftest-22161b.o
ld: symbol(s) not found for architecture arm64
clang: error: linker command failed with exit code 1 (use -v to see invocation)
checked program was:
/* begin */
 1: #include "ruby.h"
 2: 
 3: #include <openssl/engine.h>
 4: 
 5: /*top*/
 6: extern int t(void);
 7: int main(int argc, char **argv)
 8: {
 9:   if (argc > 1000000) {
10:     int (* volatile tp)(void)=(int (*)(void))&t;
11:     printf("%d", (*tp)());
12:   }
13: 
14:   return !!argv[argc];
15: }
16: extern void ENGINE_load_gost();
17: int t(void) { ENGINE_load_gost(); return 0; }
/* end */

--------------------

have_macro: checking for ENGINE_load_gost in openssl/engine.h... -------------------- no

"gcc -I../../.ext/include/arm64-darwin20 -I../.././include -I../.././ext/openssl  -I/opt/homebrew/opt/openssl@1.1/include -I/opt/homebrew/opt/readline/include -I/opt/homebrew/opt/libyaml/include -I/opt/homebrew/opt/gdbm/include -D_XOPEN_SOURCE -D_DARWIN_C_SOURCE -D_DARWIN_UNLIMITED_SELECT -D_REENTRANT   -g -O2 -pipe -m64  -c conftest.c"
conftest.c:6:3: error: 
# error
  ^
conftest.c:7:1: error: expected identifier or '('
|:/ === ENGINE_load_gost undefined === /:|
^
2 errors generated.
checked program was:
/* begin */
1: #include "ruby.h"
2: 
3: #include <openssl/engine.h>
4: /*top*/
5: #ifndef ENGINE_load_gost
6: # error
7: |:/ === ENGINE_load_gost undefined === /:|
8: #endif
/* end */

--------------------

have_func: checking for ENGINE_load_cryptodev() in openssl/engine.h with -Werror=deprecated-declarations... -------------------- no

"gcc -o conftest -I../../.ext/include/arm64-darwin20 -I../.././include -I../.././ext/openssl  -I/opt/homebrew/opt/openssl@1.1/include -I/opt/homebrew/opt/readline/include -I/opt/homebrew/opt/libyaml/include -I/opt/homebrew/opt/gdbm/include -D_XOPEN_SOURCE -D_DARWIN_C_SOURCE -D_DARWIN_UNLIMITED_SELECT -D_REENTRANT   -g -O2 -pipe conftest.c  -L. -L../.. -L/opt/homebrew/opt/openssl@1.1/lib -L/opt/homebrew/opt/readline/lib -L/opt/homebrew/opt/libyaml/lib -L/opt/homebrew/opt/gdbm/lib -L. -fstack-protector-strong -L/opt/homebrew/opt/openssl@1.1/lib -L/opt/homebrew/opt/readline/lib -L/opt/homebrew/opt/libyaml/lib -L/opt/homebrew/opt/gdbm/lib  -m64  -lssl -lcrypto  -lruby.2.7-static -framework Security -framework Foundation -lpthread -ldl -lobjc -Werror=deprecated-declarations -lssl -lcrypto   "
conftest.c:16:57: error: use of undeclared identifier 'ENGINE_load_cryptodev'
int t(void) { void ((*volatile p)()); p = (void ((*)()))ENGINE_load_cryptodev; return !p; }
                                                        ^
1 error generated.
checked program was:
/* begin */
 1: #include "ruby.h"
 2: 
 3: #include <openssl/engine.h>
 4: 
 5: /*top*/
 6: extern int t(void);
 7: int main(int argc, char **argv)
 8: {
 9:   if (argc > 1000000) {
10:     int (* volatile tp)(void)=(int (*)(void))&t;
11:     printf("%d", (*tp)());
12:   }
13: 
14:   return !!argv[argc];
15: }
16: int t(void) { void ((*volatile p)()); p = (void ((*)()))ENGINE_load_cryptodev; return !p; }
/* end */

"gcc -o conftest -I../../.ext/include/arm64-darwin20 -I../.././include -I../.././ext/openssl  -I/opt/homebrew/opt/openssl@1.1/include -I/opt/homebrew/opt/readline/include -I/opt/homebrew/opt/libyaml/include -I/opt/homebrew/opt/gdbm/include -D_XOPEN_SOURCE -D_DARWIN_C_SOURCE -D_DARWIN_UNLIMITED_SELECT -D_REENTRANT   -g -O2 -pipe conftest.c  -L. -L../.. -L/opt/homebrew/opt/openssl@1.1/lib -L/opt/homebrew/opt/readline/lib -L/opt/homebrew/opt/libyaml/lib -L/opt/homebrew/opt/gdbm/lib -L. -fstack-protector-strong -L/opt/homebrew/opt/openssl@1.1/lib -L/opt/homebrew/opt/readline/lib -L/opt/homebrew/opt/libyaml/lib -L/opt/homebrew/opt/gdbm/lib  -m64  -lssl -lcrypto  -lruby.2.7-static -framework Security -framework Foundation -lpthread -ldl -lobjc -Werror=deprecated-declarations -lssl -lcrypto   "
conftest.c:16:13: error: expected parameter declarator
extern void ENGINE_load_cryptodev();
            ^
/opt/homebrew/opt/openssl@1.1/include/openssl/engine.h:337:25: note: expanded from macro 'ENGINE_load_cryptodev'
    OPENSSL_init_crypto(OPENSSL_INIT_ENGINE_CRYPTODEV, NULL)
                        ^
/opt/homebrew/opt/openssl@1.1/include/openssl/crypto.h:368:46: note: expanded from macro 'OPENSSL_INIT_ENGINE_CRYPTODEV'
# define OPENSSL_INIT_ENGINE_CRYPTODEV       0x00001000L
                                             ^
conftest.c:16:13: error: expected ')'
/opt/homebrew/opt/openssl@1.1/include/openssl/engine.h:337:25: note: expanded from macro 'ENGINE_load_cryptodev'
    OPENSSL_init_crypto(OPENSSL_INIT_ENGINE_CRYPTODEV, NULL)
                        ^
/opt/homebrew/opt/openssl@1.1/include/openssl/crypto.h:368:46: note: expanded from macro 'OPENSSL_INIT_ENGINE_CRYPTODEV'
# define OPENSSL_INIT_ENGINE_CRYPTODEV       0x00001000L
                                             ^
conftest.c:16:13: note: to match this '('
/opt/homebrew/opt/openssl@1.1/include/openssl/engine.h:337:24: note: expanded from macro 'ENGINE_load_cryptodev'
    OPENSSL_init_crypto(OPENSSL_INIT_ENGINE_CRYPTODEV, NULL)
                       ^
conftest.c:16:13: error: conflicting types for 'OPENSSL_init_crypto'
extern void ENGINE_load_cryptodev();
            ^
/opt/homebrew/opt/openssl@1.1/include/openssl/engine.h:337:5: note: expanded from macro 'ENGINE_load_cryptodev'
    OPENSSL_init_crypto(OPENSSL_INIT_ENGINE_CRYPTODEV, NULL)
    ^
/opt/homebrew/opt/openssl@1.1/include/openssl/crypto.h:388:5: note: previous declaration is here
int OPENSSL_init_crypto(uint64_t opts, const OPENSSL_INIT_SETTINGS *settings);
    ^
3 errors generated.
checked program was:
/* begin */
 1: #include "ruby.h"
 2: 
 3: #include <openssl/engine.h>
 4: 
 5: /*top*/
 6: extern int t(void);
 7: int main(int argc, char **argv)
 8: {
 9:   if (argc > 1000000) {
10:     int (* volatile tp)(void)=(int (*)(void))&t;
11:     printf("%d", (*tp)());
12:   }
13: 
14:   return !!argv[argc];
15: }
16: extern void ENGINE_load_cryptodev();
17: int t(void) { ENGINE_load_cryptodev(); return 0; }
/* end */

--------------------

have_macro: checking for ENGINE_load_cryptodev in openssl/engine.h... -------------------- yes

"gcc -I../../.ext/include/arm64-darwin20 -I../.././include -I../.././ext/openssl  -I/opt/homebrew/opt/openssl@1.1/include -I/opt/homebrew/opt/readline/include -I/opt/homebrew/opt/libyaml/include -I/opt/homebrew/opt/gdbm/include -D_XOPEN_SOURCE -D_DARWIN_C_SOURCE -D_DARWIN_UNLIMITED_SELECT -D_REENTRANT   -g -O2 -pipe -m64  -c conftest.c"
checked program was:
/* begin */
1: #include "ruby.h"
2: 
3: #include <openssl/engine.h>
4: /*top*/
5: #ifndef ENGINE_load_cryptodev
6: # error
7: |:/ === ENGINE_load_cryptodev undefined === /:|
8: #endif
/* end */

--------------------

have_func: checking for ENGINE_load_aesni() in openssl/engine.h with -Werror=deprecated-declarations... -------------------- no

"gcc -o conftest -I../../.ext/include/arm64-darwin20 -I../.././include -I../.././ext/openssl  -I/opt/homebrew/opt/openssl@1.1/include -I/opt/homebrew/opt/readline/include -I/opt/homebrew/opt/libyaml/include -I/opt/homebrew/opt/gdbm/include -D_XOPEN_SOURCE -D_DARWIN_C_SOURCE -D_DARWIN_UNLIMITED_SELECT -D_REENTRANT   -g -O2 -pipe conftest.c  -L. -L../.. -L/opt/homebrew/opt/openssl@1.1/lib -L/opt/homebrew/opt/readline/lib -L/opt/homebrew/opt/libyaml/lib -L/opt/homebrew/opt/gdbm/lib -L. -fstack-protector-strong -L/opt/homebrew/opt/openssl@1.1/lib -L/opt/homebrew/opt/readline/lib -L/opt/homebrew/opt/libyaml/lib -L/opt/homebrew/opt/gdbm/lib  -m64  -lssl -lcrypto  -lruby.2.7-static -framework Security -framework Foundation -lpthread -ldl -lobjc -Werror=deprecated-declarations -lssl -lcrypto   "
conftest.c:16:57: error: use of undeclared identifier 'ENGINE_load_aesni'
int t(void) { void ((*volatile p)()); p = (void ((*)()))ENGINE_load_aesni; return !p; }
                                                        ^
1 error generated.
checked program was:
/* begin */
 1: #include "ruby.h"
 2: 
 3: #include <openssl/engine.h>
 4: 
 5: /*top*/
 6: extern int t(void);
 7: int main(int argc, char **argv)
 8: {
 9:   if (argc > 1000000) {
10:     int (* volatile tp)(void)=(int (*)(void))&t;
11:     printf("%d", (*tp)());
12:   }
13: 
14:   return !!argv[argc];
15: }
16: int t(void) { void ((*volatile p)()); p = (void ((*)()))ENGINE_load_aesni; return !p; }
/* end */

"gcc -o conftest -I../../.ext/include/arm64-darwin20 -I../.././include -I../.././ext/openssl  -I/opt/homebrew/opt/openssl@1.1/include -I/opt/homebrew/opt/readline/include -I/opt/homebrew/opt/libyaml/include -I/opt/homebrew/opt/gdbm/include -D_XOPEN_SOURCE -D_DARWIN_C_SOURCE -D_DARWIN_UNLIMITED_SELECT -D_REENTRANT   -g -O2 -pipe conftest.c  -L. -L../.. -L/opt/homebrew/opt/openssl@1.1/lib -L/opt/homebrew/opt/readline/lib -L/opt/homebrew/opt/libyaml/lib -L/opt/homebrew/opt/gdbm/lib -L. -fstack-protector-strong -L/opt/homebrew/opt/openssl@1.1/lib -L/opt/homebrew/opt/readline/lib -L/opt/homebrew/opt/libyaml/lib -L/opt/homebrew/opt/gdbm/lib  -m64  -lssl -lcrypto  -lruby.2.7-static -framework Security -framework Foundation -lpthread -ldl -lobjc -Werror=deprecated-declarations -lssl -lcrypto   "
Undefined symbols for architecture arm64:
  "_ENGINE_load_aesni", referenced from:
      _t in conftest-606eba.o
ld: symbol(s) not found for architecture arm64
clang: error: linker command failed with exit code 1 (use -v to see invocation)
checked program was:
/* begin */
 1: #include "ruby.h"
 2: 
 3: #include <openssl/engine.h>
 4: 
 5: /*top*/
 6: extern int t(void);
 7: int main(int argc, char **argv)
 8: {
 9:   if (argc > 1000000) {
10:     int (* volatile tp)(void)=(int (*)(void))&t;
11:     printf("%d", (*tp)());
12:   }
13: 
14:   return !!argv[argc];
15: }
16: extern void ENGINE_load_aesni();
17: int t(void) { ENGINE_load_aesni(); return 0; }
/* end */

--------------------

have_macro: checking for ENGINE_load_aesni in openssl/engine.h... -------------------- no

"gcc -I../../.ext/include/arm64-darwin20 -I../.././include -I../.././ext/openssl  -I/opt/homebrew/opt/openssl@1.1/include -I/opt/homebrew/opt/readline/include -I/opt/homebrew/opt/libyaml/include -I/opt/homebrew/opt/gdbm/include -D_XOPEN_SOURCE -D_DARWIN_C_SOURCE -D_DARWIN_UNLIMITED_SELECT -D_REENTRANT   -g -O2 -pipe -m64  -c conftest.c"
conftest.c:6:3: error: 
# error
  ^
conftest.c:7:1: error: expected identifier or '('
|:/ === ENGINE_load_aesni undefined === /:|
^
2 errors generated.
checked program was:
/* begin */
1: #include "ruby.h"
2: 
3: #include <openssl/engine.h>
4: /*top*/
5: #ifndef ENGINE_load_aesni
6: # error
7: |:/ === ENGINE_load_aesni undefined === /:|
8: #endif
/* end */

--------------------

have_func: checking for EC_curve_nist2nid()... -------------------- yes

"gcc -o conftest -I../../.ext/include/arm64-darwin20 -I../.././include -I../.././ext/openssl  -I/opt/homebrew/opt/openssl@1.1/include -I/opt/homebrew/opt/readline/include -I/opt/homebrew/opt/libyaml/include -I/opt/homebrew/opt/gdbm/include -D_XOPEN_SOURCE -D_DARWIN_C_SOURCE -D_DARWIN_UNLIMITED_SELECT -D_REENTRANT   -g -O2 -pipe conftest.c  -L. -L../.. -L/opt/homebrew/opt/openssl@1.1/lib -L/opt/homebrew/opt/readline/lib -L/opt/homebrew/opt/libyaml/lib -L/opt/homebrew/opt/gdbm/lib -L. -fstack-protector-strong -L/opt/homebrew/opt/openssl@1.1/lib -L/opt/homebrew/opt/readline/lib -L/opt/homebrew/opt/libyaml/lib -L/opt/homebrew/opt/gdbm/lib  -m64  -lssl -lcrypto  -lruby.2.7-static -framework Security -framework Foundation -lpthread -ldl -lobjc -lssl -lcrypto   "
conftest.c:14:57: error: use of undeclared identifier 'EC_curve_nist2nid'
int t(void) { void ((*volatile p)()); p = (void ((*)()))EC_curve_nist2nid; return !p; }
                                                        ^
1 error generated.
checked program was:
/* begin */
 1: #include "ruby.h"
 2: 
 3: /*top*/
 4: extern int t(void);
 5: int main(int argc, char **argv)
 6: {
 7:   if (argc > 1000000) {
 8:     int (* volatile tp)(void)=(int (*)(void))&t;
 9:     printf("%d", (*tp)());
10:   }
11: 
12:   return !!argv[argc];
13: }
14: int t(void) { void ((*volatile p)()); p = (void ((*)()))EC_curve_nist2nid; return !p; }
/* end */

"gcc -o conftest -I../../.ext/include/arm64-darwin20 -I../.././include -I../.././ext/openssl  -I/opt/homebrew/opt/openssl@1.1/include -I/opt/homebrew/opt/readline/include -I/opt/homebrew/opt/libyaml/include -I/opt/homebrew/opt/gdbm/include -D_XOPEN_SOURCE -D_DARWIN_C_SOURCE -D_DARWIN_UNLIMITED_SELECT -D_REENTRANT   -g -O2 -pipe conftest.c  -L. -L../.. -L/opt/homebrew/opt/openssl@1.1/lib -L/opt/homebrew/opt/readline/lib -L/opt/homebrew/opt/libyaml/lib -L/opt/homebrew/opt/gdbm/lib -L. -fstack-protector-strong -L/opt/homebrew/opt/openssl@1.1/lib -L/opt/homebrew/opt/readline/lib -L/opt/homebrew/opt/libyaml/lib -L/opt/homebrew/opt/gdbm/lib  -m64  -lssl -lcrypto  -lruby.2.7-static -framework Security -framework Foundation -lpthread -ldl -lobjc -lssl -lcrypto   "
checked program was:
/* begin */
 1: #include "ruby.h"
 2: 
 3: /*top*/
 4: extern int t(void);
 5: int main(int argc, char **argv)
 6: {
 7:   if (argc > 1000000) {
 8:     int (* volatile tp)(void)=(int (*)(void))&t;
 9:     printf("%d", (*tp)());
10:   }
11: 
12:   return !!argv[argc];
13: }
14: extern void EC_curve_nist2nid();
15: int t(void) { EC_curve_nist2nid(); return 0; }
/* end */

--------------------

have_func: checking for X509_REVOKED_dup()... -------------------- yes

"gcc -o conftest -I../../.ext/include/arm64-darwin20 -I../.././include -I../.././ext/openssl  -I/opt/homebrew/opt/openssl@1.1/include -I/opt/homebrew/opt/readline/include -I/opt/homebrew/opt/libyaml/include -I/opt/homebrew/opt/gdbm/include -D_XOPEN_SOURCE -D_DARWIN_C_SOURCE -D_DARWIN_UNLIMITED_SELECT -D_REENTRANT   -g -O2 -pipe conftest.c  -L. -L../.. -L/opt/homebrew/opt/openssl@1.1/lib -L/opt/homebrew/opt/readline/lib -L/opt/homebrew/opt/libyaml/lib -L/opt/homebrew/opt/gdbm/lib -L. -fstack-protector-strong -L/opt/homebrew/opt/openssl@1.1/lib -L/opt/homebrew/opt/readline/lib -L/opt/homebrew/opt/libyaml/lib -L/opt/homebrew/opt/gdbm/lib  -m64  -lssl -lcrypto  -lruby.2.7-static -framework Security -framework Foundation -lpthread -ldl -lobjc -lssl -lcrypto   "
conftest.c:14:57: error: use of undeclared identifier 'X509_REVOKED_dup'
int t(void) { void ((*volatile p)()); p = (void ((*)()))X509_REVOKED_dup; return !p; }
                                                        ^
1 error generated.
checked program was:
/* begin */
 1: #include "ruby.h"
 2: 
 3: /*top*/
 4: extern int t(void);
 5: int main(int argc, char **argv)
 6: {
 7:   if (argc > 1000000) {
 8:     int (* volatile tp)(void)=(int (*)(void))&t;
 9:     printf("%d", (*tp)());
10:   }
11: 
12:   return !!argv[argc];
13: }
14: int t(void) { void ((*volatile p)()); p = (void ((*)()))X509_REVOKED_dup; return !p; }
/* end */

"gcc -o conftest -I../../.ext/include/arm64-darwin20 -I../.././include -I../.././ext/openssl  -I/opt/homebrew/opt/openssl@1.1/include -I/opt/homebrew/opt/readline/include -I/opt/homebrew/opt/libyaml/include -I/opt/homebrew/opt/gdbm/include -D_XOPEN_SOURCE -D_DARWIN_C_SOURCE -D_DARWIN_UNLIMITED_SELECT -D_REENTRANT   -g -O2 -pipe conftest.c  -L. -L../.. -L/opt/homebrew/opt/openssl@1.1/lib -L/opt/homebrew/opt/readline/lib -L/opt/homebrew/opt/libyaml/lib -L/opt/homebrew/opt/gdbm/lib -L. -fstack-protector-strong -L/opt/homebrew/opt/openssl@1.1/lib -L/opt/homebrew/opt/readline/lib -L/opt/homebrew/opt/libyaml/lib -L/opt/homebrew/opt/gdbm/lib  -m64  -lssl -lcrypto  -lruby.2.7-static -framework Security -framework Foundation -lpthread -ldl -lobjc -lssl -lcrypto   "
checked program was:
/* begin */
 1: #include "ruby.h"
 2: 
 3: /*top*/
 4: extern int t(void);
 5: int main(int argc, char **argv)
 6: {
 7:   if (argc > 1000000) {
 8:     int (* volatile tp)(void)=(int (*)(void))&t;
 9:     printf("%d", (*tp)());
10:   }
11: 
12:   return !!argv[argc];
13: }
14: extern void X509_REVOKED_dup();
15: int t(void) { X509_REVOKED_dup(); return 0; }
/* end */

--------------------

have_func: checking for X509_STORE_CTX_get0_store()... -------------------- yes

"gcc -o conftest -I../../.ext/include/arm64-darwin20 -I../.././include -I../.././ext/openssl  -I/opt/homebrew/opt/openssl@1.1/include -I/opt/homebrew/opt/readline/include -I/opt/homebrew/opt/libyaml/include -I/opt/homebrew/opt/gdbm/include -D_XOPEN_SOURCE -D_DARWIN_C_SOURCE -D_DARWIN_UNLIMITED_SELECT -D_REENTRANT   -g -O2 -pipe conftest.c  -L. -L../.. -L/opt/homebrew/opt/openssl@1.1/lib -L/opt/homebrew/opt/readline/lib -L/opt/homebrew/opt/libyaml/lib -L/opt/homebrew/opt/gdbm/lib -L. -fstack-protector-strong -L/opt/homebrew/opt/openssl@1.1/lib -L/opt/homebrew/opt/readline/lib -L/opt/homebrew/opt/libyaml/lib -L/opt/homebrew/opt/gdbm/lib  -m64  -lssl -lcrypto  -lruby.2.7-static -framework Security -framework Foundation -lpthread -ldl -lobjc -lssl -lcrypto   "
conftest.c:14:57: error: use of undeclared identifier 'X509_STORE_CTX_get0_store'
int t(void) { void ((*volatile p)()); p = (void ((*)()))X509_STORE_CTX_get0_store; return !p; }
                                                        ^
1 error generated.
checked program was:
/* begin */
 1: #include "ruby.h"
 2: 
 3: /*top*/
 4: extern int t(void);
 5: int main(int argc, char **argv)
 6: {
 7:   if (argc > 1000000) {
 8:     int (* volatile tp)(void)=(int (*)(void))&t;
 9:     printf("%d", (*tp)());
10:   }
11: 
12:   return !!argv[argc];
13: }
14: int t(void) { void ((*volatile p)()); p = (void ((*)()))X509_STORE_CTX_get0_store; return !p; }
/* end */

"gcc -o conftest -I../../.ext/include/arm64-darwin20 -I../.././include -I../.././ext/openssl  -I/opt/homebrew/opt/openssl@1.1/include -I/opt/homebrew/opt/readline/include -I/opt/homebrew/opt/libyaml/include -I/opt/homebrew/opt/gdbm/include -D_XOPEN_SOURCE -D_DARWIN_C_SOURCE -D_DARWIN_UNLIMITED_SELECT -D_REENTRANT   -g -O2 -pipe conftest.c  -L. -L../.. -L/opt/homebrew/opt/openssl@1.1/lib -L/opt/homebrew/opt/readline/lib -L/opt/homebrew/opt/libyaml/lib -L/opt/homebrew/opt/gdbm/lib -L. -fstack-protector-strong -L/opt/homebrew/opt/openssl@1.1/lib -L/opt/homebrew/opt/readline/lib -L/opt/homebrew/opt/libyaml/lib -L/opt/homebrew/opt/gdbm/lib  -m64  -lssl -lcrypto  -lruby.2.7-static -framework Security -framework Foundation -lpthread -ldl -lobjc -lssl -lcrypto   "
checked program was:
/* begin */
 1: #include "ruby.h"
 2: 
 3: /*top*/
 4: extern int t(void);
 5: int main(int argc, char **argv)
 6: {
 7:   if (argc > 1000000) {
 8:     int (* volatile tp)(void)=(int (*)(void))&t;
 9:     printf("%d", (*tp)());
10:   }
11: 
12:   return !!argv[argc];
13: }
14: extern void X509_STORE_CTX_get0_store();
15: int t(void) { X509_STORE_CTX_get0_store(); return 0; }
/* end */

--------------------

have_func: checking for SSL_CTX_set_alpn_select_cb()... -------------------- yes

"gcc -o conftest -I../../.ext/include/arm64-darwin20 -I../.././include -I../.././ext/openssl  -I/opt/homebrew/opt/openssl@1.1/include -I/opt/homebrew/opt/readline/include -I/opt/homebrew/opt/libyaml/include -I/opt/homebrew/opt/gdbm/include -D_XOPEN_SOURCE -D_DARWIN_C_SOURCE -D_DARWIN_UNLIMITED_SELECT -D_REENTRANT   -g -O2 -pipe conftest.c  -L. -L../.. -L/opt/homebrew/opt/openssl@1.1/lib -L/opt/homebrew/opt/readline/lib -L/opt/homebrew/opt/libyaml/lib -L/opt/homebrew/opt/gdbm/lib -L. -fstack-protector-strong -L/opt/homebrew/opt/openssl@1.1/lib -L/opt/homebrew/opt/readline/lib -L/opt/homebrew/opt/libyaml/lib -L/opt/homebrew/opt/gdbm/lib  -m64  -lssl -lcrypto  -lruby.2.7-static -framework Security -framework Foundation -lpthread -ldl -lobjc -lssl -lcrypto   "
conftest.c:14:57: error: use of undeclared identifier 'SSL_CTX_set_alpn_select_cb'
int t(void) { void ((*volatile p)()); p = (void ((*)()))SSL_CTX_set_alpn_select_cb; return !p; }
                                                        ^
1 error generated.
checked program was:
/* begin */
 1: #include "ruby.h"
 2: 
 3: /*top*/
 4: extern int t(void);
 5: int main(int argc, char **argv)
 6: {
 7:   if (argc > 1000000) {
 8:     int (* volatile tp)(void)=(int (*)(void))&t;
 9:     printf("%d", (*tp)());
10:   }
11: 
12:   return !!argv[argc];
13: }
14: int t(void) { void ((*volatile p)()); p = (void ((*)()))SSL_CTX_set_alpn_select_cb; return !p; }
/* end */

"gcc -o conftest -I../../.ext/include/arm64-darwin20 -I../.././include -I../.././ext/openssl  -I/opt/homebrew/opt/openssl@1.1/include -I/opt/homebrew/opt/readline/include -I/opt/homebrew/opt/libyaml/include -I/opt/homebrew/opt/gdbm/include -D_XOPEN_SOURCE -D_DARWIN_C_SOURCE -D_DARWIN_UNLIMITED_SELECT -D_REENTRANT   -g -O2 -pipe conftest.c  -L. -L../.. -L/opt/homebrew/opt/openssl@1.1/lib -L/opt/homebrew/opt/readline/lib -L/opt/homebrew/opt/libyaml/lib -L/opt/homebrew/opt/gdbm/lib -L. -fstack-protector-strong -L/opt/homebrew/opt/openssl@1.1/lib -L/opt/homebrew/opt/readline/lib -L/opt/homebrew/opt/libyaml/lib -L/opt/homebrew/opt/gdbm/lib  -m64  -lssl -lcrypto  -lruby.2.7-static -framework Security -framework Foundation -lpthread -ldl -lobjc -lssl -lcrypto   "
checked program was:
/* begin */
 1: #include "ruby.h"
 2: 
 3: /*top*/
 4: extern int t(void);
 5: int main(int argc, char **argv)
 6: {
 7:   if (argc > 1000000) {
 8:     int (* volatile tp)(void)=(int (*)(void))&t;
 9:     printf("%d", (*tp)());
10:   }
11: 
12:   return !!argv[argc];
13: }
14: extern void SSL_CTX_set_alpn_select_cb();
15: int t(void) { SSL_CTX_set_alpn_select_cb(); return 0; }
/* end */

--------------------

have_func: checking for SSL_CTX_set1_curves_list() in openssl/ssl.h with -Werror=deprecated-declarations... -------------------- no

"gcc -o conftest -I../../.ext/include/arm64-darwin20 -I../.././include -I../.././ext/openssl  -I/opt/homebrew/opt/openssl@1.1/include -I/opt/homebrew/opt/readline/include -I/opt/homebrew/opt/libyaml/include -I/opt/homebrew/opt/gdbm/include -D_XOPEN_SOURCE -D_DARWIN_C_SOURCE -D_DARWIN_UNLIMITED_SELECT -D_REENTRANT   -g -O2 -pipe conftest.c  -L. -L../.. -L/opt/homebrew/opt/openssl@1.1/lib -L/opt/homebrew/opt/readline/lib -L/opt/homebrew/opt/libyaml/lib -L/opt/homebrew/opt/gdbm/lib -L. -fstack-protector-strong -L/opt/homebrew/opt/openssl@1.1/lib -L/opt/homebrew/opt/readline/lib -L/opt/homebrew/opt/libyaml/lib -L/opt/homebrew/opt/gdbm/lib  -m64  -lssl -lcrypto  -lruby.2.7-static -framework Security -framework Foundation -lpthread -ldl -lobjc -Werror=deprecated-declarations -lssl -lcrypto   "
conftest.c:16:57: error: use of undeclared identifier 'SSL_CTX_set1_groups_list'
int t(void) { void ((*volatile p)()); p = (void ((*)()))SSL_CTX_set1_curves_list; return !p; }
                                                        ^
/opt/homebrew/opt/openssl@1.1/include/openssl/ssl.h:1484:40: note: expanded from macro 'SSL_CTX_set1_curves_list'
# define SSL_CTX_set1_curves_list      SSL_CTX_set1_groups_list
                                       ^
1 error generated.
checked program was:
/* begin */
 1: #include "ruby.h"
 2: 
 3: #include <openssl/ssl.h>
 4: 
 5: /*top*/
 6: extern int t(void);
 7: int main(int argc, char **argv)
 8: {
 9:   if (argc > 1000000) {
10:     int (* volatile tp)(void)=(int (*)(void))&t;
11:     printf("%d", (*tp)());
12:   }
13: 
14:   return !!argv[argc];
15: }
16: int t(void) { void ((*volatile p)()); p = (void ((*)()))SSL_CTX_set1_curves_list; return !p; }
/* end */

"gcc -o conftest -I../../.ext/include/arm64-darwin20 -I../.././include -I../.././ext/openssl  -I/opt/homebrew/opt/openssl@1.1/include -I/opt/homebrew/opt/readline/include -I/opt/homebrew/opt/libyaml/include -I/opt/homebrew/opt/gdbm/include -D_XOPEN_SOURCE -D_DARWIN_C_SOURCE -D_DARWIN_UNLIMITED_SELECT -D_REENTRANT   -g -O2 -pipe conftest.c  -L. -L../.. -L/opt/homebrew/opt/openssl@1.1/lib -L/opt/homebrew/opt/readline/lib -L/opt/homebrew/opt/libyaml/lib -L/opt/homebrew/opt/gdbm/lib -L. -fstack-protector-strong -L/opt/homebrew/opt/openssl@1.1/lib -L/opt/homebrew/opt/readline/lib -L/opt/homebrew/opt/libyaml/lib -L/opt/homebrew/opt/gdbm/lib  -m64  -lssl -lcrypto  -lruby.2.7-static -framework Security -framework Foundation -lpthread -ldl -lobjc -Werror=deprecated-declarations -lssl -lcrypto   "
conftest.c:16:38: error: too few arguments provided to function-like macro invocation
extern void SSL_CTX_set1_curves_list();
                                     ^
/opt/homebrew/opt/openssl@1.1/include/openssl/ssl.h:1407:10: note: macro 'SSL_CTX_set1_groups_list' defined here
# define SSL_CTX_set1_groups_list(ctx, s) \
         ^
conftest.c:17:40: error: too few arguments provided to function-like macro invocation
int t(void) { SSL_CTX_set1_curves_list(); return 0; }
                                       ^
/opt/homebrew/opt/openssl@1.1/include/openssl/ssl.h:1407:10: note: macro 'SSL_CTX_set1_groups_list' defined here
# define SSL_CTX_set1_groups_list(ctx, s) \
         ^
2 errors generated.
checked program was:
/* begin */
 1: #include "ruby.h"
 2: 
 3: #include <openssl/ssl.h>
 4: 
 5: /*top*/
 6: extern int t(void);
 7: int main(int argc, char **argv)
 8: {
 9:   if (argc > 1000000) {
10:     int (* volatile tp)(void)=(int (*)(void))&t;
11:     printf("%d", (*tp)());
12:   }
13: 
14:   return !!argv[argc];
15: }
16: extern void SSL_CTX_set1_curves_list();
17: int t(void) { SSL_CTX_set1_curves_list(); return 0; }
/* end */

--------------------

have_macro: checking for SSL_CTX_set1_curves_list in openssl/ssl.h... -------------------- yes

"gcc -I../../.ext/include/arm64-darwin20 -I../.././include -I../.././ext/openssl  -I/opt/homebrew/opt/openssl@1.1/include -I/opt/homebrew/opt/readline/include -I/opt/homebrew/opt/libyaml/include -I/opt/homebrew/opt/gdbm/include -D_XOPEN_SOURCE -D_DARWIN_C_SOURCE -D_DARWIN_UNLIMITED_SELECT -D_REENTRANT   -g -O2 -pipe -m64  -c conftest.c"
checked program was:
/* begin */
1: #include "ruby.h"
2: 
3: #include <openssl/ssl.h>
4: /*top*/
5: #ifndef SSL_CTX_set1_curves_list
6: # error
7: |:/ === SSL_CTX_set1_curves_list undefined === /:|
8: #endif
/* end */

--------------------

have_func: checking for SSL_CTX_set_ecdh_auto() in openssl/ssl.h with -Werror=deprecated-declarations... -------------------- no

"gcc -o conftest -I../../.ext/include/arm64-darwin20 -I../.././include -I../.././ext/openssl  -I/opt/homebrew/opt/openssl@1.1/include -I/opt/homebrew/opt/readline/include -I/opt/homebrew/opt/libyaml/include -I/opt/homebrew/opt/gdbm/include -D_XOPEN_SOURCE -D_DARWIN_C_SOURCE -D_DARWIN_UNLIMITED_SELECT -D_REENTRANT   -g -O2 -pipe conftest.c  -L. -L../.. -L/opt/homebrew/opt/openssl@1.1/lib -L/opt/homebrew/opt/readline/lib -L/opt/homebrew/opt/libyaml/lib -L/opt/homebrew/opt/gdbm/lib -L. -fstack-protector-strong -L/opt/homebrew/opt/openssl@1.1/lib -L/opt/homebrew/opt/readline/lib -L/opt/homebrew/opt/libyaml/lib -L/opt/homebrew/opt/gdbm/lib  -m64  -lssl -lcrypto  -lruby.2.7-static -framework Security -framework Foundation -lpthread -ldl -lobjc -Werror=deprecated-declarations -lssl -lcrypto   "
conftest.c:16:57: error: use of undeclared identifier 'SSL_CTX_set_ecdh_auto'
int t(void) { void ((*volatile p)()); p = (void ((*)()))SSL_CTX_set_ecdh_auto; return !p; }
                                                        ^
1 error generated.
checked program was:
/* begin */
 1: #include "ruby.h"
 2: 
 3: #include <openssl/ssl.h>
 4: 
 5: /*top*/
 6: extern int t(void);
 7: int main(int argc, char **argv)
 8: {
 9:   if (argc > 1000000) {
10:     int (* volatile tp)(void)=(int (*)(void))&t;
11:     printf("%d", (*tp)());
12:   }
13: 
14:   return !!argv[argc];
15: }
16: int t(void) { void ((*volatile p)()); p = (void ((*)()))SSL_CTX_set_ecdh_auto; return !p; }
/* end */

"gcc -o conftest -I../../.ext/include/arm64-darwin20 -I../.././include -I../.././ext/openssl  -I/opt/homebrew/opt/openssl@1.1/include -I/opt/homebrew/opt/readline/include -I/opt/homebrew/opt/libyaml/include -I/opt/homebrew/opt/gdbm/include -D_XOPEN_SOURCE -D_DARWIN_C_SOURCE -D_DARWIN_UNLIMITED_SELECT -D_REENTRANT   -g -O2 -pipe conftest.c  -L. -L../.. -L/opt/homebrew/opt/openssl@1.1/lib -L/opt/homebrew/opt/readline/lib -L/opt/homebrew/opt/libyaml/lib -L/opt/homebrew/opt/gdbm/lib -L. -fstack-protector-strong -L/opt/homebrew/opt/openssl@1.1/lib -L/opt/homebrew/opt/readline/lib -L/opt/homebrew/opt/libyaml/lib -L/opt/homebrew/opt/gdbm/lib  -m64  -lssl -lcrypto  -lruby.2.7-static -framework Security -framework Foundation -lpthread -ldl -lobjc -Werror=deprecated-declarations -lssl -lcrypto   "
conftest.c:16:35: error: too few arguments provided to function-like macro invocation
extern void SSL_CTX_set_ecdh_auto();
                                  ^
/opt/homebrew/opt/openssl@1.1/include/openssl/ssl.h:1496:11: note: macro 'SSL_CTX_set_ecdh_auto' defined here
#  define SSL_CTX_set_ecdh_auto(dummy, onoff)      ((onoff) != 0)
          ^
conftest.c:17:37: error: too few arguments provided to function-like macro invocation
int t(void) { SSL_CTX_set_ecdh_auto(); return 0; }
                                    ^
/opt/homebrew/opt/openssl@1.1/include/openssl/ssl.h:1496:11: note: macro 'SSL_CTX_set_ecdh_auto' defined here
#  define SSL_CTX_set_ecdh_auto(dummy, onoff)      ((onoff) != 0)
          ^
2 errors generated.
checked program was:
/* begin */
 1: #include "ruby.h"
 2: 
 3: #include <openssl/ssl.h>
 4: 
 5: /*top*/
 6: extern int t(void);
 7: int main(int argc, char **argv)
 8: {
 9:   if (argc > 1000000) {
10:     int (* volatile tp)(void)=(int (*)(void))&t;
11:     printf("%d", (*tp)());
12:   }
13: 
14:   return !!argv[argc];
15: }
16: extern void SSL_CTX_set_ecdh_auto();
17: int t(void) { SSL_CTX_set_ecdh_auto(); return 0; }
/* end */

--------------------

have_macro: checking for SSL_CTX_set_ecdh_auto in openssl/ssl.h... -------------------- yes

"gcc -I../../.ext/include/arm64-darwin20 -I../.././include -I../.././ext/openssl  -I/opt/homebrew/opt/openssl@1.1/include -I/opt/homebrew/opt/readline/include -I/opt/homebrew/opt/libyaml/include -I/opt/homebrew/opt/gdbm/include -D_XOPEN_SOURCE -D_DARWIN_C_SOURCE -D_DARWIN_UNLIMITED_SELECT -D_REENTRANT   -g -O2 -pipe -m64  -c conftest.c"
checked program was:
/* begin */
1: #include "ruby.h"
2: 
3: #include <openssl/ssl.h>
4: /*top*/
5: #ifndef SSL_CTX_set_ecdh_auto
6: # error
7: |:/ === SSL_CTX_set_ecdh_auto undefined === /:|
8: #endif
/* end */

--------------------

have_func: checking for SSL_get_server_tmp_key() in openssl/ssl.h with -Werror=deprecated-declarations... -------------------- no

"gcc -o conftest -I../../.ext/include/arm64-darwin20 -I../.././include -I../.././ext/openssl  -I/opt/homebrew/opt/openssl@1.1/include -I/opt/homebrew/opt/readline/include -I/opt/homebrew/opt/libyaml/include -I/opt/homebrew/opt/gdbm/include -D_XOPEN_SOURCE -D_DARWIN_C_SOURCE -D_DARWIN_UNLIMITED_SELECT -D_REENTRANT   -g -O2 -pipe conftest.c  -L. -L../.. -L/opt/homebrew/opt/openssl@1.1/lib -L/opt/homebrew/opt/readline/lib -L/opt/homebrew/opt/libyaml/lib -L/opt/homebrew/opt/gdbm/lib -L. -fstack-protector-strong -L/opt/homebrew/opt/openssl@1.1/lib -L/opt/homebrew/opt/readline/lib -L/opt/homebrew/opt/libyaml/lib -L/opt/homebrew/opt/gdbm/lib  -m64  -lssl -lcrypto  -lruby.2.7-static -framework Security -framework Foundation -lpthread -ldl -lobjc -Werror=deprecated-declarations -lssl -lcrypto   "
conftest.c:16:57: error: use of undeclared identifier 'SSL_get_server_tmp_key'
int t(void) { void ((*volatile p)()); p = (void ((*)()))SSL_get_server_tmp_key; return !p; }
                                                        ^
1 error generated.
checked program was:
/* begin */
 1: #include "ruby.h"
 2: 
 3: #include <openssl/ssl.h>
 4: 
 5: /*top*/
 6: extern int t(void);
 7: int main(int argc, char **argv)
 8: {
 9:   if (argc > 1000000) {
10:     int (* volatile tp)(void)=(int (*)(void))&t;
11:     printf("%d", (*tp)());
12:   }
13: 
14:   return !!argv[argc];
15: }
16: int t(void) { void ((*volatile p)()); p = (void ((*)()))SSL_get_server_tmp_key; return !p; }
/* end */

"gcc -o conftest -I../../.ext/include/arm64-darwin20 -I../.././include -I../.././ext/openssl  -I/opt/homebrew/opt/openssl@1.1/include -I/opt/homebrew/opt/readline/include -I/opt/homebrew/opt/libyaml/include -I/opt/homebrew/opt/gdbm/include -D_XOPEN_SOURCE -D_DARWIN_C_SOURCE -D_DARWIN_UNLIMITED_SELECT -D_REENTRANT   -g -O2 -pipe conftest.c  -L. -L../.. -L/opt/homebrew/opt/openssl@1.1/lib -L/opt/homebrew/opt/readline/lib -L/opt/homebrew/opt/libyaml/lib -L/opt/homebrew/opt/gdbm/lib -L. -fstack-protector-strong -L/opt/homebrew/opt/openssl@1.1/lib -L/opt/homebrew/opt/readline/lib -L/opt/homebrew/opt/libyaml/lib -L/opt/homebrew/opt/gdbm/lib  -m64  -lssl -lcrypto  -lruby.2.7-static -framework Security -framework Foundation -lpthread -ldl -lobjc -Werror=deprecated-declarations -lssl -lcrypto   "
conftest.c:16:36: error: too few arguments provided to function-like macro invocation
extern void SSL_get_server_tmp_key();
                                   ^
/opt/homebrew/opt/openssl@1.1/include/openssl/ssl.h:1470:10: note: macro 'SSL_get_server_tmp_key' defined here
# define SSL_get_server_tmp_key(s, pk) \
         ^
conftest.c:17:38: error: too few arguments provided to function-like macro invocation
int t(void) { SSL_get_server_tmp_key(); return 0; }
                                     ^
/opt/homebrew/opt/openssl@1.1/include/openssl/ssl.h:1470:10: note: macro 'SSL_get_server_tmp_key' defined here
# define SSL_get_server_tmp_key(s, pk) \
         ^
2 errors generated.
checked program was:
/* begin */
 1: #include "ruby.h"
 2: 
 3: #include <openssl/ssl.h>
 4: 
 5: /*top*/
 6: extern int t(void);
 7: int main(int argc, char **argv)
 8: {
 9:   if (argc > 1000000) {
10:     int (* volatile tp)(void)=(int (*)(void))&t;
11:     printf("%d", (*tp)());
12:   }
13: 
14:   return !!argv[argc];
15: }
16: extern void SSL_get_server_tmp_key();
17: int t(void) { SSL_get_server_tmp_key(); return 0; }
/* end */

--------------------

have_macro: checking for SSL_get_server_tmp_key in openssl/ssl.h... -------------------- yes

"gcc -I../../.ext/include/arm64-darwin20 -I../.././include -I../.././ext/openssl  -I/opt/homebrew/opt/openssl@1.1/include -I/opt/homebrew/opt/readline/include -I/opt/homebrew/opt/libyaml/include -I/opt/homebrew/opt/gdbm/include -D_XOPEN_SOURCE -D_DARWIN_C_SOURCE -D_DARWIN_UNLIMITED_SELECT -D_REENTRANT   -g -O2 -pipe -m64  -c conftest.c"
checked program was:
/* begin */
1: #include "ruby.h"
2: 
3: #include <openssl/ssl.h>
4: /*top*/
5: #ifndef SSL_get_server_tmp_key
6: # error
7: |:/ === SSL_get_server_tmp_key undefined === /:|
8: #endif
/* end */

--------------------

have_func: checking for SSL_is_server()... -------------------- yes

"gcc -o conftest -I../../.ext/include/arm64-darwin20 -I../.././include -I../.././ext/openssl  -I/opt/homebrew/opt/openssl@1.1/include -I/opt/homebrew/opt/readline/include -I/opt/homebrew/opt/libyaml/include -I/opt/homebrew/opt/gdbm/include -D_XOPEN_SOURCE -D_DARWIN_C_SOURCE -D_DARWIN_UNLIMITED_SELECT -D_REENTRANT   -g -O2 -pipe conftest.c  -L. -L../.. -L/opt/homebrew/opt/openssl@1.1/lib -L/opt/homebrew/opt/readline/lib -L/opt/homebrew/opt/libyaml/lib -L/opt/homebrew/opt/gdbm/lib -L. -fstack-protector-strong -L/opt/homebrew/opt/openssl@1.1/lib -L/opt/homebrew/opt/readline/lib -L/opt/homebrew/opt/libyaml/lib -L/opt/homebrew/opt/gdbm/lib  -m64  -lssl -lcrypto  -lruby.2.7-static -framework Security -framework Foundation -lpthread -ldl -lobjc -lssl -lcrypto   "
conftest.c:14:57: error: use of undeclared identifier 'SSL_is_server'
int t(void) { void ((*volatile p)()); p = (void ((*)()))SSL_is_server; return !p; }
                                                        ^
1 error generated.
checked program was:
/* begin */
 1: #include "ruby.h"
 2: 
 3: /*top*/
 4: extern int t(void);
 5: int main(int argc, char **argv)
 6: {
 7:   if (argc > 1000000) {
 8:     int (* volatile tp)(void)=(int (*)(void))&t;
 9:     printf("%d", (*tp)());
10:   }
11: 
12:   return !!argv[argc];
13: }
14: int t(void) { void ((*volatile p)()); p = (void ((*)()))SSL_is_server; return !p; }
/* end */

"gcc -o conftest -I../../.ext/include/arm64-darwin20 -I../.././include -I../.././ext/openssl  -I/opt/homebrew/opt/openssl@1.1/include -I/opt/homebrew/opt/readline/include -I/opt/homebrew/opt/libyaml/include -I/opt/homebrew/opt/gdbm/include -D_XOPEN_SOURCE -D_DARWIN_C_SOURCE -D_DARWIN_UNLIMITED_SELECT -D_REENTRANT   -g -O2 -pipe conftest.c  -L. -L../.. -L/opt/homebrew/opt/openssl@1.1/lib -L/opt/homebrew/opt/readline/lib -L/opt/homebrew/opt/libyaml/lib -L/opt/homebrew/opt/gdbm/lib -L. -fstack-protector-strong -L/opt/homebrew/opt/openssl@1.1/lib -L/opt/homebrew/opt/readline/lib -L/opt/homebrew/opt/libyaml/lib -L/opt/homebrew/opt/gdbm/lib  -m64  -lssl -lcrypto  -lruby.2.7-static -framework Security -framework Foundation -lpthread -ldl -lobjc -lssl -lcrypto   "
checked program was:
/* begin */
 1: #include "ruby.h"
 2: 
 3: /*top*/
 4: extern int t(void);
 5: int main(int argc, char **argv)
 6: {
 7:   if (argc > 1000000) {
 8:     int (* volatile tp)(void)=(int (*)(void))&t;
 9:     printf("%d", (*tp)());
10:   }
11: 
12:   return !!argv[argc];
13: }
14: extern void SSL_is_server();
15: int t(void) { SSL_is_server(); return 0; }
/* end */

--------------------

have_struct_member: checking for SSL.ctx in openssl/ssl.h... -------------------- no

"gcc -I../../.ext/include/arm64-darwin20 -I../.././include -I../.././ext/openssl  -I/opt/homebrew/opt/openssl@1.1/include -I/opt/homebrew/opt/readline/include -I/opt/homebrew/opt/libyaml/include -I/opt/homebrew/opt/gdbm/include -D_XOPEN_SOURCE -D_DARWIN_C_SOURCE -D_DARWIN_UNLIMITED_SELECT -D_REENTRANT   -g -O2 -pipe -m64  -c conftest.c"
conftest.c:6:27: error: incomplete definition of type 'struct ssl_st'
int s = (char *)&((SSL*)0)->ctx - (char *)0;
                 ~~~~~~~~~^
/opt/homebrew/opt/openssl@1.1/include/openssl/ossl_typ.h:148:16: note: forward declaration of 'struct ssl_st'
typedef struct ssl_st SSL;
               ^
1 error generated.
checked program was:
/* begin */
 1: #include "ruby.h"
 2: 
 3: #include <openssl/ssl.h>
 4: 
 5: /*top*/
 6: int s = (char *)&((SSL*)0)->ctx - (char *)0;
 7: int main(int argc, char **argv)
 8: {
 9:   return !!argv[argc];
10: }
/* end */

--------------------

have_func: checking for CRYPTO_lock()... -------------------- no

"gcc -o conftest -I../../.ext/include/arm64-darwin20 -I../.././include -I../.././ext/openssl  -I/opt/homebrew/opt/openssl@1.1/include -I/opt/homebrew/opt/readline/include -I/opt/homebrew/opt/libyaml/include -I/opt/homebrew/opt/gdbm/include -D_XOPEN_SOURCE -D_DARWIN_C_SOURCE -D_DARWIN_UNLIMITED_SELECT -D_REENTRANT   -g -O2 -pipe conftest.c  -L. -L../.. -L/opt/homebrew/opt/openssl@1.1/lib -L/opt/homebrew/opt/readline/lib -L/opt/homebrew/opt/libyaml/lib -L/opt/homebrew/opt/gdbm/lib -L. -fstack-protector-strong -L/opt/homebrew/opt/openssl@1.1/lib -L/opt/homebrew/opt/readline/lib -L/opt/homebrew/opt/libyaml/lib -L/opt/homebrew/opt/gdbm/lib  -m64  -lssl -lcrypto  -lruby.2.7-static -framework Security -framework Foundation -lpthread -ldl -lobjc -lssl -lcrypto   "
conftest.c:14:57: error: use of undeclared identifier 'CRYPTO_lock'
int t(void) { void ((*volatile p)()); p = (void ((*)()))CRYPTO_lock; return !p; }
                                                        ^
1 error generated.
checked program was:
/* begin */
 1: #include "ruby.h"
 2: 
 3: /*top*/
 4: extern int t(void);
 5: int main(int argc, char **argv)
 6: {
 7:   if (argc > 1000000) {
 8:     int (* volatile tp)(void)=(int (*)(void))&t;
 9:     printf("%d", (*tp)());
10:   }
11: 
12:   return !!argv[argc];
13: }
14: int t(void) { void ((*volatile p)()); p = (void ((*)()))CRYPTO_lock; return !p; }
/* end */

"gcc -o conftest -I../../.ext/include/arm64-darwin20 -I../.././include -I../.././ext/openssl  -I/opt/homebrew/opt/openssl@1.1/include -I/opt/homebrew/opt/readline/include -I/opt/homebrew/opt/libyaml/include -I/opt/homebrew/opt/gdbm/include -D_XOPEN_SOURCE -D_DARWIN_C_SOURCE -D_DARWIN_UNLIMITED_SELECT -D_REENTRANT   -g -O2 -pipe conftest.c  -L. -L../.. -L/opt/homebrew/opt/openssl@1.1/lib -L/opt/homebrew/opt/readline/lib -L/opt/homebrew/opt/libyaml/lib -L/opt/homebrew/opt/gdbm/lib -L. -fstack-protector-strong -L/opt/homebrew/opt/openssl@1.1/lib -L/opt/homebrew/opt/readline/lib -L/opt/homebrew/opt/libyaml/lib -L/opt/homebrew/opt/gdbm/lib  -m64  -lssl -lcrypto  -lruby.2.7-static -framework Security -framework Foundation -lpthread -ldl -lobjc -lssl -lcrypto   "
Undefined symbols for architecture arm64:
  "_CRYPTO_lock", referenced from:
      _t in conftest-053609.o
ld: symbol(s) not found for architecture arm64
clang: error: linker command failed with exit code 1 (use -v to see invocation)
checked program was:
/* begin */
 1: #include "ruby.h"
 2: 
 3: /*top*/
 4: extern int t(void);
 5: int main(int argc, char **argv)
 6: {
 7:   if (argc > 1000000) {
 8:     int (* volatile tp)(void)=(int (*)(void))&t;
 9:     printf("%d", (*tp)());
10:   }
11: 
12:   return !!argv[argc];
13: }
14: extern void CRYPTO_lock();
15: int t(void) { CRYPTO_lock(); return 0; }
/* end */

--------------------

have_func: checking for BN_GENCB_new()... -------------------- yes

"gcc -o conftest -I../../.ext/include/arm64-darwin20 -I../.././include -I../.././ext/openssl  -I/opt/homebrew/opt/openssl@1.1/include -I/opt/homebrew/opt/readline/include -I/opt/homebrew/opt/libyaml/include -I/opt/homebrew/opt/gdbm/include -D_XOPEN_SOURCE -D_DARWIN_C_SOURCE -D_DARWIN_UNLIMITED_SELECT -D_REENTRANT   -g -O2 -pipe conftest.c  -L. -L../.. -L/opt/homebrew/opt/openssl@1.1/lib -L/opt/homebrew/opt/readline/lib -L/opt/homebrew/opt/libyaml/lib -L/opt/homebrew/opt/gdbm/lib -L. -fstack-protector-strong -L/opt/homebrew/opt/openssl@1.1/lib -L/opt/homebrew/opt/readline/lib -L/opt/homebrew/opt/libyaml/lib -L/opt/homebrew/opt/gdbm/lib  -m64  -lssl -lcrypto  -lruby.2.7-static -framework Security -framework Foundation -lpthread -ldl -lobjc -lssl -lcrypto   "
conftest.c:14:57: error: use of undeclared identifier 'BN_GENCB_new'
int t(void) { void ((*volatile p)()); p = (void ((*)()))BN_GENCB_new; return !p; }
                                                        ^
1 error generated.
checked program was:
/* begin */
 1: #include "ruby.h"
 2: 
 3: /*top*/
 4: extern int t(void);
 5: int main(int argc, char **argv)
 6: {
 7:   if (argc > 1000000) {
 8:     int (* volatile tp)(void)=(int (*)(void))&t;
 9:     printf("%d", (*tp)());
10:   }
11: 
12:   return !!argv[argc];
13: }
14: int t(void) { void ((*volatile p)()); p = (void ((*)()))BN_GENCB_new; return !p; }
/* end */

"gcc -o conftest -I../../.ext/include/arm64-darwin20 -I../.././include -I../.././ext/openssl  -I/opt/homebrew/opt/openssl@1.1/include -I/opt/homebrew/opt/readline/include -I/opt/homebrew/opt/libyaml/include -I/opt/homebrew/opt/gdbm/include -D_XOPEN_SOURCE -D_DARWIN_C_SOURCE -D_DARWIN_UNLIMITED_SELECT -D_REENTRANT   -g -O2 -pipe conftest.c  -L. -L../.. -L/opt/homebrew/opt/openssl@1.1/lib -L/opt/homebrew/opt/readline/lib -L/opt/homebrew/opt/libyaml/lib -L/opt/homebrew/opt/gdbm/lib -L. -fstack-protector-strong -L/opt/homebrew/opt/openssl@1.1/lib -L/opt/homebrew/opt/readline/lib -L/opt/homebrew/opt/libyaml/lib -L/opt/homebrew/opt/gdbm/lib  -m64  -lssl -lcrypto  -lruby.2.7-static -framework Security -framework Foundation -lpthread -ldl -lobjc -lssl -lcrypto   "
checked program was:
/* begin */
 1: #include "ruby.h"
 2: 
 3: /*top*/
 4: extern int t(void);
 5: int main(int argc, char **argv)
 6: {
 7:   if (argc > 1000000) {
 8:     int (* volatile tp)(void)=(int (*)(void))&t;
 9:     printf("%d", (*tp)());
10:   }
11: 
12:   return !!argv[argc];
13: }
14: extern void BN_GENCB_new();
15: int t(void) { BN_GENCB_new(); return 0; }
/* end */

--------------------

have_func: checking for BN_GENCB_free()... -------------------- yes

"gcc -o conftest -I../../.ext/include/arm64-darwin20 -I../.././include -I../.././ext/openssl  -I/opt/homebrew/opt/openssl@1.1/include -I/opt/homebrew/opt/readline/include -I/opt/homebrew/opt/libyaml/include -I/opt/homebrew/opt/gdbm/include -D_XOPEN_SOURCE -D_DARWIN_C_SOURCE -D_DARWIN_UNLIMITED_SELECT -D_REENTRANT   -g -O2 -pipe conftest.c  -L. -L../.. -L/opt/homebrew/opt/openssl@1.1/lib -L/opt/homebrew/opt/readline/lib -L/opt/homebrew/opt/libyaml/lib -L/opt/homebrew/opt/gdbm/lib -L. -fstack-protector-strong -L/opt/homebrew/opt/openssl@1.1/lib -L/opt/homebrew/opt/readline/lib -L/opt/homebrew/opt/libyaml/lib -L/opt/homebrew/opt/gdbm/lib  -m64  -lssl -lcrypto  -lruby.2.7-static -framework Security -framework Foundation -lpthread -ldl -lobjc -lssl -lcrypto   "
conftest.c:14:57: error: use of undeclared identifier 'BN_GENCB_free'
int t(void) { void ((*volatile p)()); p = (void ((*)()))BN_GENCB_free; return !p; }
                                                        ^
1 error generated.
checked program was:
/* begin */
 1: #include "ruby.h"
 2: 
 3: /*top*/
 4: extern int t(void);
 5: int main(int argc, char **argv)
 6: {
 7:   if (argc > 1000000) {
 8:     int (* volatile tp)(void)=(int (*)(void))&t;
 9:     printf("%d", (*tp)());
10:   }
11: 
12:   return !!argv[argc];
13: }
14: int t(void) { void ((*volatile p)()); p = (void ((*)()))BN_GENCB_free; return !p; }
/* end */

"gcc -o conftest -I../../.ext/include/arm64-darwin20 -I../.././include -I../.././ext/openssl  -I/opt/homebrew/opt/openssl@1.1/include -I/opt/homebrew/opt/readline/include -I/opt/homebrew/opt/libyaml/include -I/opt/homebrew/opt/gdbm/include -D_XOPEN_SOURCE -D_DARWIN_C_SOURCE -D_DARWIN_UNLIMITED_SELECT -D_REENTRANT   -g -O2 -pipe conftest.c  -L. -L../.. -L/opt/homebrew/opt/openssl@1.1/lib -L/opt/homebrew/opt/readline/lib -L/opt/homebrew/opt/libyaml/lib -L/opt/homebrew/opt/gdbm/lib -L. -fstack-protector-strong -L/opt/homebrew/opt/openssl@1.1/lib -L/opt/homebrew/opt/readline/lib -L/opt/homebrew/opt/libyaml/lib -L/opt/homebrew/opt/gdbm/lib  -m64  -lssl -lcrypto  -lruby.2.7-static -framework Security -framework Foundation -lpthread -ldl -lobjc -lssl -lcrypto   "
checked program was:
/* begin */
 1: #include "ruby.h"
 2: 
 3: /*top*/
 4: extern int t(void);
 5: int main(int argc, char **argv)
 6: {
 7:   if (argc > 1000000) {
 8:     int (* volatile tp)(void)=(int (*)(void))&t;
 9:     printf("%d", (*tp)());
10:   }
11: 
12:   return !!argv[argc];
13: }
14: extern void BN_GENCB_free();
15: int t(void) { BN_GENCB_free(); return 0; }
/* end */

--------------------

have_func: checking for BN_GENCB_get_arg()... -------------------- yes

"gcc -o conftest -I../../.ext/include/arm64-darwin20 -I../.././include -I../.././ext/openssl  -I/opt/homebrew/opt/openssl@1.1/include -I/opt/homebrew/opt/readline/include -I/opt/homebrew/opt/libyaml/include -I/opt/homebrew/opt/gdbm/include -D_XOPEN_SOURCE -D_DARWIN_C_SOURCE -D_DARWIN_UNLIMITED_SELECT -D_REENTRANT   -g -O2 -pipe conftest.c  -L. -L../.. -L/opt/homebrew/opt/openssl@1.1/lib -L/opt/homebrew/opt/readline/lib -L/opt/homebrew/opt/libyaml/lib -L/opt/homebrew/opt/gdbm/lib -L. -fstack-protector-strong -L/opt/homebrew/opt/openssl@1.1/lib -L/opt/homebrew/opt/readline/lib -L/opt/homebrew/opt/libyaml/lib -L/opt/homebrew/opt/gdbm/lib  -m64  -lssl -lcrypto  -lruby.2.7-static -framework Security -framework Foundation -lpthread -ldl -lobjc -lssl -lcrypto   "
conftest.c:14:57: error: use of undeclared identifier 'BN_GENCB_get_arg'
int t(void) { void ((*volatile p)()); p = (void ((*)()))BN_GENCB_get_arg; return !p; }
                                                        ^
1 error generated.
checked program was:
/* begin */
 1: #include "ruby.h"
 2: 
 3: /*top*/
 4: extern int t(void);
 5: int main(int argc, char **argv)
 6: {
 7:   if (argc > 1000000) {
 8:     int (* volatile tp)(void)=(int (*)(void))&t;
 9:     printf("%d", (*tp)());
10:   }
11: 
12:   return !!argv[argc];
13: }
14: int t(void) { void ((*volatile p)()); p = (void ((*)()))BN_GENCB_get_arg; return !p; }
/* end */

"gcc -o conftest -I../../.ext/include/arm64-darwin20 -I../.././include -I../.././ext/openssl  -I/opt/homebrew/opt/openssl@1.1/include -I/opt/homebrew/opt/readline/include -I/opt/homebrew/opt/libyaml/include -I/opt/homebrew/opt/gdbm/include -D_XOPEN_SOURCE -D_DARWIN_C_SOURCE -D_DARWIN_UNLIMITED_SELECT -D_REENTRANT   -g -O2 -pipe conftest.c  -L. -L../.. -L/opt/homebrew/opt/openssl@1.1/lib -L/opt/homebrew/opt/readline/lib -L/opt/homebrew/opt/libyaml/lib -L/opt/homebrew/opt/gdbm/lib -L. -fstack-protector-strong -L/opt/homebrew/opt/openssl@1.1/lib -L/opt/homebrew/opt/readline/lib -L/opt/homebrew/opt/libyaml/lib -L/opt/homebrew/opt/gdbm/lib  -m64  -lssl -lcrypto  -lruby.2.7-static -framework Security -framework Foundation -lpthread -ldl -lobjc -lssl -lcrypto   "
checked program was:
/* begin */
 1: #include "ruby.h"
 2: 
 3: /*top*/
 4: extern int t(void);
 5: int main(int argc, char **argv)
 6: {
 7:   if (argc > 1000000) {
 8:     int (* volatile tp)(void)=(int (*)(void))&t;
 9:     printf("%d", (*tp)());
10:   }
11: 
12:   return !!argv[argc];
13: }
14: extern void BN_GENCB_get_arg();
15: int t(void) { BN_GENCB_get_arg(); return 0; }
/* end */

--------------------

have_func: checking for EVP_MD_CTX_new()... -------------------- yes

"gcc -o conftest -I../../.ext/include/arm64-darwin20 -I../.././include -I../.././ext/openssl  -I/opt/homebrew/opt/openssl@1.1/include -I/opt/homebrew/opt/readline/include -I/opt/homebrew/opt/libyaml/include -I/opt/homebrew/opt/gdbm/include -D_XOPEN_SOURCE -D_DARWIN_C_SOURCE -D_DARWIN_UNLIMITED_SELECT -D_REENTRANT   -g -O2 -pipe conftest.c  -L. -L../.. -L/opt/homebrew/opt/openssl@1.1/lib -L/opt/homebrew/opt/readline/lib -L/opt/homebrew/opt/libyaml/lib -L/opt/homebrew/opt/gdbm/lib -L. -fstack-protector-strong -L/opt/homebrew/opt/openssl@1.1/lib -L/opt/homebrew/opt/readline/lib -L/opt/homebrew/opt/libyaml/lib -L/opt/homebrew/opt/gdbm/lib  -m64  -lssl -lcrypto  -lruby.2.7-static -framework Security -framework Foundation -lpthread -ldl -lobjc -lssl -lcrypto   "
conftest.c:14:57: error: use of undeclared identifier 'EVP_MD_CTX_new'
int t(void) { void ((*volatile p)()); p = (void ((*)()))EVP_MD_CTX_new; return !p; }
                                                        ^
1 error generated.
checked program was:
/* begin */
 1: #include "ruby.h"
 2: 
 3: /*top*/
 4: extern int t(void);
 5: int main(int argc, char **argv)
 6: {
 7:   if (argc > 1000000) {
 8:     int (* volatile tp)(void)=(int (*)(void))&t;
 9:     printf("%d", (*tp)());
10:   }
11: 
12:   return !!argv[argc];
13: }
14: int t(void) { void ((*volatile p)()); p = (void ((*)()))EVP_MD_CTX_new; return !p; }
/* end */

"gcc -o conftest -I../../.ext/include/arm64-darwin20 -I../.././include -I../.././ext/openssl  -I/opt/homebrew/opt/openssl@1.1/include -I/opt/homebrew/opt/readline/include -I/opt/homebrew/opt/libyaml/include -I/opt/homebrew/opt/gdbm/include -D_XOPEN_SOURCE -D_DARWIN_C_SOURCE -D_DARWIN_UNLIMITED_SELECT -D_REENTRANT   -g -O2 -pipe conftest.c  -L. -L../.. -L/opt/homebrew/opt/openssl@1.1/lib -L/opt/homebrew/opt/readline/lib -L/opt/homebrew/opt/libyaml/lib -L/opt/homebrew/opt/gdbm/lib -L. -fstack-protector-strong -L/opt/homebrew/opt/openssl@1.1/lib -L/opt/homebrew/opt/readline/lib -L/opt/homebrew/opt/libyaml/lib -L/opt/homebrew/opt/gdbm/lib  -m64  -lssl -lcrypto  -lruby.2.7-static -framework Security -framework Foundation -lpthread -ldl -lobjc -lssl -lcrypto   "
checked program was:
/* begin */
 1: #include "ruby.h"
 2: 
 3: /*top*/
 4: extern int t(void);
 5: int main(int argc, char **argv)
 6: {
 7:   if (argc > 1000000) {
 8:     int (* volatile tp)(void)=(int (*)(void))&t;
 9:     printf("%d", (*tp)());
10:   }
11: 
12:   return !!argv[argc];
13: }
14: extern void EVP_MD_CTX_new();
15: int t(void) { EVP_MD_CTX_new(); return 0; }
/* end */

--------------------

have_func: checking for EVP_MD_CTX_free()... -------------------- yes

"gcc -o conftest -I../../.ext/include/arm64-darwin20 -I../.././include -I../.././ext/openssl  -I/opt/homebrew/opt/openssl@1.1/include -I/opt/homebrew/opt/readline/include -I/opt/homebrew/opt/libyaml/include -I/opt/homebrew/opt/gdbm/include -D_XOPEN_SOURCE -D_DARWIN_C_SOURCE -D_DARWIN_UNLIMITED_SELECT -D_REENTRANT   -g -O2 -pipe conftest.c  -L. -L../.. -L/opt/homebrew/opt/openssl@1.1/lib -L/opt/homebrew/opt/readline/lib -L/opt/homebrew/opt/libyaml/lib -L/opt/homebrew/opt/gdbm/lib -L. -fstack-protector-strong -L/opt/homebrew/opt/openssl@1.1/lib -L/opt/homebrew/opt/readline/lib -L/opt/homebrew/opt/libyaml/lib -L/opt/homebrew/opt/gdbm/lib  -m64  -lssl -lcrypto  -lruby.2.7-static -framework Security -framework Foundation -lpthread -ldl -lobjc -lssl -lcrypto   "
conftest.c:14:57: error: use of undeclared identifier 'EVP_MD_CTX_free'
int t(void) { void ((*volatile p)()); p = (void ((*)()))EVP_MD_CTX_free; return !p; }
                                                        ^
1 error generated.
checked program was:
/* begin */
 1: #include "ruby.h"
 2: 
 3: /*top*/
 4: extern int t(void);
 5: int main(int argc, char **argv)
 6: {
 7:   if (argc > 1000000) {
 8:     int (* volatile tp)(void)=(int (*)(void))&t;
 9:     printf("%d", (*tp)());
10:   }
11: 
12:   return !!argv[argc];
13: }
14: int t(void) { void ((*volatile p)()); p = (void ((*)()))EVP_MD_CTX_free; return !p; }
/* end */

"gcc -o conftest -I../../.ext/include/arm64-darwin20 -I../.././include -I../.././ext/openssl  -I/opt/homebrew/opt/openssl@1.1/include -I/opt/homebrew/opt/readline/include -I/opt/homebrew/opt/libyaml/include -I/opt/homebrew/opt/gdbm/include -D_XOPEN_SOURCE -D_DARWIN_C_SOURCE -D_DARWIN_UNLIMITED_SELECT -D_REENTRANT   -g -O2 -pipe conftest.c  -L. -L../.. -L/opt/homebrew/opt/openssl@1.1/lib -L/opt/homebrew/opt/readline/lib -L/opt/homebrew/opt/libyaml/lib -L/opt/homebrew/opt/gdbm/lib -L. -fstack-protector-strong -L/opt/homebrew/opt/openssl@1.1/lib -L/opt/homebrew/opt/readline/lib -L/opt/homebrew/opt/libyaml/lib -L/opt/homebrew/opt/gdbm/lib  -m64  -lssl -lcrypto  -lruby.2.7-static -framework Security -framework Foundation -lpthread -ldl -lobjc -lssl -lcrypto   "
checked program was:
/* begin */
 1: #include "ruby.h"
 2: 
 3: /*top*/
 4: extern int t(void);
 5: int main(int argc, char **argv)
 6: {
 7:   if (argc > 1000000) {
 8:     int (* volatile tp)(void)=(int (*)(void))&t;
 9:     printf("%d", (*tp)());
10:   }
11: 
12:   return !!argv[argc];
13: }
14: extern void EVP_MD_CTX_free();
15: int t(void) { EVP_MD_CTX_free(); return 0; }
/* end */

--------------------

have_func: checking for HMAC_CTX_new()... -------------------- yes

"gcc -o conftest -I../../.ext/include/arm64-darwin20 -I../.././include -I../.././ext/openssl  -I/opt/homebrew/opt/openssl@1.1/include -I/opt/homebrew/opt/readline/include -I/opt/homebrew/opt/libyaml/include -I/opt/homebrew/opt/gdbm/include -D_XOPEN_SOURCE -D_DARWIN_C_SOURCE -D_DARWIN_UNLIMITED_SELECT -D_REENTRANT   -g -O2 -pipe conftest.c  -L. -L../.. -L/opt/homebrew/opt/openssl@1.1/lib -L/opt/homebrew/opt/readline/lib -L/opt/homebrew/opt/libyaml/lib -L/opt/homebrew/opt/gdbm/lib -L. -fstack-protector-strong -L/opt/homebrew/opt/openssl@1.1/lib -L/opt/homebrew/opt/readline/lib -L/opt/homebrew/opt/libyaml/lib -L/opt/homebrew/opt/gdbm/lib  -m64  -lssl -lcrypto  -lruby.2.7-static -framework Security -framework Foundation -lpthread -ldl -lobjc -lssl -lcrypto   "
conftest.c:14:57: error: use of undeclared identifier 'HMAC_CTX_new'
int t(void) { void ((*volatile p)()); p = (void ((*)()))HMAC_CTX_new; return !p; }
                                                        ^
1 error generated.
checked program was:
/* begin */
 1: #include "ruby.h"
 2: 
 3: /*top*/
 4: extern int t(void);
 5: int main(int argc, char **argv)
 6: {
 7:   if (argc > 1000000) {
 8:     int (* volatile tp)(void)=(int (*)(void))&t;
 9:     printf("%d", (*tp)());
10:   }
11: 
12:   return !!argv[argc];
13: }
14: int t(void) { void ((*volatile p)()); p = (void ((*)()))HMAC_CTX_new; return !p; }
/* end */

"gcc -o conftest -I../../.ext/include/arm64-darwin20 -I../.././include -I../.././ext/openssl  -I/opt/homebrew/opt/openssl@1.1/include -I/opt/homebrew/opt/readline/include -I/opt/homebrew/opt/libyaml/include -I/opt/homebrew/opt/gdbm/include -D_XOPEN_SOURCE -D_DARWIN_C_SOURCE -D_DARWIN_UNLIMITED_SELECT -D_REENTRANT   -g -O2 -pipe conftest.c  -L. -L../.. -L/opt/homebrew/opt/openssl@1.1/lib -L/opt/homebrew/opt/readline/lib -L/opt/homebrew/opt/libyaml/lib -L/opt/homebrew/opt/gdbm/lib -L. -fstack-protector-strong -L/opt/homebrew/opt/openssl@1.1/lib -L/opt/homebrew/opt/readline/lib -L/opt/homebrew/opt/libyaml/lib -L/opt/homebrew/opt/gdbm/lib  -m64  -lssl -lcrypto  -lruby.2.7-static -framework Security -framework Foundation -lpthread -ldl -lobjc -lssl -lcrypto   "
checked program was:
/* begin */
 1: #include "ruby.h"
 2: 
 3: /*top*/
 4: extern int t(void);
 5: int main(int argc, char **argv)
 6: {
 7:   if (argc > 1000000) {
 8:     int (* volatile tp)(void)=(int (*)(void))&t;
 9:     printf("%d", (*tp)());
10:   }
11: 
12:   return !!argv[argc];
13: }
14: extern void HMAC_CTX_new();
15: int t(void) { HMAC_CTX_new(); return 0; }
/* end */

--------------------

have_func: checking for HMAC_CTX_free()... -------------------- yes

"gcc -o conftest -I../../.ext/include/arm64-darwin20 -I../.././include -I../.././ext/openssl  -I/opt/homebrew/opt/openssl@1.1/include -I/opt/homebrew/opt/readline/include -I/opt/homebrew/opt/libyaml/include -I/opt/homebrew/opt/gdbm/include -D_XOPEN_SOURCE -D_DARWIN_C_SOURCE -D_DARWIN_UNLIMITED_SELECT -D_REENTRANT   -g -O2 -pipe conftest.c  -L. -L../.. -L/opt/homebrew/opt/openssl@1.1/lib -L/opt/homebrew/opt/readline/lib -L/opt/homebrew/opt/libyaml/lib -L/opt/homebrew/opt/gdbm/lib -L. -fstack-protector-strong -L/opt/homebrew/opt/openssl@1.1/lib -L/opt/homebrew/opt/readline/lib -L/opt/homebrew/opt/libyaml/lib -L/opt/homebrew/opt/gdbm/lib  -m64  -lssl -lcrypto  -lruby.2.7-static -framework Security -framework Foundation -lpthread -ldl -lobjc -lssl -lcrypto   "
conftest.c:14:57: error: use of undeclared identifier 'HMAC_CTX_free'
int t(void) { void ((*volatile p)()); p = (void ((*)()))HMAC_CTX_free; return !p; }
                                                        ^
1 error generated.
checked program was:
/* begin */
 1: #include "ruby.h"
 2: 
 3: /*top*/
 4: extern int t(void);
 5: int main(int argc, char **argv)
 6: {
 7:   if (argc > 1000000) {
 8:     int (* volatile tp)(void)=(int (*)(void))&t;
 9:     printf("%d", (*tp)());
10:   }
11: 
12:   return !!argv[argc];
13: }
14: int t(void) { void ((*volatile p)()); p = (void ((*)()))HMAC_CTX_free; return !p; }
/* end */

"gcc -o conftest -I../../.ext/include/arm64-darwin20 -I../.././include -I../.././ext/openssl  -I/opt/homebrew/opt/openssl@1.1/include -I/opt/homebrew/opt/readline/include -I/opt/homebrew/opt/libyaml/include -I/opt/homebrew/opt/gdbm/include -D_XOPEN_SOURCE -D_DARWIN_C_SOURCE -D_DARWIN_UNLIMITED_SELECT -D_REENTRANT   -g -O2 -pipe conftest.c  -L. -L../.. -L/opt/homebrew/opt/openssl@1.1/lib -L/opt/homebrew/opt/readline/lib -L/opt/homebrew/opt/libyaml/lib -L/opt/homebrew/opt/gdbm/lib -L. -fstack-protector-strong -L/opt/homebrew/opt/openssl@1.1/lib -L/opt/homebrew/opt/readline/lib -L/opt/homebrew/opt/libyaml/lib -L/opt/homebrew/opt/gdbm/lib  -m64  -lssl -lcrypto  -lruby.2.7-static -framework Security -framework Foundation -lpthread -ldl -lobjc -lssl -lcrypto   "
checked program was:
/* begin */
 1: #include "ruby.h"
 2: 
 3: /*top*/
 4: extern int t(void);
 5: int main(int argc, char **argv)
 6: {
 7:   if (argc > 1000000) {
 8:     int (* volatile tp)(void)=(int (*)(void))&t;
 9:     printf("%d", (*tp)());
10:   }
11: 
12:   return !!argv[argc];
13: }
14: extern void HMAC_CTX_free();
15: int t(void) { HMAC_CTX_free(); return 0; }
/* end */

--------------------

have_func: checking for RAND_pseudo_bytes() in openssl/rand.h with -Werror=deprecated-declarations... -------------------- no

"gcc -o conftest -I../../.ext/include/arm64-darwin20 -I../.././include -I../.././ext/openssl  -I/opt/homebrew/opt/openssl@1.1/include -I/opt/homebrew/opt/readline/include -I/opt/homebrew/opt/libyaml/include -I/opt/homebrew/opt/gdbm/include -D_XOPEN_SOURCE -D_DARWIN_C_SOURCE -D_DARWIN_UNLIMITED_SELECT -D_REENTRANT   -g -O2 -pipe conftest.c  -L. -L../.. -L/opt/homebrew/opt/openssl@1.1/lib -L/opt/homebrew/opt/readline/lib -L/opt/homebrew/opt/libyaml/lib -L/opt/homebrew/opt/gdbm/lib -L. -fstack-protector-strong -L/opt/homebrew/opt/openssl@1.1/lib -L/opt/homebrew/opt/readline/lib -L/opt/homebrew/opt/libyaml/lib -L/opt/homebrew/opt/gdbm/lib  -m64  -lssl -lcrypto  -lruby.2.7-static -framework Security -framework Foundation -lpthread -ldl -lobjc -Werror=deprecated-declarations -lssl -lcrypto   "
conftest.c:16:57: error: 'RAND_pseudo_bytes' is deprecated [-Werror,-Wdeprecated-declarations]
int t(void) { void ((*volatile p)()); p = (void ((*)()))RAND_pseudo_bytes; return !p; }
                                                        ^
/opt/homebrew/opt/openssl@1.1/include/openssl/rand.h:44:1: note: 'RAND_pseudo_bytes' has been explicitly marked deprecated here
DEPRECATEDIN_1_1_0(int RAND_pseudo_bytes(unsigned char *buf, int num))
^
/opt/homebrew/opt/openssl@1.1/include/openssl/opensslconf.h:160:34: note: expanded from macro 'DEPRECATEDIN_1_1_0'
# define DEPRECATEDIN_1_1_0(f)   DECLARE_DEPRECATED(f)
                                 ^
/opt/homebrew/opt/openssl@1.1/include/openssl/opensslconf.h:118:55: note: expanded from macro 'DECLARE_DEPRECATED'
#   define DECLARE_DEPRECATED(f)    f __attribute__ ((deprecated));
                                                      ^
1 error generated.
checked program was:
/* begin */
 1: #include "ruby.h"
 2: 
 3: #include <openssl/rand.h>
 4: 
 5: /*top*/
 6: extern int t(void);
 7: int main(int argc, char **argv)
 8: {
 9:   if (argc > 1000000) {
10:     int (* volatile tp)(void)=(int (*)(void))&t;
11:     printf("%d", (*tp)());
12:   }
13: 
14:   return !!argv[argc];
15: }
16: int t(void) { void ((*volatile p)()); p = (void ((*)()))RAND_pseudo_bytes; return !p; }
/* end */

"gcc -o conftest -I../../.ext/include/arm64-darwin20 -I../.././include -I../.././ext/openssl  -I/opt/homebrew/opt/openssl@1.1/include -I/opt/homebrew/opt/readline/include -I/opt/homebrew/opt/libyaml/include -I/opt/homebrew/opt/gdbm/include -D_XOPEN_SOURCE -D_DARWIN_C_SOURCE -D_DARWIN_UNLIMITED_SELECT -D_REENTRANT   -g -O2 -pipe conftest.c  -L. -L../.. -L/opt/homebrew/opt/openssl@1.1/lib -L/opt/homebrew/opt/readline/lib -L/opt/homebrew/opt/libyaml/lib -L/opt/homebrew/opt/gdbm/lib -L. -fstack-protector-strong -L/opt/homebrew/opt/openssl@1.1/lib -L/opt/homebrew/opt/readline/lib -L/opt/homebrew/opt/libyaml/lib -L/opt/homebrew/opt/gdbm/lib  -m64  -lssl -lcrypto  -lruby.2.7-static -framework Security -framework Foundation -lpthread -ldl -lobjc -Werror=deprecated-declarations -lssl -lcrypto   "
conftest.c:16:13: error: conflicting types for 'RAND_pseudo_bytes'
extern void RAND_pseudo_bytes();
            ^
/opt/homebrew/opt/openssl@1.1/include/openssl/rand.h:44:24: note: previous declaration is here
DEPRECATEDIN_1_1_0(int RAND_pseudo_bytes(unsigned char *buf, int num))
                       ^
conftest.c:17:15: error: 'RAND_pseudo_bytes' is deprecated [-Werror,-Wdeprecated-declarations]
int t(void) { RAND_pseudo_bytes(); return 0; }
              ^
/opt/homebrew/opt/openssl@1.1/include/openssl/rand.h:44:1: note: 'RAND_pseudo_bytes' has been explicitly marked deprecated here
DEPRECATEDIN_1_1_0(int RAND_pseudo_bytes(unsigned char *buf, int num))
^
/opt/homebrew/opt/openssl@1.1/include/openssl/opensslconf.h:160:34: note: expanded from macro 'DEPRECATEDIN_1_1_0'
# define DEPRECATEDIN_1_1_0(f)   DECLARE_DEPRECATED(f)
                                 ^
/opt/homebrew/opt/openssl@1.1/include/openssl/opensslconf.h:118:55: note: expanded from macro 'DECLARE_DEPRECATED'
#   define DECLARE_DEPRECATED(f)    f __attribute__ ((deprecated));
                                                      ^
conftest.c:17:33: error: too few arguments to function call, expected 2, have 0
int t(void) { RAND_pseudo_bytes(); return 0; }
              ~~~~~~~~~~~~~~~~~ ^
/opt/homebrew/opt/openssl@1.1/include/openssl/rand.h:44:24: note: 'RAND_pseudo_bytes' declared here
DEPRECATEDIN_1_1_0(int RAND_pseudo_bytes(unsigned char *buf, int num))
                       ^
3 errors generated.
checked program was:
/* begin */
 1: #include "ruby.h"
 2: 
 3: #include <openssl/rand.h>
 4: 
 5: /*top*/
 6: extern int t(void);
 7: int main(int argc, char **argv)
 8: {
 9:   if (argc > 1000000) {
10:     int (* volatile tp)(void)=(int (*)(void))&t;
11:     printf("%d", (*tp)());
12:   }
13: 
14:   return !!argv[argc];
15: }
16: extern void RAND_pseudo_bytes();
17: int t(void) { RAND_pseudo_bytes(); return 0; }
/* end */

--------------------

have_func: checking for X509_STORE_get_ex_data()... -------------------- yes

"gcc -o conftest -I../../.ext/include/arm64-darwin20 -I../.././include -I../.././ext/openssl  -I/opt/homebrew/opt/openssl@1.1/include -I/opt/homebrew/opt/readline/include -I/opt/homebrew/opt/libyaml/include -I/opt/homebrew/opt/gdbm/include -D_XOPEN_SOURCE -D_DARWIN_C_SOURCE -D_DARWIN_UNLIMITED_SELECT -D_REENTRANT   -g -O2 -pipe conftest.c  -L. -L../.. -L/opt/homebrew/opt/openssl@1.1/lib -L/opt/homebrew/opt/readline/lib -L/opt/homebrew/opt/libyaml/lib -L/opt/homebrew/opt/gdbm/lib -L. -fstack-protector-strong -L/opt/homebrew/opt/openssl@1.1/lib -L/opt/homebrew/opt/readline/lib -L/opt/homebrew/opt/libyaml/lib -L/opt/homebrew/opt/gdbm/lib  -m64  -lssl -lcrypto  -lruby.2.7-static -framework Security -framework Foundation -lpthread -ldl -lobjc -lssl -lcrypto   "
conftest.c:14:57: error: use of undeclared identifier 'X509_STORE_get_ex_data'
int t(void) { void ((*volatile p)()); p = (void ((*)()))X509_STORE_get_ex_data; return !p; }
                                                        ^
1 error generated.
checked program was:
/* begin */
 1: #include "ruby.h"
 2: 
 3: /*top*/
 4: extern int t(void);
 5: int main(int argc, char **argv)
 6: {
 7:   if (argc > 1000000) {
 8:     int (* volatile tp)(void)=(int (*)(void))&t;
 9:     printf("%d", (*tp)());
10:   }
11: 
12:   return !!argv[argc];
13: }
14: int t(void) { void ((*volatile p)()); p = (void ((*)()))X509_STORE_get_ex_data; return !p; }
/* end */

"gcc -o conftest -I../../.ext/include/arm64-darwin20 -I../.././include -I../.././ext/openssl  -I/opt/homebrew/opt/openssl@1.1/include -I/opt/homebrew/opt/readline/include -I/opt/homebrew/opt/libyaml/include -I/opt/homebrew/opt/gdbm/include -D_XOPEN_SOURCE -D_DARWIN_C_SOURCE -D_DARWIN_UNLIMITED_SELECT -D_REENTRANT   -g -O2 -pipe conftest.c  -L. -L../.. -L/opt/homebrew/opt/openssl@1.1/lib -L/opt/homebrew/opt/readline/lib -L/opt/homebrew/opt/libyaml/lib -L/opt/homebrew/opt/gdbm/lib -L. -fstack-protector-strong -L/opt/homebrew/opt/openssl@1.1/lib -L/opt/homebrew/opt/readline/lib -L/opt/homebrew/opt/libyaml/lib -L/opt/homebrew/opt/gdbm/lib  -m64  -lssl -lcrypto  -lruby.2.7-static -framework Security -framework Foundation -lpthread -ldl -lobjc -lssl -lcrypto   "
checked program was:
/* begin */
 1: #include "ruby.h"
 2: 
 3: /*top*/
 4: extern int t(void);
 5: int main(int argc, char **argv)
 6: {
 7:   if (argc > 1000000) {
 8:     int (* volatile tp)(void)=(int (*)(void))&t;
 9:     printf("%d", (*tp)());
10:   }
11: 
12:   return !!argv[argc];
13: }
14: extern void X509_STORE_get_ex_data();
15: int t(void) { X509_STORE_get_ex_data(); return 0; }
/* end */

--------------------

have_func: checking for X509_STORE_set_ex_data()... -------------------- yes

"gcc -o conftest -I../../.ext/include/arm64-darwin20 -I../.././include -I../.././ext/openssl  -I/opt/homebrew/opt/openssl@1.1/include -I/opt/homebrew/opt/readline/include -I/opt/homebrew/opt/libyaml/include -I/opt/homebrew/opt/gdbm/include -D_XOPEN_SOURCE -D_DARWIN_C_SOURCE -D_DARWIN_UNLIMITED_SELECT -D_REENTRANT   -g -O2 -pipe conftest.c  -L. -L../.. -L/opt/homebrew/opt/openssl@1.1/lib -L/opt/homebrew/opt/readline/lib -L/opt/homebrew/opt/libyaml/lib -L/opt/homebrew/opt/gdbm/lib -L. -fstack-protector-strong -L/opt/homebrew/opt/openssl@1.1/lib -L/opt/homebrew/opt/readline/lib -L/opt/homebrew/opt/libyaml/lib -L/opt/homebrew/opt/gdbm/lib  -m64  -lssl -lcrypto  -lruby.2.7-static -framework Security -framework Foundation -lpthread -ldl -lobjc -lssl -lcrypto   "
conftest.c:14:57: error: use of undeclared identifier 'X509_STORE_set_ex_data'
int t(void) { void ((*volatile p)()); p = (void ((*)()))X509_STORE_set_ex_data; return !p; }
                                                        ^
1 error generated.
checked program was:
/* begin */
 1: #include "ruby.h"
 2: 
 3: /*top*/
 4: extern int t(void);
 5: int main(int argc, char **argv)
 6: {
 7:   if (argc > 1000000) {
 8:     int (* volatile tp)(void)=(int (*)(void))&t;
 9:     printf("%d", (*tp)());
10:   }
11: 
12:   return !!argv[argc];
13: }
14: int t(void) { void ((*volatile p)()); p = (void ((*)()))X509_STORE_set_ex_data; return !p; }
/* end */

"gcc -o conftest -I../../.ext/include/arm64-darwin20 -I../.././include -I../.././ext/openssl  -I/opt/homebrew/opt/openssl@1.1/include -I/opt/homebrew/opt/readline/include -I/opt/homebrew/opt/libyaml/include -I/opt/homebrew/opt/gdbm/include -D_XOPEN_SOURCE -D_DARWIN_C_SOURCE -D_DARWIN_UNLIMITED_SELECT -D_REENTRANT   -g -O2 -pipe conftest.c  -L. -L../.. -L/opt/homebrew/opt/openssl@1.1/lib -L/opt/homebrew/opt/readline/lib -L/opt/homebrew/opt/libyaml/lib -L/opt/homebrew/opt/gdbm/lib -L. -fstack-protector-strong -L/opt/homebrew/opt/openssl@1.1/lib -L/opt/homebrew/opt/readline/lib -L/opt/homebrew/opt/libyaml/lib -L/opt/homebrew/opt/gdbm/lib  -m64  -lssl -lcrypto  -lruby.2.7-static -framework Security -framework Foundation -lpthread -ldl -lobjc -lssl -lcrypto   "
checked program was:
/* begin */
 1: #include "ruby.h"
 2: 
 3: /*top*/
 4: extern int t(void);
 5: int main(int argc, char **argv)
 6: {
 7:   if (argc > 1000000) {
 8:     int (* volatile tp)(void)=(int (*)(void))&t;
 9:     printf("%d", (*tp)());
10:   }
11: 
12:   return !!argv[argc];
13: }
14: extern void X509_STORE_set_ex_data();
15: int t(void) { X509_STORE_set_ex_data(); return 0; }
/* end */

--------------------

have_func: checking for X509_CRL_get0_signature()... -------------------- yes

"gcc -o conftest -I../../.ext/include/arm64-darwin20 -I../.././include -I../.././ext/openssl  -I/opt/homebrew/opt/openssl@1.1/include -I/opt/homebrew/opt/readline/include -I/opt/homebrew/opt/libyaml/include -I/opt/homebrew/opt/gdbm/include -D_XOPEN_SOURCE -D_DARWIN_C_SOURCE -D_DARWIN_UNLIMITED_SELECT -D_REENTRANT   -g -O2 -pipe conftest.c  -L. -L../.. -L/opt/homebrew/opt/openssl@1.1/lib -L/opt/homebrew/opt/readline/lib -L/opt/homebrew/opt/libyaml/lib -L/opt/homebrew/opt/gdbm/lib -L. -fstack-protector-strong -L/opt/homebrew/opt/openssl@1.1/lib -L/opt/homebrew/opt/readline/lib -L/opt/homebrew/opt/libyaml/lib -L/opt/homebrew/opt/gdbm/lib  -m64  -lssl -lcrypto  -lruby.2.7-static -framework Security -framework Foundation -lpthread -ldl -lobjc -lssl -lcrypto   "
conftest.c:14:57: error: use of undeclared identifier 'X509_CRL_get0_signature'
int t(void) { void ((*volatile p)()); p = (void ((*)()))X509_CRL_get0_signature; return !p; }
                                                        ^
1 error generated.
checked program was:
/* begin */
 1: #include "ruby.h"
 2: 
 3: /*top*/
 4: extern int t(void);
 5: int main(int argc, char **argv)
 6: {
 7:   if (argc > 1000000) {
 8:     int (* volatile tp)(void)=(int (*)(void))&t;
 9:     printf("%d", (*tp)());
10:   }
11: 
12:   return !!argv[argc];
13: }
14: int t(void) { void ((*volatile p)()); p = (void ((*)()))X509_CRL_get0_signature; return !p; }
/* end */

"gcc -o conftest -I../../.ext/include/arm64-darwin20 -I../.././include -I../.././ext/openssl  -I/opt/homebrew/opt/openssl@1.1/include -I/opt/homebrew/opt/readline/include -I/opt/homebrew/opt/libyaml/include -I/opt/homebrew/opt/gdbm/include -D_XOPEN_SOURCE -D_DARWIN_C_SOURCE -D_DARWIN_UNLIMITED_SELECT -D_REENTRANT   -g -O2 -pipe conftest.c  -L. -L../.. -L/opt/homebrew/opt/openssl@1.1/lib -L/opt/homebrew/opt/readline/lib -L/opt/homebrew/opt/libyaml/lib -L/opt/homebrew/opt/gdbm/lib -L. -fstack-protector-strong -L/opt/homebrew/opt/openssl@1.1/lib -L/opt/homebrew/opt/readline/lib -L/opt/homebrew/opt/libyaml/lib -L/opt/homebrew/opt/gdbm/lib  -m64  -lssl -lcrypto  -lruby.2.7-static -framework Security -framework Foundation -lpthread -ldl -lobjc -lssl -lcrypto   "
checked program was:
/* begin */
 1: #include "ruby.h"
 2: 
 3: /*top*/
 4: extern int t(void);
 5: int main(int argc, char **argv)
 6: {
 7:   if (argc > 1000000) {
 8:     int (* volatile tp)(void)=(int (*)(void))&t;
 9:     printf("%d", (*tp)());
10:   }
11: 
12:   return !!argv[argc];
13: }
14: extern void X509_CRL_get0_signature();
15: int t(void) { X509_CRL_get0_signature(); return 0; }
/* end */

--------------------

have_func: checking for X509_REQ_get0_signature()... -------------------- yes

"gcc -o conftest -I../../.ext/include/arm64-darwin20 -I../.././include -I../.././ext/openssl  -I/opt/homebrew/opt/openssl@1.1/include -I/opt/homebrew/opt/readline/include -I/opt/homebrew/opt/libyaml/include -I/opt/homebrew/opt/gdbm/include -D_XOPEN_SOURCE -D_DARWIN_C_SOURCE -D_DARWIN_UNLIMITED_SELECT -D_REENTRANT   -g -O2 -pipe conftest.c  -L. -L../.. -L/opt/homebrew/opt/openssl@1.1/lib -L/opt/homebrew/opt/readline/lib -L/opt/homebrew/opt/libyaml/lib -L/opt/homebrew/opt/gdbm/lib -L. -fstack-protector-strong -L/opt/homebrew/opt/openssl@1.1/lib -L/opt/homebrew/opt/readline/lib -L/opt/homebrew/opt/libyaml/lib -L/opt/homebrew/opt/gdbm/lib  -m64  -lssl -lcrypto  -lruby.2.7-static -framework Security -framework Foundation -lpthread -ldl -lobjc -lssl -lcrypto   "
conftest.c:14:57: error: use of undeclared identifier 'X509_REQ_get0_signature'
int t(void) { void ((*volatile p)()); p = (void ((*)()))X509_REQ_get0_signature; return !p; }
                                                        ^
1 error generated.
checked program was:
/* begin */
 1: #include "ruby.h"
 2: 
 3: /*top*/
 4: extern int t(void);
 5: int main(int argc, char **argv)
 6: {
 7:   if (argc > 1000000) {
 8:     int (* volatile tp)(void)=(int (*)(void))&t;
 9:     printf("%d", (*tp)());
10:   }
11: 
12:   return !!argv[argc];
13: }
14: int t(void) { void ((*volatile p)()); p = (void ((*)()))X509_REQ_get0_signature; return !p; }
/* end */

"gcc -o conftest -I../../.ext/include/arm64-darwin20 -I../.././include -I../.././ext/openssl  -I/opt/homebrew/opt/openssl@1.1/include -I/opt/homebrew/opt/readline/include -I/opt/homebrew/opt/libyaml/include -I/opt/homebrew/opt/gdbm/include -D_XOPEN_SOURCE -D_DARWIN_C_SOURCE -D_DARWIN_UNLIMITED_SELECT -D_REENTRANT   -g -O2 -pipe conftest.c  -L. -L../.. -L/opt/homebrew/opt/openssl@1.1/lib -L/opt/homebrew/opt/readline/lib -L/opt/homebrew/opt/libyaml/lib -L/opt/homebrew/opt/gdbm/lib -L. -fstack-protector-strong -L/opt/homebrew/opt/openssl@1.1/lib -L/opt/homebrew/opt/readline/lib -L/opt/homebrew/opt/libyaml/lib -L/opt/homebrew/opt/gdbm/lib  -m64  -lssl -lcrypto  -lruby.2.7-static -framework Security -framework Foundation -lpthread -ldl -lobjc -lssl -lcrypto   "
checked program was:
/* begin */
 1: #include "ruby.h"
 2: 
 3: /*top*/
 4: extern int t(void);
 5: int main(int argc, char **argv)
 6: {
 7:   if (argc > 1000000) {
 8:     int (* volatile tp)(void)=(int (*)(void))&t;
 9:     printf("%d", (*tp)());
10:   }
11: 
12:   return !!argv[argc];
13: }
14: extern void X509_REQ_get0_signature();
15: int t(void) { X509_REQ_get0_signature(); return 0; }
/* end */

--------------------

have_func: checking for X509_REVOKED_get0_serialNumber()... -------------------- yes

"gcc -o conftest -I../../.ext/include/arm64-darwin20 -I../.././include -I../.././ext/openssl  -I/opt/homebrew/opt/openssl@1.1/include -I/opt/homebrew/opt/readline/include -I/opt/homebrew/opt/libyaml/include -I/opt/homebrew/opt/gdbm/include -D_XOPEN_SOURCE -D_DARWIN_C_SOURCE -D_DARWIN_UNLIMITED_SELECT -D_REENTRANT   -g -O2 -pipe conftest.c  -L. -L../.. -L/opt/homebrew/opt/openssl@1.1/lib -L/opt/homebrew/opt/readline/lib -L/opt/homebrew/opt/libyaml/lib -L/opt/homebrew/opt/gdbm/lib -L. -fstack-protector-strong -L/opt/homebrew/opt/openssl@1.1/lib -L/opt/homebrew/opt/readline/lib -L/opt/homebrew/opt/libyaml/lib -L/opt/homebrew/opt/gdbm/lib  -m64  -lssl -lcrypto  -lruby.2.7-static -framework Security -framework Foundation -lpthread -ldl -lobjc -lssl -lcrypto   "
conftest.c:14:57: error: use of undeclared identifier 'X509_REVOKED_get0_serialNumber'
int t(void) { void ((*volatile p)()); p = (void ((*)()))X509_REVOKED_get0_serialNumber; return !p; }
                                                        ^
1 error generated.
checked program was:
/* begin */
 1: #include "ruby.h"
 2: 
 3: /*top*/
 4: extern int t(void);
 5: int main(int argc, char **argv)
 6: {
 7:   if (argc > 1000000) {
 8:     int (* volatile tp)(void)=(int (*)(void))&t;
 9:     printf("%d", (*tp)());
10:   }
11: 
12:   return !!argv[argc];
13: }
14: int t(void) { void ((*volatile p)()); p = (void ((*)()))X509_REVOKED_get0_serialNumber; return !p; }
/* end */

"gcc -o conftest -I../../.ext/include/arm64-darwin20 -I../.././include -I../.././ext/openssl  -I/opt/homebrew/opt/openssl@1.1/include -I/opt/homebrew/opt/readline/include -I/opt/homebrew/opt/libyaml/include -I/opt/homebrew/opt/gdbm/include -D_XOPEN_SOURCE -D_DARWIN_C_SOURCE -D_DARWIN_UNLIMITED_SELECT -D_REENTRANT   -g -O2 -pipe conftest.c  -L. -L../.. -L/opt/homebrew/opt/openssl@1.1/lib -L/opt/homebrew/opt/readline/lib -L/opt/homebrew/opt/libyaml/lib -L/opt/homebrew/opt/gdbm/lib -L. -fstack-protector-strong -L/opt/homebrew/opt/openssl@1.1/lib -L/opt/homebrew/opt/readline/lib -L/opt/homebrew/opt/libyaml/lib -L/opt/homebrew/opt/gdbm/lib  -m64  -lssl -lcrypto  -lruby.2.7-static -framework Security -framework Foundation -lpthread -ldl -lobjc -lssl -lcrypto   "
checked program was:
/* begin */
 1: #include "ruby.h"
 2: 
 3: /*top*/
 4: extern int t(void);
 5: int main(int argc, char **argv)
 6: {
 7:   if (argc > 1000000) {
 8:     int (* volatile tp)(void)=(int (*)(void))&t;
 9:     printf("%d", (*tp)());
10:   }
11: 
12:   return !!argv[argc];
13: }
14: extern void X509_REVOKED_get0_serialNumber();
15: int t(void) { X509_REVOKED_get0_serialNumber(); return 0; }
/* end */

--------------------

have_func: checking for X509_REVOKED_get0_revocationDate()... -------------------- yes

"gcc -o conftest -I../../.ext/include/arm64-darwin20 -I../.././include -I../.././ext/openssl  -I/opt/homebrew/opt/openssl@1.1/include -I/opt/homebrew/opt/readline/include -I/opt/homebrew/opt/libyaml/include -I/opt/homebrew/opt/gdbm/include -D_XOPEN_SOURCE -D_DARWIN_C_SOURCE -D_DARWIN_UNLIMITED_SELECT -D_REENTRANT   -g -O2 -pipe conftest.c  -L. -L../.. -L/opt/homebrew/opt/openssl@1.1/lib -L/opt/homebrew/opt/readline/lib -L/opt/homebrew/opt/libyaml/lib -L/opt/homebrew/opt/gdbm/lib -L. -fstack-protector-strong -L/opt/homebrew/opt/openssl@1.1/lib -L/opt/homebrew/opt/readline/lib -L/opt/homebrew/opt/libyaml/lib -L/opt/homebrew/opt/gdbm/lib  -m64  -lssl -lcrypto  -lruby.2.7-static -framework Security -framework Foundation -lpthread -ldl -lobjc -lssl -lcrypto   "
conftest.c:14:57: error: use of undeclared identifier 'X509_REVOKED_get0_revocationDate'
int t(void) { void ((*volatile p)()); p = (void ((*)()))X509_REVOKED_get0_revocationDate; return !p; }
                                                        ^
1 error generated.
checked program was:
/* begin */
 1: #include "ruby.h"
 2: 
 3: /*top*/
 4: extern int t(void);
 5: int main(int argc, char **argv)
 6: {
 7:   if (argc > 1000000) {
 8:     int (* volatile tp)(void)=(int (*)(void))&t;
 9:     printf("%d", (*tp)());
10:   }
11: 
12:   return !!argv[argc];
13: }
14: int t(void) { void ((*volatile p)()); p = (void ((*)()))X509_REVOKED_get0_revocationDate; return !p; }
/* end */

"gcc -o conftest -I../../.ext/include/arm64-darwin20 -I../.././include -I../.././ext/openssl  -I/opt/homebrew/opt/openssl@1.1/include -I/opt/homebrew/opt/readline/include -I/opt/homebrew/opt/libyaml/include -I/opt/homebrew/opt/gdbm/include -D_XOPEN_SOURCE -D_DARWIN_C_SOURCE -D_DARWIN_UNLIMITED_SELECT -D_REENTRANT   -g -O2 -pipe conftest.c  -L. -L../.. -L/opt/homebrew/opt/openssl@1.1/lib -L/opt/homebrew/opt/readline/lib -L/opt/homebrew/opt/libyaml/lib -L/opt/homebrew/opt/gdbm/lib -L. -fstack-protector-strong -L/opt/homebrew/opt/openssl@1.1/lib -L/opt/homebrew/opt/readline/lib -L/opt/homebrew/opt/libyaml/lib -L/opt/homebrew/opt/gdbm/lib  -m64  -lssl -lcrypto  -lruby.2.7-static -framework Security -framework Foundation -lpthread -ldl -lobjc -lssl -lcrypto   "
checked program was:
/* begin */
 1: #include "ruby.h"
 2: 
 3: /*top*/
 4: extern int t(void);
 5: int main(int argc, char **argv)
 6: {
 7:   if (argc > 1000000) {
 8:     int (* volatile tp)(void)=(int (*)(void))&t;
 9:     printf("%d", (*tp)());
10:   }
11: 
12:   return !!argv[argc];
13: }
14: extern void X509_REVOKED_get0_revocationDate();
15: int t(void) { X509_REVOKED_get0_revocationDate(); return 0; }
/* end */

--------------------

have_func: checking for X509_get0_tbs_sigalg()... -------------------- yes

"gcc -o conftest -I../../.ext/include/arm64-darwin20 -I../.././include -I../.././ext/openssl  -I/opt/homebrew/opt/openssl@1.1/include -I/opt/homebrew/opt/readline/include -I/opt/homebrew/opt/libyaml/include -I/opt/homebrew/opt/gdbm/include -D_XOPEN_SOURCE -D_DARWIN_C_SOURCE -D_DARWIN_UNLIMITED_SELECT -D_REENTRANT   -g -O2 -pipe conftest.c  -L. -L../.. -L/opt/homebrew/opt/openssl@1.1/lib -L/opt/homebrew/opt/readline/lib -L/opt/homebrew/opt/libyaml/lib -L/opt/homebrew/opt/gdbm/lib -L. -fstack-protector-strong -L/opt/homebrew/opt/openssl@1.1/lib -L/opt/homebrew/opt/readline/lib -L/opt/homebrew/opt/libyaml/lib -L/opt/homebrew/opt/gdbm/lib  -m64  -lssl -lcrypto  -lruby.2.7-static -framework Security -framework Foundation -lpthread -ldl -lobjc -lssl -lcrypto   "
conftest.c:14:57: error: use of undeclared identifier 'X509_get0_tbs_sigalg'
int t(void) { void ((*volatile p)()); p = (void ((*)()))X509_get0_tbs_sigalg; return !p; }
                                                        ^
1 error generated.
checked program was:
/* begin */
 1: #include "ruby.h"
 2: 
 3: /*top*/
 4: extern int t(void);
 5: int main(int argc, char **argv)
 6: {
 7:   if (argc > 1000000) {
 8:     int (* volatile tp)(void)=(int (*)(void))&t;
 9:     printf("%d", (*tp)());
10:   }
11: 
12:   return !!argv[argc];
13: }
14: int t(void) { void ((*volatile p)()); p = (void ((*)()))X509_get0_tbs_sigalg; return !p; }
/* end */

"gcc -o conftest -I../../.ext/include/arm64-darwin20 -I../.././include -I../.././ext/openssl  -I/opt/homebrew/opt/openssl@1.1/include -I/opt/homebrew/opt/readline/include -I/opt/homebrew/opt/libyaml/include -I/opt/homebrew/opt/gdbm/include -D_XOPEN_SOURCE -D_DARWIN_C_SOURCE -D_DARWIN_UNLIMITED_SELECT -D_REENTRANT   -g -O2 -pipe conftest.c  -L. -L../.. -L/opt/homebrew/opt/openssl@1.1/lib -L/opt/homebrew/opt/readline/lib -L/opt/homebrew/opt/libyaml/lib -L/opt/homebrew/opt/gdbm/lib -L. -fstack-protector-strong -L/opt/homebrew/opt/openssl@1.1/lib -L/opt/homebrew/opt/readline/lib -L/opt/homebrew/opt/libyaml/lib -L/opt/homebrew/opt/gdbm/lib  -m64  -lssl -lcrypto  -lruby.2.7-static -framework Security -framework Foundation -lpthread -ldl -lobjc -lssl -lcrypto   "
checked program was:
/* begin */
 1: #include "ruby.h"
 2: 
 3: /*top*/
 4: extern int t(void);
 5: int main(int argc, char **argv)
 6: {
 7:   if (argc > 1000000) {
 8:     int (* volatile tp)(void)=(int (*)(void))&t;
 9:     printf("%d", (*tp)());
10:   }
11: 
12:   return !!argv[argc];
13: }
14: extern void X509_get0_tbs_sigalg();
15: int t(void) { X509_get0_tbs_sigalg(); return 0; }
/* end */

--------------------

have_func: checking for X509_STORE_CTX_get0_untrusted()... -------------------- yes

"gcc -o conftest -I../../.ext/include/arm64-darwin20 -I../.././include -I../.././ext/openssl  -I/opt/homebrew/opt/openssl@1.1/include -I/opt/homebrew/opt/readline/include -I/opt/homebrew/opt/libyaml/include -I/opt/homebrew/opt/gdbm/include -D_XOPEN_SOURCE -D_DARWIN_C_SOURCE -D_DARWIN_UNLIMITED_SELECT -D_REENTRANT   -g -O2 -pipe conftest.c  -L. -L../.. -L/opt/homebrew/opt/openssl@1.1/lib -L/opt/homebrew/opt/readline/lib -L/opt/homebrew/opt/libyaml/lib -L/opt/homebrew/opt/gdbm/lib -L. -fstack-protector-strong -L/opt/homebrew/opt/openssl@1.1/lib -L/opt/homebrew/opt/readline/lib -L/opt/homebrew/opt/libyaml/lib -L/opt/homebrew/opt/gdbm/lib  -m64  -lssl -lcrypto  -lruby.2.7-static -framework Security -framework Foundation -lpthread -ldl -lobjc -lssl -lcrypto   "
conftest.c:14:57: error: use of undeclared identifier 'X509_STORE_CTX_get0_untrusted'
int t(void) { void ((*volatile p)()); p = (void ((*)()))X509_STORE_CTX_get0_untrusted; return !p; }
                                                        ^
1 error generated.
checked program was:
/* begin */
 1: #include "ruby.h"
 2: 
 3: /*top*/
 4: extern int t(void);
 5: int main(int argc, char **argv)
 6: {
 7:   if (argc > 1000000) {
 8:     int (* volatile tp)(void)=(int (*)(void))&t;
 9:     printf("%d", (*tp)());
10:   }
11: 
12:   return !!argv[argc];
13: }
14: int t(void) { void ((*volatile p)()); p = (void ((*)()))X509_STORE_CTX_get0_untrusted; return !p; }
/* end */

"gcc -o conftest -I../../.ext/include/arm64-darwin20 -I../.././include -I../.././ext/openssl  -I/opt/homebrew/opt/openssl@1.1/include -I/opt/homebrew/opt/readline/include -I/opt/homebrew/opt/libyaml/include -I/opt/homebrew/opt/gdbm/include -D_XOPEN_SOURCE -D_DARWIN_C_SOURCE -D_DARWIN_UNLIMITED_SELECT -D_REENTRANT   -g -O2 -pipe conftest.c  -L. -L../.. -L/opt/homebrew/opt/openssl@1.1/lib -L/opt/homebrew/opt/readline/lib -L/opt/homebrew/opt/libyaml/lib -L/opt/homebrew/opt/gdbm/lib -L. -fstack-protector-strong -L/opt/homebrew/opt/openssl@1.1/lib -L/opt/homebrew/opt/readline/lib -L/opt/homebrew/opt/libyaml/lib -L/opt/homebrew/opt/gdbm/lib  -m64  -lssl -lcrypto  -lruby.2.7-static -framework Security -framework Foundation -lpthread -ldl -lobjc -lssl -lcrypto   "
checked program was:
/* begin */
 1: #include "ruby.h"
 2: 
 3: /*top*/
 4: extern int t(void);
 5: int main(int argc, char **argv)
 6: {
 7:   if (argc > 1000000) {
 8:     int (* volatile tp)(void)=(int (*)(void))&t;
 9:     printf("%d", (*tp)());
10:   }
11: 
12:   return !!argv[argc];
13: }
14: extern void X509_STORE_CTX_get0_untrusted();
15: int t(void) { X509_STORE_CTX_get0_untrusted(); return 0; }
/* end */

--------------------

have_func: checking for X509_STORE_CTX_get0_cert()... -------------------- yes

"gcc -o conftest -I../../.ext/include/arm64-darwin20 -I../.././include -I../.././ext/openssl  -I/opt/homebrew/opt/openssl@1.1/include -I/opt/homebrew/opt/readline/include -I/opt/homebrew/opt/libyaml/include -I/opt/homebrew/opt/gdbm/include -D_XOPEN_SOURCE -D_DARWIN_C_SOURCE -D_DARWIN_UNLIMITED_SELECT -D_REENTRANT   -g -O2 -pipe conftest.c  -L. -L../.. -L/opt/homebrew/opt/openssl@1.1/lib -L/opt/homebrew/opt/readline/lib -L/opt/homebrew/opt/libyaml/lib -L/opt/homebrew/opt/gdbm/lib -L. -fstack-protector-strong -L/opt/homebrew/opt/openssl@1.1/lib -L/opt/homebrew/opt/readline/lib -L/opt/homebrew/opt/libyaml/lib -L/opt/homebrew/opt/gdbm/lib  -m64  -lssl -lcrypto  -lruby.2.7-static -framework Security -framework Foundation -lpthread -ldl -lobjc -lssl -lcrypto   "
conftest.c:14:57: error: use of undeclared identifier 'X509_STORE_CTX_get0_cert'
int t(void) { void ((*volatile p)()); p = (void ((*)()))X509_STORE_CTX_get0_cert; return !p; }
                                                        ^
1 error generated.
checked program was:
/* begin */
 1: #include "ruby.h"
 2: 
 3: /*top*/
 4: extern int t(void);
 5: int main(int argc, char **argv)
 6: {
 7:   if (argc > 1000000) {
 8:     int (* volatile tp)(void)=(int (*)(void))&t;
 9:     printf("%d", (*tp)());
10:   }
11: 
12:   return !!argv[argc];
13: }
14: int t(void) { void ((*volatile p)()); p = (void ((*)()))X509_STORE_CTX_get0_cert; return !p; }
/* end */

"gcc -o conftest -I../../.ext/include/arm64-darwin20 -I../.././include -I../.././ext/openssl  -I/opt/homebrew/opt/openssl@1.1/include -I/opt/homebrew/opt/readline/include -I/opt/homebrew/opt/libyaml/include -I/opt/homebrew/opt/gdbm/include -D_XOPEN_SOURCE -D_DARWIN_C_SOURCE -D_DARWIN_UNLIMITED_SELECT -D_REENTRANT   -g -O2 -pipe conftest.c  -L. -L../.. -L/opt/homebrew/opt/openssl@1.1/lib -L/opt/homebrew/opt/readline/lib -L/opt/homebrew/opt/libyaml/lib -L/opt/homebrew/opt/gdbm/lib -L. -fstack-protector-strong -L/opt/homebrew/opt/openssl@1.1/lib -L/opt/homebrew/opt/readline/lib -L/opt/homebrew/opt/libyaml/lib -L/opt/homebrew/opt/gdbm/lib  -m64  -lssl -lcrypto  -lruby.2.7-static -framework Security -framework Foundation -lpthread -ldl -lobjc -lssl -lcrypto   "
checked program was:
/* begin */
 1: #include "ruby.h"
 2: 
 3: /*top*/
 4: extern int t(void);
 5: int main(int argc, char **argv)
 6: {
 7:   if (argc > 1000000) {
 8:     int (* volatile tp)(void)=(int (*)(void))&t;
 9:     printf("%d", (*tp)());
10:   }
11: 
12:   return !!argv[argc];
13: }
14: extern void X509_STORE_CTX_get0_cert();
15: int t(void) { X509_STORE_CTX_get0_cert(); return 0; }
/* end */

--------------------

have_func: checking for X509_STORE_CTX_get0_chain()... -------------------- yes

"gcc -o conftest -I../../.ext/include/arm64-darwin20 -I../.././include -I../.././ext/openssl  -I/opt/homebrew/opt/openssl@1.1/include -I/opt/homebrew/opt/readline/include -I/opt/homebrew/opt/libyaml/include -I/opt/homebrew/opt/gdbm/include -D_XOPEN_SOURCE -D_DARWIN_C_SOURCE -D_DARWIN_UNLIMITED_SELECT -D_REENTRANT   -g -O2 -pipe conftest.c  -L. -L../.. -L/opt/homebrew/opt/openssl@1.1/lib -L/opt/homebrew/opt/readline/lib -L/opt/homebrew/opt/libyaml/lib -L/opt/homebrew/opt/gdbm/lib -L. -fstack-protector-strong -L/opt/homebrew/opt/openssl@1.1/lib -L/opt/homebrew/opt/readline/lib -L/opt/homebrew/opt/libyaml/lib -L/opt/homebrew/opt/gdbm/lib  -m64  -lssl -lcrypto  -lruby.2.7-static -framework Security -framework Foundation -lpthread -ldl -lobjc -lssl -lcrypto   "
conftest.c:14:57: error: use of undeclared identifier 'X509_STORE_CTX_get0_chain'
int t(void) { void ((*volatile p)()); p = (void ((*)()))X509_STORE_CTX_get0_chain; return !p; }
                                                        ^
1 error generated.
checked program was:
/* begin */
 1: #include "ruby.h"
 2: 
 3: /*top*/
 4: extern int t(void);
 5: int main(int argc, char **argv)
 6: {
 7:   if (argc > 1000000) {
 8:     int (* volatile tp)(void)=(int (*)(void))&t;
 9:     printf("%d", (*tp)());
10:   }
11: 
12:   return !!argv[argc];
13: }
14: int t(void) { void ((*volatile p)()); p = (void ((*)()))X509_STORE_CTX_get0_chain; return !p; }
/* end */

"gcc -o conftest -I../../.ext/include/arm64-darwin20 -I../.././include -I../.././ext/openssl  -I/opt/homebrew/opt/openssl@1.1/include -I/opt/homebrew/opt/readline/include -I/opt/homebrew/opt/libyaml/include -I/opt/homebrew/opt/gdbm/include -D_XOPEN_SOURCE -D_DARWIN_C_SOURCE -D_DARWIN_UNLIMITED_SELECT -D_REENTRANT   -g -O2 -pipe conftest.c  -L. -L../.. -L/opt/homebrew/opt/openssl@1.1/lib -L/opt/homebrew/opt/readline/lib -L/opt/homebrew/opt/libyaml/lib -L/opt/homebrew/opt/gdbm/lib -L. -fstack-protector-strong -L/opt/homebrew/opt/openssl@1.1/lib -L/opt/homebrew/opt/readline/lib -L/opt/homebrew/opt/libyaml/lib -L/opt/homebrew/opt/gdbm/lib  -m64  -lssl -lcrypto  -lruby.2.7-static -framework Security -framework Foundation -lpthread -ldl -lobjc -lssl -lcrypto   "
checked program was:
/* begin */
 1: #include "ruby.h"
 2: 
 3: /*top*/
 4: extern int t(void);
 5: int main(int argc, char **argv)
 6: {
 7:   if (argc > 1000000) {
 8:     int (* volatile tp)(void)=(int (*)(void))&t;
 9:     printf("%d", (*tp)());
10:   }
11: 
12:   return !!argv[argc];
13: }
14: extern void X509_STORE_CTX_get0_chain();
15: int t(void) { X509_STORE_CTX_get0_chain(); return 0; }
/* end */

--------------------

have_func: checking for OCSP_SINGLERESP_get0_id()... -------------------- yes

"gcc -o conftest -I../../.ext/include/arm64-darwin20 -I../.././include -I../.././ext/openssl  -I/opt/homebrew/opt/openssl@1.1/include -I/opt/homebrew/opt/readline/include -I/opt/homebrew/opt/libyaml/include -I/opt/homebrew/opt/gdbm/include -D_XOPEN_SOURCE -D_DARWIN_C_SOURCE -D_DARWIN_UNLIMITED_SELECT -D_REENTRANT   -g -O2 -pipe conftest.c  -L. -L../.. -L/opt/homebrew/opt/openssl@1.1/lib -L/opt/homebrew/opt/readline/lib -L/opt/homebrew/opt/libyaml/lib -L/opt/homebrew/opt/gdbm/lib -L. -fstack-protector-strong -L/opt/homebrew/opt/openssl@1.1/lib -L/opt/homebrew/opt/readline/lib -L/opt/homebrew/opt/libyaml/lib -L/opt/homebrew/opt/gdbm/lib  -m64  -lssl -lcrypto  -lruby.2.7-static -framework Security -framework Foundation -lpthread -ldl -lobjc -lssl -lcrypto   "
conftest.c:14:57: error: use of undeclared identifier 'OCSP_SINGLERESP_get0_id'
int t(void) { void ((*volatile p)()); p = (void ((*)()))OCSP_SINGLERESP_get0_id; return !p; }
                                                        ^
1 error generated.
checked program was:
/* begin */
 1: #include "ruby.h"
 2: 
 3: /*top*/
 4: extern int t(void);
 5: int main(int argc, char **argv)
 6: {
 7:   if (argc > 1000000) {
 8:     int (* volatile tp)(void)=(int (*)(void))&t;
 9:     printf("%d", (*tp)());
10:   }
11: 
12:   return !!argv[argc];
13: }
14: int t(void) { void ((*volatile p)()); p = (void ((*)()))OCSP_SINGLERESP_get0_id; return !p; }
/* end */

"gcc -o conftest -I../../.ext/include/arm64-darwin20 -I../.././include -I../.././ext/openssl  -I/opt/homebrew/opt/openssl@1.1/include -I/opt/homebrew/opt/readline/include -I/opt/homebrew/opt/libyaml/include -I/opt/homebrew/opt/gdbm/include -D_XOPEN_SOURCE -D_DARWIN_C_SOURCE -D_DARWIN_UNLIMITED_SELECT -D_REENTRANT   -g -O2 -pipe conftest.c  -L. -L../.. -L/opt/homebrew/opt/openssl@1.1/lib -L/opt/homebrew/opt/readline/lib -L/opt/homebrew/opt/libyaml/lib -L/opt/homebrew/opt/gdbm/lib -L. -fstack-protector-strong -L/opt/homebrew/opt/openssl@1.1/lib -L/opt/homebrew/opt/readline/lib -L/opt/homebrew/opt/libyaml/lib -L/opt/homebrew/opt/gdbm/lib  -m64  -lssl -lcrypto  -lruby.2.7-static -framework Security -framework Foundation -lpthread -ldl -lobjc -lssl -lcrypto   "
checked program was:
/* begin */
 1: #include "ruby.h"
 2: 
 3: /*top*/
 4: extern int t(void);
 5: int main(int argc, char **argv)
 6: {
 7:   if (argc > 1000000) {
 8:     int (* volatile tp)(void)=(int (*)(void))&t;
 9:     printf("%d", (*tp)());
10:   }
11: 
12:   return !!argv[argc];
13: }
14: extern void OCSP_SINGLERESP_get0_id();
15: int t(void) { OCSP_SINGLERESP_get0_id(); return 0; }
/* end */

--------------------

have_func: checking for SSL_CTX_get_ciphers()... -------------------- yes

"gcc -o conftest -I../../.ext/include/arm64-darwin20 -I../.././include -I../.././ext/openssl  -I/opt/homebrew/opt/openssl@1.1/include -I/opt/homebrew/opt/readline/include -I/opt/homebrew/opt/libyaml/include -I/opt/homebrew/opt/gdbm/include -D_XOPEN_SOURCE -D_DARWIN_C_SOURCE -D_DARWIN_UNLIMITED_SELECT -D_REENTRANT   -g -O2 -pipe conftest.c  -L. -L../.. -L/opt/homebrew/opt/openssl@1.1/lib -L/opt/homebrew/opt/readline/lib -L/opt/homebrew/opt/libyaml/lib -L/opt/homebrew/opt/gdbm/lib -L. -fstack-protector-strong -L/opt/homebrew/opt/openssl@1.1/lib -L/opt/homebrew/opt/readline/lib -L/opt/homebrew/opt/libyaml/lib -L/opt/homebrew/opt/gdbm/lib  -m64  -lssl -lcrypto  -lruby.2.7-static -framework Security -framework Foundation -lpthread -ldl -lobjc -lssl -lcrypto   "
conftest.c:14:57: error: use of undeclared identifier 'SSL_CTX_get_ciphers'
int t(void) { void ((*volatile p)()); p = (void ((*)()))SSL_CTX_get_ciphers; return !p; }
                                                        ^
1 error generated.
checked program was:
/* begin */
 1: #include "ruby.h"
 2: 
 3: /*top*/
 4: extern int t(void);
 5: int main(int argc, char **argv)
 6: {
 7:   if (argc > 1000000) {
 8:     int (* volatile tp)(void)=(int (*)(void))&t;
 9:     printf("%d", (*tp)());
10:   }
11: 
12:   return !!argv[argc];
13: }
14: int t(void) { void ((*volatile p)()); p = (void ((*)()))SSL_CTX_get_ciphers; return !p; }
/* end */

"gcc -o conftest -I../../.ext/include/arm64-darwin20 -I../.././include -I../.././ext/openssl  -I/opt/homebrew/opt/openssl@1.1/include -I/opt/homebrew/opt/readline/include -I/opt/homebrew/opt/libyaml/include -I/opt/homebrew/opt/gdbm/include -D_XOPEN_SOURCE -D_DARWIN_C_SOURCE -D_DARWIN_UNLIMITED_SELECT -D_REENTRANT   -g -O2 -pipe conftest.c  -L. -L../.. -L/opt/homebrew/opt/openssl@1.1/lib -L/opt/homebrew/opt/readline/lib -L/opt/homebrew/opt/libyaml/lib -L/opt/homebrew/opt/gdbm/lib -L. -fstack-protector-strong -L/opt/homebrew/opt/openssl@1.1/lib -L/opt/homebrew/opt/readline/lib -L/opt/homebrew/opt/libyaml/lib -L/opt/homebrew/opt/gdbm/lib  -m64  -lssl -lcrypto  -lruby.2.7-static -framework Security -framework Foundation -lpthread -ldl -lobjc -lssl -lcrypto   "
checked program was:
/* begin */
 1: #include "ruby.h"
 2: 
 3: /*top*/
 4: extern int t(void);
 5: int main(int argc, char **argv)
 6: {
 7:   if (argc > 1000000) {
 8:     int (* volatile tp)(void)=(int (*)(void))&t;
 9:     printf("%d", (*tp)());
10:   }
11: 
12:   return !!argv[argc];
13: }
14: extern void SSL_CTX_get_ciphers();
15: int t(void) { SSL_CTX_get_ciphers(); return 0; }
/* end */

--------------------

have_func: checking for X509_up_ref()... -------------------- yes

"gcc -o conftest -I../../.ext/include/arm64-darwin20 -I../.././include -I../.././ext/openssl  -I/opt/homebrew/opt/openssl@1.1/include -I/opt/homebrew/opt/readline/include -I/opt/homebrew/opt/libyaml/include -I/opt/homebrew/opt/gdbm/include -D_XOPEN_SOURCE -D_DARWIN_C_SOURCE -D_DARWIN_UNLIMITED_SELECT -D_REENTRANT   -g -O2 -pipe conftest.c  -L. -L../.. -L/opt/homebrew/opt/openssl@1.1/lib -L/opt/homebrew/opt/readline/lib -L/opt/homebrew/opt/libyaml/lib -L/opt/homebrew/opt/gdbm/lib -L. -fstack-protector-strong -L/opt/homebrew/opt/openssl@1.1/lib -L/opt/homebrew/opt/readline/lib -L/opt/homebrew/opt/libyaml/lib -L/opt/homebrew/opt/gdbm/lib  -m64  -lssl -lcrypto  -lruby.2.7-static -framework Security -framework Foundation -lpthread -ldl -lobjc -lssl -lcrypto   "
conftest.c:14:57: error: use of undeclared identifier 'X509_up_ref'
int t(void) { void ((*volatile p)()); p = (void ((*)()))X509_up_ref; return !p; }
                                                        ^
1 error generated.
checked program was:
/* begin */
 1: #include "ruby.h"
 2: 
 3: /*top*/
 4: extern int t(void);
 5: int main(int argc, char **argv)
 6: {
 7:   if (argc > 1000000) {
 8:     int (* volatile tp)(void)=(int (*)(void))&t;
 9:     printf("%d", (*tp)());
10:   }
11: 
12:   return !!argv[argc];
13: }
14: int t(void) { void ((*volatile p)()); p = (void ((*)()))X509_up_ref; return !p; }
/* end */

"gcc -o conftest -I../../.ext/include/arm64-darwin20 -I../.././include -I../.././ext/openssl  -I/opt/homebrew/opt/openssl@1.1/include -I/opt/homebrew/opt/readline/include -I/opt/homebrew/opt/libyaml/include -I/opt/homebrew/opt/gdbm/include -D_XOPEN_SOURCE -D_DARWIN_C_SOURCE -D_DARWIN_UNLIMITED_SELECT -D_REENTRANT   -g -O2 -pipe conftest.c  -L. -L../.. -L/opt/homebrew/opt/openssl@1.1/lib -L/opt/homebrew/opt/readline/lib -L/opt/homebrew/opt/libyaml/lib -L/opt/homebrew/opt/gdbm/lib -L. -fstack-protector-strong -L/opt/homebrew/opt/openssl@1.1/lib -L/opt/homebrew/opt/readline/lib -L/opt/homebrew/opt/libyaml/lib -L/opt/homebrew/opt/gdbm/lib  -m64  -lssl -lcrypto  -lruby.2.7-static -framework Security -framework Foundation -lpthread -ldl -lobjc -lssl -lcrypto   "
checked program was:
/* begin */
 1: #include "ruby.h"
 2: 
 3: /*top*/
 4: extern int t(void);
 5: int main(int argc, char **argv)
 6: {
 7:   if (argc > 1000000) {
 8:     int (* volatile tp)(void)=(int (*)(void))&t;
 9:     printf("%d", (*tp)());
10:   }
11: 
12:   return !!argv[argc];
13: }
14: extern void X509_up_ref();
15: int t(void) { X509_up_ref(); return 0; }
/* end */

--------------------

have_func: checking for X509_CRL_up_ref()... -------------------- yes

"gcc -o conftest -I../../.ext/include/arm64-darwin20 -I../.././include -I../.././ext/openssl  -I/opt/homebrew/opt/openssl@1.1/include -I/opt/homebrew/opt/readline/include -I/opt/homebrew/opt/libyaml/include -I/opt/homebrew/opt/gdbm/include -D_XOPEN_SOURCE -D_DARWIN_C_SOURCE -D_DARWIN_UNLIMITED_SELECT -D_REENTRANT   -g -O2 -pipe conftest.c  -L. -L../.. -L/opt/homebrew/opt/openssl@1.1/lib -L/opt/homebrew/opt/readline/lib -L/opt/homebrew/opt/libyaml/lib -L/opt/homebrew/opt/gdbm/lib -L. -fstack-protector-strong -L/opt/homebrew/opt/openssl@1.1/lib -L/opt/homebrew/opt/readline/lib -L/opt/homebrew/opt/libyaml/lib -L/opt/homebrew/opt/gdbm/lib  -m64  -lssl -lcrypto  -lruby.2.7-static -framework Security -framework Foundation -lpthread -ldl -lobjc -lssl -lcrypto   "
conftest.c:14:57: error: use of undeclared identifier 'X509_CRL_up_ref'
int t(void) { void ((*volatile p)()); p = (void ((*)()))X509_CRL_up_ref; return !p; }
                                                        ^
1 error generated.
checked program was:
/* begin */
 1: #include "ruby.h"
 2: 
 3: /*top*/
 4: extern int t(void);
 5: int main(int argc, char **argv)
 6: {
 7:   if (argc > 1000000) {
 8:     int (* volatile tp)(void)=(int (*)(void))&t;
 9:     printf("%d", (*tp)());
10:   }
11: 
12:   return !!argv[argc];
13: }
14: int t(void) { void ((*volatile p)()); p = (void ((*)()))X509_CRL_up_ref; return !p; }
/* end */

"gcc -o conftest -I../../.ext/include/arm64-darwin20 -I../.././include -I../.././ext/openssl  -I/opt/homebrew/opt/openssl@1.1/include -I/opt/homebrew/opt/readline/include -I/opt/homebrew/opt/libyaml/include -I/opt/homebrew/opt/gdbm/include -D_XOPEN_SOURCE -D_DARWIN_C_SOURCE -D_DARWIN_UNLIMITED_SELECT -D_REENTRANT   -g -O2 -pipe conftest.c  -L. -L../.. -L/opt/homebrew/opt/openssl@1.1/lib -L/opt/homebrew/opt/readline/lib -L/opt/homebrew/opt/libyaml/lib -L/opt/homebrew/opt/gdbm/lib -L. -fstack-protector-strong -L/opt/homebrew/opt/openssl@1.1/lib -L/opt/homebrew/opt/readline/lib -L/opt/homebrew/opt/libyaml/lib -L/opt/homebrew/opt/gdbm/lib  -m64  -lssl -lcrypto  -lruby.2.7-static -framework Security -framework Foundation -lpthread -ldl -lobjc -lssl -lcrypto   "
checked program was:
/* begin */
 1: #include "ruby.h"
 2: 
 3: /*top*/
 4: extern int t(void);
 5: int main(int argc, char **argv)
 6: {
 7:   if (argc > 1000000) {
 8:     int (* volatile tp)(void)=(int (*)(void))&t;
 9:     printf("%d", (*tp)());
10:   }
11: 
12:   return !!argv[argc];
13: }
14: extern void X509_CRL_up_ref();
15: int t(void) { X509_CRL_up_ref(); return 0; }
/* end */

--------------------

have_func: checking for X509_STORE_up_ref()... -------------------- yes

"gcc -o conftest -I../../.ext/include/arm64-darwin20 -I../.././include -I../.././ext/openssl  -I/opt/homebrew/opt/openssl@1.1/include -I/opt/homebrew/opt/readline/include -I/opt/homebrew/opt/libyaml/include -I/opt/homebrew/opt/gdbm/include -D_XOPEN_SOURCE -D_DARWIN_C_SOURCE -D_DARWIN_UNLIMITED_SELECT -D_REENTRANT   -g -O2 -pipe conftest.c  -L. -L../.. -L/opt/homebrew/opt/openssl@1.1/lib -L/opt/homebrew/opt/readline/lib -L/opt/homebrew/opt/libyaml/lib -L/opt/homebrew/opt/gdbm/lib -L. -fstack-protector-strong -L/opt/homebrew/opt/openssl@1.1/lib -L/opt/homebrew/opt/readline/lib -L/opt/homebrew/opt/libyaml/lib -L/opt/homebrew/opt/gdbm/lib  -m64  -lssl -lcrypto  -lruby.2.7-static -framework Security -framework Foundation -lpthread -ldl -lobjc -lssl -lcrypto   "
conftest.c:14:57: error: use of undeclared identifier 'X509_STORE_up_ref'
int t(void) { void ((*volatile p)()); p = (void ((*)()))X509_STORE_up_ref; return !p; }
                                                        ^
1 error generated.
checked program was:
/* begin */
 1: #include "ruby.h"
 2: 
 3: /*top*/
 4: extern int t(void);
 5: int main(int argc, char **argv)
 6: {
 7:   if (argc > 1000000) {
 8:     int (* volatile tp)(void)=(int (*)(void))&t;
 9:     printf("%d", (*tp)());
10:   }
11: 
12:   return !!argv[argc];
13: }
14: int t(void) { void ((*volatile p)()); p = (void ((*)()))X509_STORE_up_ref; return !p; }
/* end */

"gcc -o conftest -I../../.ext/include/arm64-darwin20 -I../.././include -I../.././ext/openssl  -I/opt/homebrew/opt/openssl@1.1/include -I/opt/homebrew/opt/readline/include -I/opt/homebrew/opt/libyaml/include -I/opt/homebrew/opt/gdbm/include -D_XOPEN_SOURCE -D_DARWIN_C_SOURCE -D_DARWIN_UNLIMITED_SELECT -D_REENTRANT   -g -O2 -pipe conftest.c  -L. -L../.. -L/opt/homebrew/opt/openssl@1.1/lib -L/opt/homebrew/opt/readline/lib -L/opt/homebrew/opt/libyaml/lib -L/opt/homebrew/opt/gdbm/lib -L. -fstack-protector-strong -L/opt/homebrew/opt/openssl@1.1/lib -L/opt/homebrew/opt/readline/lib -L/opt/homebrew/opt/libyaml/lib -L/opt/homebrew/opt/gdbm/lib  -m64  -lssl -lcrypto  -lruby.2.7-static -framework Security -framework Foundation -lpthread -ldl -lobjc -lssl -lcrypto   "
checked program was:
/* begin */
 1: #include "ruby.h"
 2: 
 3: /*top*/
 4: extern int t(void);
 5: int main(int argc, char **argv)
 6: {
 7:   if (argc > 1000000) {
 8:     int (* volatile tp)(void)=(int (*)(void))&t;
 9:     printf("%d", (*tp)());
10:   }
11: 
12:   return !!argv[argc];
13: }
14: extern void X509_STORE_up_ref();
15: int t(void) { X509_STORE_up_ref(); return 0; }
/* end */

--------------------

have_func: checking for SSL_SESSION_up_ref()... -------------------- yes

"gcc -o conftest -I../../.ext/include/arm64-darwin20 -I../.././include -I../.././ext/openssl  -I/opt/homebrew/opt/openssl@1.1/include -I/opt/homebrew/opt/readline/include -I/opt/homebrew/opt/libyaml/include -I/opt/homebrew/opt/gdbm/include -D_XOPEN_SOURCE -D_DARWIN_C_SOURCE -D_DARWIN_UNLIMITED_SELECT -D_REENTRANT   -g -O2 -pipe conftest.c  -L. -L../.. -L/opt/homebrew/opt/openssl@1.1/lib -L/opt/homebrew/opt/readline/lib -L/opt/homebrew/opt/libyaml/lib -L/opt/homebrew/opt/gdbm/lib -L. -fstack-protector-strong -L/opt/homebrew/opt/openssl@1.1/lib -L/opt/homebrew/opt/readline/lib -L/opt/homebrew/opt/libyaml/lib -L/opt/homebrew/opt/gdbm/lib  -m64  -lssl -lcrypto  -lruby.2.7-static -framework Security -framework Foundation -lpthread -ldl -lobjc -lssl -lcrypto   "
conftest.c:14:57: error: use of undeclared identifier 'SSL_SESSION_up_ref'
int t(void) { void ((*volatile p)()); p = (void ((*)()))SSL_SESSION_up_ref; return !p; }
                                                        ^
1 error generated.
checked program was:
/* begin */
 1: #include "ruby.h"
 2: 
 3: /*top*/
 4: extern int t(void);
 5: int main(int argc, char **argv)
 6: {
 7:   if (argc > 1000000) {
 8:     int (* volatile tp)(void)=(int (*)(void))&t;
 9:     printf("%d", (*tp)());
10:   }
11: 
12:   return !!argv[argc];
13: }
14: int t(void) { void ((*volatile p)()); p = (void ((*)()))SSL_SESSION_up_ref; return !p; }
/* end */

"gcc -o conftest -I../../.ext/include/arm64-darwin20 -I../.././include -I../.././ext/openssl  -I/opt/homebrew/opt/openssl@1.1/include -I/opt/homebrew/opt/readline/include -I/opt/homebrew/opt/libyaml/include -I/opt/homebrew/opt/gdbm/include -D_XOPEN_SOURCE -D_DARWIN_C_SOURCE -D_DARWIN_UNLIMITED_SELECT -D_REENTRANT   -g -O2 -pipe conftest.c  -L. -L../.. -L/opt/homebrew/opt/openssl@1.1/lib -L/opt/homebrew/opt/readline/lib -L/opt/homebrew/opt/libyaml/lib -L/opt/homebrew/opt/gdbm/lib -L. -fstack-protector-strong -L/opt/homebrew/opt/openssl@1.1/lib -L/opt/homebrew/opt/readline/lib -L/opt/homebrew/opt/libyaml/lib -L/opt/homebrew/opt/gdbm/lib  -m64  -lssl -lcrypto  -lruby.2.7-static -framework Security -framework Foundation -lpthread -ldl -lobjc -lssl -lcrypto   "
checked program was:
/* begin */
 1: #include "ruby.h"
 2: 
 3: /*top*/
 4: extern int t(void);
 5: int main(int argc, char **argv)
 6: {
 7:   if (argc > 1000000) {
 8:     int (* volatile tp)(void)=(int (*)(void))&t;
 9:     printf("%d", (*tp)());
10:   }
11: 
12:   return !!argv[argc];
13: }
14: extern void SSL_SESSION_up_ref();
15: int t(void) { SSL_SESSION_up_ref(); return 0; }
/* end */

--------------------

have_func: checking for EVP_PKEY_up_ref()... -------------------- yes

"gcc -o conftest -I../../.ext/include/arm64-darwin20 -I../.././include -I../.././ext/openssl  -I/opt/homebrew/opt/openssl@1.1/include -I/opt/homebrew/opt/readline/include -I/opt/homebrew/opt/libyaml/include -I/opt/homebrew/opt/gdbm/include -D_XOPEN_SOURCE -D_DARWIN_C_SOURCE -D_DARWIN_UNLIMITED_SELECT -D_REENTRANT   -g -O2 -pipe conftest.c  -L. -L../.. -L/opt/homebrew/opt/openssl@1.1/lib -L/opt/homebrew/opt/readline/lib -L/opt/homebrew/opt/libyaml/lib -L/opt/homebrew/opt/gdbm/lib -L. -fstack-protector-strong -L/opt/homebrew/opt/openssl@1.1/lib -L/opt/homebrew/opt/readline/lib -L/opt/homebrew/opt/libyaml/lib -L/opt/homebrew/opt/gdbm/lib  -m64  -lssl -lcrypto  -lruby.2.7-static -framework Security -framework Foundation -lpthread -ldl -lobjc -lssl -lcrypto   "
conftest.c:14:57: error: use of undeclared identifier 'EVP_PKEY_up_ref'
int t(void) { void ((*volatile p)()); p = (void ((*)()))EVP_PKEY_up_ref; return !p; }
                                                        ^
1 error generated.
checked program was:
/* begin */
 1: #include "ruby.h"
 2: 
 3: /*top*/
 4: extern int t(void);
 5: int main(int argc, char **argv)
 6: {
 7:   if (argc > 1000000) {
 8:     int (* volatile tp)(void)=(int (*)(void))&t;
 9:     printf("%d", (*tp)());
10:   }
11: 
12:   return !!argv[argc];
13: }
14: int t(void) { void ((*volatile p)()); p = (void ((*)()))EVP_PKEY_up_ref; return !p; }
/* end */

"gcc -o conftest -I../../.ext/include/arm64-darwin20 -I../.././include -I../.././ext/openssl  -I/opt/homebrew/opt/openssl@1.1/include -I/opt/homebrew/opt/readline/include -I/opt/homebrew/opt/libyaml/include -I/opt/homebrew/opt/gdbm/include -D_XOPEN_SOURCE -D_DARWIN_C_SOURCE -D_DARWIN_UNLIMITED_SELECT -D_REENTRANT   -g -O2 -pipe conftest.c  -L. -L../.. -L/opt/homebrew/opt/openssl@1.1/lib -L/opt/homebrew/opt/readline/lib -L/opt/homebrew/opt/libyaml/lib -L/opt/homebrew/opt/gdbm/lib -L. -fstack-protector-strong -L/opt/homebrew/opt/openssl@1.1/lib -L/opt/homebrew/opt/readline/lib -L/opt/homebrew/opt/libyaml/lib -L/opt/homebrew/opt/gdbm/lib  -m64  -lssl -lcrypto  -lruby.2.7-static -framework Security -framework Foundation -lpthread -ldl -lobjc -lssl -lcrypto   "
checked program was:
/* begin */
 1: #include "ruby.h"
 2: 
 3: /*top*/
 4: extern int t(void);
 5: int main(int argc, char **argv)
 6: {
 7:   if (argc > 1000000) {
 8:     int (* volatile tp)(void)=(int (*)(void))&t;
 9:     printf("%d", (*tp)());
10:   }
11: 
12:   return !!argv[argc];
13: }
14: extern void EVP_PKEY_up_ref();
15: int t(void) { EVP_PKEY_up_ref(); return 0; }
/* end */

--------------------

have_func: checking for SSL_CTX_set_tmp_ecdh_callback() in openssl/ssl.h with -Werror=deprecated-declarations... -------------------- no

"gcc -o conftest -I../../.ext/include/arm64-darwin20 -I../.././include -I../.././ext/openssl  -I/opt/homebrew/opt/openssl@1.1/include -I/opt/homebrew/opt/readline/include -I/opt/homebrew/opt/libyaml/include -I/opt/homebrew/opt/gdbm/include -D_XOPEN_SOURCE -D_DARWIN_C_SOURCE -D_DARWIN_UNLIMITED_SELECT -D_REENTRANT   -g -O2 -pipe conftest.c  -L. -L../.. -L/opt/homebrew/opt/openssl@1.1/lib -L/opt/homebrew/opt/readline/lib -L/opt/homebrew/opt/libyaml/lib -L/opt/homebrew/opt/gdbm/lib -L. -fstack-protector-strong -L/opt/homebrew/opt/openssl@1.1/lib -L/opt/homebrew/opt/readline/lib -L/opt/homebrew/opt/libyaml/lib -L/opt/homebrew/opt/gdbm/lib  -m64  -lssl -lcrypto  -lruby.2.7-static -framework Security -framework Foundation -lpthread -ldl -lobjc -Werror=deprecated-declarations -lssl -lcrypto   "
conftest.c:16:57: error: use of undeclared identifier 'SSL_CTX_set_tmp_ecdh_callback'
int t(void) { void ((*volatile p)()); p = (void ((*)()))SSL_CTX_set_tmp_ecdh_callback; return !p; }
                                                        ^
1 error generated.
checked program was:
/* begin */
 1: #include "ruby.h"
 2: 
 3: #include <openssl/ssl.h>
 4: 
 5: /*top*/
 6: extern int t(void);
 7: int main(int argc, char **argv)
 8: {
 9:   if (argc > 1000000) {
10:     int (* volatile tp)(void)=(int (*)(void))&t;
11:     printf("%d", (*tp)());
12:   }
13: 
14:   return !!argv[argc];
15: }
16: int t(void) { void ((*volatile p)()); p = (void ((*)()))SSL_CTX_set_tmp_ecdh_callback; return !p; }
/* end */

"gcc -o conftest -I../../.ext/include/arm64-darwin20 -I../.././include -I../.././ext/openssl  -I/opt/homebrew/opt/openssl@1.1/include -I/opt/homebrew/opt/readline/include -I/opt/homebrew/opt/libyaml/include -I/opt/homebrew/opt/gdbm/include -D_XOPEN_SOURCE -D_DARWIN_C_SOURCE -D_DARWIN_UNLIMITED_SELECT -D_REENTRANT   -g -O2 -pipe conftest.c  -L. -L../.. -L/opt/homebrew/opt/openssl@1.1/lib -L/opt/homebrew/opt/readline/lib -L/opt/homebrew/opt/libyaml/lib -L/opt/homebrew/opt/gdbm/lib -L. -fstack-protector-strong -L/opt/homebrew/opt/openssl@1.1/lib -L/opt/homebrew/opt/readline/lib -L/opt/homebrew/opt/libyaml/lib -L/opt/homebrew/opt/gdbm/lib  -m64  -lssl -lcrypto  -lruby.2.7-static -framework Security -framework Foundation -lpthread -ldl -lobjc -Werror=deprecated-declarations -lssl -lcrypto   "
Undefined symbols for architecture arm64:
  "_SSL_CTX_set_tmp_ecdh_callback", referenced from:
      _t in conftest-14aecc.o
ld: symbol(s) not found for architecture arm64
clang: error: linker command failed with exit code 1 (use -v to see invocation)
checked program was:
/* begin */
 1: #include "ruby.h"
 2: 
 3: #include <openssl/ssl.h>
 4: 
 5: /*top*/
 6: extern int t(void);
 7: int main(int argc, char **argv)
 8: {
 9:   if (argc > 1000000) {
10:     int (* volatile tp)(void)=(int (*)(void))&t;
11:     printf("%d", (*tp)());
12:   }
13: 
14:   return !!argv[argc];
15: }
16: extern void SSL_CTX_set_tmp_ecdh_callback();
17: int t(void) { SSL_CTX_set_tmp_ecdh_callback(); return 0; }
/* end */

--------------------

have_macro: checking for SSL_CTX_set_tmp_ecdh_callback in openssl/ssl.h... -------------------- no

"gcc -I../../.ext/include/arm64-darwin20 -I../.././include -I../.././ext/openssl  -I/opt/homebrew/opt/openssl@1.1/include -I/opt/homebrew/opt/readline/include -I/opt/homebrew/opt/libyaml/include -I/opt/homebrew/opt/gdbm/include -D_XOPEN_SOURCE -D_DARWIN_C_SOURCE -D_DARWIN_UNLIMITED_SELECT -D_REENTRANT   -g -O2 -pipe -m64  -c conftest.c"
conftest.c:6:3: error: 
# error
  ^
conftest.c:7:1: error: expected identifier or '('
|:/ === SSL_CTX_set_tmp_ecdh_callback undefined === /:|
^
2 errors generated.
checked program was:
/* begin */
1: #include "ruby.h"
2: 
3: #include <openssl/ssl.h>
4: /*top*/
5: #ifndef SSL_CTX_set_tmp_ecdh_callback
6: # error
7: |:/ === SSL_CTX_set_tmp_ecdh_callback undefined === /:|
8: #endif
/* end */

--------------------

have_func: checking for SSL_CTX_set_min_proto_version() in openssl/ssl.h with -Werror=deprecated-declarations... -------------------- no

"gcc -o conftest -I../../.ext/include/arm64-darwin20 -I../.././include -I../.././ext/openssl  -I/opt/homebrew/opt/openssl@1.1/include -I/opt/homebrew/opt/readline/include -I/opt/homebrew/opt/libyaml/include -I/opt/homebrew/opt/gdbm/include -D_XOPEN_SOURCE -D_DARWIN_C_SOURCE -D_DARWIN_UNLIMITED_SELECT -D_REENTRANT   -g -O2 -pipe conftest.c  -L. -L../.. -L/opt/homebrew/opt/openssl@1.1/lib -L/opt/homebrew/opt/readline/lib -L/opt/homebrew/opt/libyaml/lib -L/opt/homebrew/opt/gdbm/lib -L. -fstack-protector-strong -L/opt/homebrew/opt/openssl@1.1/lib -L/opt/homebrew/opt/readline/lib -L/opt/homebrew/opt/libyaml/lib -L/opt/homebrew/opt/gdbm/lib  -m64  -lssl -lcrypto  -lruby.2.7-static -framework Security -framework Foundation -lpthread -ldl -lobjc -Werror=deprecated-declarations -lssl -lcrypto   "
conftest.c:16:57: error: use of undeclared identifier 'SSL_CTX_set_min_proto_version'
int t(void) { void ((*volatile p)()); p = (void ((*)()))SSL_CTX_set_min_proto_version; return !p; }
                                                        ^
1 error generated.
checked program was:
/* begin */
 1: #include "ruby.h"
 2: 
 3: #include <openssl/ssl.h>
 4: 
 5: /*top*/
 6: extern int t(void);
 7: int main(int argc, char **argv)
 8: {
 9:   if (argc > 1000000) {
10:     int (* volatile tp)(void)=(int (*)(void))&t;
11:     printf("%d", (*tp)());
12:   }
13: 
14:   return !!argv[argc];
15: }
16: int t(void) { void ((*volatile p)()); p = (void ((*)()))SSL_CTX_set_min_proto_version; return !p; }
/* end */

"gcc -o conftest -I../../.ext/include/arm64-darwin20 -I../.././include -I../.././ext/openssl  -I/opt/homebrew/opt/openssl@1.1/include -I/opt/homebrew/opt/readline/include -I/opt/homebrew/opt/libyaml/include -I/opt/homebrew/opt/gdbm/include -D_XOPEN_SOURCE -D_DARWIN_C_SOURCE -D_DARWIN_UNLIMITED_SELECT -D_REENTRANT   -g -O2 -pipe conftest.c  -L. -L../.. -L/opt/homebrew/opt/openssl@1.1/lib -L/opt/homebrew/opt/readline/lib -L/opt/homebrew/opt/libyaml/lib -L/opt/homebrew/opt/gdbm/lib -L. -fstack-protector-strong -L/opt/homebrew/opt/openssl@1.1/lib -L/opt/homebrew/opt/readline/lib -L/opt/homebrew/opt/libyaml/lib -L/opt/homebrew/opt/gdbm/lib  -m64  -lssl -lcrypto  -lruby.2.7-static -framework Security -framework Foundation -lpthread -ldl -lobjc -Werror=deprecated-declarations -lssl -lcrypto   "
conftest.c:16:43: error: too few arguments provided to function-like macro invocation
extern void SSL_CTX_set_min_proto_version();
                                          ^
/opt/homebrew/opt/openssl@1.1/include/openssl/ssl.h:1450:10: note: macro 'SSL_CTX_set_min_proto_version' defined here
# define SSL_CTX_set_min_proto_version(ctx, version) \
         ^
conftest.c:17:45: error: too few arguments provided to function-like macro invocation
int t(void) { SSL_CTX_set_min_proto_version(); return 0; }
                                            ^
/opt/homebrew/opt/openssl@1.1/include/openssl/ssl.h:1450:10: note: macro 'SSL_CTX_set_min_proto_version' defined here
# define SSL_CTX_set_min_proto_version(ctx, version) \
         ^
2 errors generated.
checked program was:
/* begin */
 1: #include "ruby.h"
 2: 
 3: #include <openssl/ssl.h>
 4: 
 5: /*top*/
 6: extern int t(void);
 7: int main(int argc, char **argv)
 8: {
 9:   if (argc > 1000000) {
10:     int (* volatile tp)(void)=(int (*)(void))&t;
11:     printf("%d", (*tp)());
12:   }
13: 
14:   return !!argv[argc];
15: }
16: extern void SSL_CTX_set_min_proto_version();
17: int t(void) { SSL_CTX_set_min_proto_version(); return 0; }
/* end */

--------------------

have_macro: checking for SSL_CTX_set_min_proto_version in openssl/ssl.h... -------------------- yes

"gcc -I../../.ext/include/arm64-darwin20 -I../.././include -I../.././ext/openssl  -I/opt/homebrew/opt/openssl@1.1/include -I/opt/homebrew/opt/readline/include -I/opt/homebrew/opt/libyaml/include -I/opt/homebrew/opt/gdbm/include -D_XOPEN_SOURCE -D_DARWIN_C_SOURCE -D_DARWIN_UNLIMITED_SELECT -D_REENTRANT   -g -O2 -pipe -m64  -c conftest.c"
checked program was:
/* begin */
1: #include "ruby.h"
2: 
3: #include <openssl/ssl.h>
4: /*top*/
5: #ifndef SSL_CTX_set_min_proto_version
6: # error
7: |:/ === SSL_CTX_set_min_proto_version undefined === /:|
8: #endif
/* end */

--------------------

have_func: checking for SSL_CTX_get_security_level()... -------------------- yes

"gcc -o conftest -I../../.ext/include/arm64-darwin20 -I../.././include -I../.././ext/openssl  -I/opt/homebrew/opt/openssl@1.1/include -I/opt/homebrew/opt/readline/include -I/opt/homebrew/opt/libyaml/include -I/opt/homebrew/opt/gdbm/include -D_XOPEN_SOURCE -D_DARWIN_C_SOURCE -D_DARWIN_UNLIMITED_SELECT -D_REENTRANT   -g -O2 -pipe conftest.c  -L. -L../.. -L/opt/homebrew/opt/openssl@1.1/lib -L/opt/homebrew/opt/readline/lib -L/opt/homebrew/opt/libyaml/lib -L/opt/homebrew/opt/gdbm/lib -L. -fstack-protector-strong -L/opt/homebrew/opt/openssl@1.1/lib -L/opt/homebrew/opt/readline/lib -L/opt/homebrew/opt/libyaml/lib -L/opt/homebrew/opt/gdbm/lib  -m64  -lssl -lcrypto  -lruby.2.7-static -framework Security -framework Foundation -lpthread -ldl -lobjc -lssl -lcrypto   "
conftest.c:14:57: error: use of undeclared identifier 'SSL_CTX_get_security_level'
int t(void) { void ((*volatile p)()); p = (void ((*)()))SSL_CTX_get_security_level; return !p; }
                                                        ^
1 error generated.
checked program was:
/* begin */
 1: #include "ruby.h"
 2: 
 3: /*top*/
 4: extern int t(void);
 5: int main(int argc, char **argv)
 6: {
 7:   if (argc > 1000000) {
 8:     int (* volatile tp)(void)=(int (*)(void))&t;
 9:     printf("%d", (*tp)());
10:   }
11: 
12:   return !!argv[argc];
13: }
14: int t(void) { void ((*volatile p)()); p = (void ((*)()))SSL_CTX_get_security_level; return !p; }
/* end */

"gcc -o conftest -I../../.ext/include/arm64-darwin20 -I../.././include -I../.././ext/openssl  -I/opt/homebrew/opt/openssl@1.1/include -I/opt/homebrew/opt/readline/include -I/opt/homebrew/opt/libyaml/include -I/opt/homebrew/opt/gdbm/include -D_XOPEN_SOURCE -D_DARWIN_C_SOURCE -D_DARWIN_UNLIMITED_SELECT -D_REENTRANT   -g -O2 -pipe conftest.c  -L. -L../.. -L/opt/homebrew/opt/openssl@1.1/lib -L/opt/homebrew/opt/readline/lib -L/opt/homebrew/opt/libyaml/lib -L/opt/homebrew/opt/gdbm/lib -L. -fstack-protector-strong -L/opt/homebrew/opt/openssl@1.1/lib -L/opt/homebrew/opt/readline/lib -L/opt/homebrew/opt/libyaml/lib -L/opt/homebrew/opt/gdbm/lib  -m64  -lssl -lcrypto  -lruby.2.7-static -framework Security -framework Foundation -lpthread -ldl -lobjc -lssl -lcrypto   "
checked program was:
/* begin */
 1: #include "ruby.h"
 2: 
 3: /*top*/
 4: extern int t(void);
 5: int main(int argc, char **argv)
 6: {
 7:   if (argc > 1000000) {
 8:     int (* volatile tp)(void)=(int (*)(void))&t;
 9:     printf("%d", (*tp)());
10:   }
11: 
12:   return !!argv[argc];
13: }
14: extern void SSL_CTX_get_security_level();
15: int t(void) { SSL_CTX_get_security_level(); return 0; }
/* end */

--------------------

have_func: checking for X509_get0_notBefore()... -------------------- yes

"gcc -o conftest -I../../.ext/include/arm64-darwin20 -I../.././include -I../.././ext/openssl  -I/opt/homebrew/opt/openssl@1.1/include -I/opt/homebrew/opt/readline/include -I/opt/homebrew/opt/libyaml/include -I/opt/homebrew/opt/gdbm/include -D_XOPEN_SOURCE -D_DARWIN_C_SOURCE -D_DARWIN_UNLIMITED_SELECT -D_REENTRANT   -g -O2 -pipe conftest.c  -L. -L../.. -L/opt/homebrew/opt/openssl@1.1/lib -L/opt/homebrew/opt/readline/lib -L/opt/homebrew/opt/libyaml/lib -L/opt/homebrew/opt/gdbm/lib -L. -fstack-protector-strong -L/opt/homebrew/opt/openssl@1.1/lib -L/opt/homebrew/opt/readline/lib -L/opt/homebrew/opt/libyaml/lib -L/opt/homebrew/opt/gdbm/lib  -m64  -lssl -lcrypto  -lruby.2.7-static -framework Security -framework Foundation -lpthread -ldl -lobjc -lssl -lcrypto   "
conftest.c:14:57: error: use of undeclared identifier 'X509_get0_notBefore'
int t(void) { void ((*volatile p)()); p = (void ((*)()))X509_get0_notBefore; return !p; }
                                                        ^
1 error generated.
checked program was:
/* begin */
 1: #include "ruby.h"
 2: 
 3: /*top*/
 4: extern int t(void);
 5: int main(int argc, char **argv)
 6: {
 7:   if (argc > 1000000) {
 8:     int (* volatile tp)(void)=(int (*)(void))&t;
 9:     printf("%d", (*tp)());
10:   }
11: 
12:   return !!argv[argc];
13: }
14: int t(void) { void ((*volatile p)()); p = (void ((*)()))X509_get0_notBefore; return !p; }
/* end */

"gcc -o conftest -I../../.ext/include/arm64-darwin20 -I../.././include -I../.././ext/openssl  -I/opt/homebrew/opt/openssl@1.1/include -I/opt/homebrew/opt/readline/include -I/opt/homebrew/opt/libyaml/include -I/opt/homebrew/opt/gdbm/include -D_XOPEN_SOURCE -D_DARWIN_C_SOURCE -D_DARWIN_UNLIMITED_SELECT -D_REENTRANT   -g -O2 -pipe conftest.c  -L. -L../.. -L/opt/homebrew/opt/openssl@1.1/lib -L/opt/homebrew/opt/readline/lib -L/opt/homebrew/opt/libyaml/lib -L/opt/homebrew/opt/gdbm/lib -L. -fstack-protector-strong -L/opt/homebrew/opt/openssl@1.1/lib -L/opt/homebrew/opt/readline/lib -L/opt/homebrew/opt/libyaml/lib -L/opt/homebrew/opt/gdbm/lib  -m64  -lssl -lcrypto  -lruby.2.7-static -framework Security -framework Foundation -lpthread -ldl -lobjc -lssl -lcrypto   "
checked program was:
/* begin */
 1: #include "ruby.h"
 2: 
 3: /*top*/
 4: extern int t(void);
 5: int main(int argc, char **argv)
 6: {
 7:   if (argc > 1000000) {
 8:     int (* volatile tp)(void)=(int (*)(void))&t;
 9:     printf("%d", (*tp)());
10:   }
11: 
12:   return !!argv[argc];
13: }
14: extern void X509_get0_notBefore();
15: int t(void) { X509_get0_notBefore(); return 0; }
/* end */

--------------------

have_func: checking for SSL_SESSION_get_protocol_version()... -------------------- yes

"gcc -o conftest -I../../.ext/include/arm64-darwin20 -I../.././include -I../.././ext/openssl  -I/opt/homebrew/opt/openssl@1.1/include -I/opt/homebrew/opt/readline/include -I/opt/homebrew/opt/libyaml/include -I/opt/homebrew/opt/gdbm/include -D_XOPEN_SOURCE -D_DARWIN_C_SOURCE -D_DARWIN_UNLIMITED_SELECT -D_REENTRANT   -g -O2 -pipe conftest.c  -L. -L../.. -L/opt/homebrew/opt/openssl@1.1/lib -L/opt/homebrew/opt/readline/lib -L/opt/homebrew/opt/libyaml/lib -L/opt/homebrew/opt/gdbm/lib -L. -fstack-protector-strong -L/opt/homebrew/opt/openssl@1.1/lib -L/opt/homebrew/opt/readline/lib -L/opt/homebrew/opt/libyaml/lib -L/opt/homebrew/opt/gdbm/lib  -m64  -lssl -lcrypto  -lruby.2.7-static -framework Security -framework Foundation -lpthread -ldl -lobjc -lssl -lcrypto   "
conftest.c:14:57: error: use of undeclared identifier 'SSL_SESSION_get_protocol_version'
int t(void) { void ((*volatile p)()); p = (void ((*)()))SSL_SESSION_get_protocol_version; return !p; }
                                                        ^
1 error generated.
checked program was:
/* begin */
 1: #include "ruby.h"
 2: 
 3: /*top*/
 4: extern int t(void);
 5: int main(int argc, char **argv)
 6: {
 7:   if (argc > 1000000) {
 8:     int (* volatile tp)(void)=(int (*)(void))&t;
 9:     printf("%d", (*tp)());
10:   }
11: 
12:   return !!argv[argc];
13: }
14: int t(void) { void ((*volatile p)()); p = (void ((*)()))SSL_SESSION_get_protocol_version; return !p; }
/* end */

"gcc -o conftest -I../../.ext/include/arm64-darwin20 -I../.././include -I../.././ext/openssl  -I/opt/homebrew/opt/openssl@1.1/include -I/opt/homebrew/opt/readline/include -I/opt/homebrew/opt/libyaml/include -I/opt/homebrew/opt/gdbm/include -D_XOPEN_SOURCE -D_DARWIN_C_SOURCE -D_DARWIN_UNLIMITED_SELECT -D_REENTRANT   -g -O2 -pipe conftest.c  -L. -L../.. -L/opt/homebrew/opt/openssl@1.1/lib -L/opt/homebrew/opt/readline/lib -L/opt/homebrew/opt/libyaml/lib -L/opt/homebrew/opt/gdbm/lib -L. -fstack-protector-strong -L/opt/homebrew/opt/openssl@1.1/lib -L/opt/homebrew/opt/readline/lib -L/opt/homebrew/opt/libyaml/lib -L/opt/homebrew/opt/gdbm/lib  -m64  -lssl -lcrypto  -lruby.2.7-static -framework Security -framework Foundation -lpthread -ldl -lobjc -lssl -lcrypto   "
checked program was:
/* begin */
 1: #include "ruby.h"
 2: 
 3: /*top*/
 4: extern int t(void);
 5: int main(int argc, char **argv)
 6: {
 7:   if (argc > 1000000) {
 8:     int (* volatile tp)(void)=(int (*)(void))&t;
 9:     printf("%d", (*tp)());
10:   }
11: 
12:   return !!argv[argc];
13: }
14: extern void SSL_SESSION_get_protocol_version();
15: int t(void) { SSL_SESSION_get_protocol_version(); return 0; }
/* end */

--------------------

have_func: checking for EVP_PBE_scrypt()... -------------------- yes

"gcc -o conftest -I../../.ext/include/arm64-darwin20 -I../.././include -I../.././ext/openssl  -I/opt/homebrew/opt/openssl@1.1/include -I/opt/homebrew/opt/readline/include -I/opt/homebrew/opt/libyaml/include -I/opt/homebrew/opt/gdbm/include -D_XOPEN_SOURCE -D_DARWIN_C_SOURCE -D_DARWIN_UNLIMITED_SELECT -D_REENTRANT   -g -O2 -pipe conftest.c  -L. -L../.. -L/opt/homebrew/opt/openssl@1.1/lib -L/opt/homebrew/opt/readline/lib -L/opt/homebrew/opt/libyaml/lib -L/opt/homebrew/opt/gdbm/lib -L. -fstack-protector-strong -L/opt/homebrew/opt/openssl@1.1/lib -L/opt/homebrew/opt/readline/lib -L/opt/homebrew/opt/libyaml/lib -L/opt/homebrew/opt/gdbm/lib  -m64  -lssl -lcrypto  -lruby.2.7-static -framework Security -framework Foundation -lpthread -ldl -lobjc -lssl -lcrypto   "
conftest.c:14:57: error: use of undeclared identifier 'EVP_PBE_scrypt'
int t(void) { void ((*volatile p)()); p = (void ((*)()))EVP_PBE_scrypt; return !p; }
                                                        ^
1 error generated.
checked program was:
/* begin */
 1: #include "ruby.h"
 2: 
 3: /*top*/
 4: extern int t(void);
 5: int main(int argc, char **argv)
 6: {
 7:   if (argc > 1000000) {
 8:     int (* volatile tp)(void)=(int (*)(void))&t;
 9:     printf("%d", (*tp)());
10:   }
11: 
12:   return !!argv[argc];
13: }
14: int t(void) { void ((*volatile p)()); p = (void ((*)()))EVP_PBE_scrypt; return !p; }
/* end */

"gcc -o conftest -I../../.ext/include/arm64-darwin20 -I../.././include -I../.././ext/openssl  -I/opt/homebrew/opt/openssl@1.1/include -I/opt/homebrew/opt/readline/include -I/opt/homebrew/opt/libyaml/include -I/opt/homebrew/opt/gdbm/include -D_XOPEN_SOURCE -D_DARWIN_C_SOURCE -D_DARWIN_UNLIMITED_SELECT -D_REENTRANT   -g -O2 -pipe conftest.c  -L. -L../.. -L/opt/homebrew/opt/openssl@1.1/lib -L/opt/homebrew/opt/readline/lib -L/opt/homebrew/opt/libyaml/lib -L/opt/homebrew/opt/gdbm/lib -L. -fstack-protector-strong -L/opt/homebrew/opt/openssl@1.1/lib -L/opt/homebrew/opt/readline/lib -L/opt/homebrew/opt/libyaml/lib -L/opt/homebrew/opt/gdbm/lib  -m64  -lssl -lcrypto  -lruby.2.7-static -framework Security -framework Foundation -lpthread -ldl -lobjc -lssl -lcrypto   "
checked program was:
/* begin */
 1: #include "ruby.h"
 2: 
 3: /*top*/
 4: extern int t(void);
 5: int main(int argc, char **argv)
 6: {
 7:   if (argc > 1000000) {
 8:     int (* volatile tp)(void)=(int (*)(void))&t;
 9:     printf("%d", (*tp)());
10:   }
11: 
12:   return !!argv[argc];
13: }
14: extern void EVP_PBE_scrypt();
15: int t(void) { EVP_PBE_scrypt(); return 0; }
/* end */

--------------------

=== Checking done. ===
extconf.h is:
/* begin */
 1: #ifndef EXTCONF_H
 2: #define EXTCONF_H
 3: #define HAVE_OPENSSL_SSL_H 1
 4: #define HAVE_ENGINE_LOAD_BUILTIN_ENGINES 1
 5: #define HAVE_ENGINE_LOAD_DYNAMIC 1
 6: #define HAVE_ENGINE_LOAD_CRYPTODEV 1
 7: #define HAVE_EC_CURVE_NIST2NID 1
 8: #define HAVE_X509_REVOKED_DUP 1
 9: #define HAVE_X509_STORE_CTX_GET0_STORE 1
10: #define HAVE_SSL_CTX_SET_ALPN_SELECT_CB 1
11: #define HAVE_SSL_CTX_SET1_CURVES_LIST 1
12: #define HAVE_SSL_CTX_SET_ECDH_AUTO 1
13: #define HAVE_SSL_GET_SERVER_TMP_KEY 1
14: #define HAVE_SSL_IS_SERVER 1
15: #define HAVE_OPAQUE_OPENSSL 1
16: #define HAVE_OPENSSL_110_THREADING_API 1
17: #define HAVE_BN_GENCB_NEW 1
18: #define HAVE_BN_GENCB_FREE 1
19: #define HAVE_BN_GENCB_GET_ARG 1
20: #define HAVE_EVP_MD_CTX_NEW 1
21: #define HAVE_EVP_MD_CTX_FREE 1
22: #define HAVE_HMAC_CTX_NEW 1
23: #define HAVE_HMAC_CTX_FREE 1
24: #define HAVE_X509_STORE_GET_EX_DATA 1
25: #define HAVE_X509_STORE_SET_EX_DATA 1
26: #define HAVE_X509_CRL_GET0_SIGNATURE 1
27: #define HAVE_X509_REQ_GET0_SIGNATURE 1
28: #define HAVE_X509_REVOKED_GET0_SERIALNUMBER 1
29: #define HAVE_X509_REVOKED_GET0_REVOCATIONDATE 1
30: #define HAVE_X509_GET0_TBS_SIGALG 1
31: #define HAVE_X509_STORE_CTX_GET0_UNTRUSTED 1
32: #define HAVE_X509_STORE_CTX_GET0_CERT 1
33: #define HAVE_X509_STORE_CTX_GET0_CHAIN 1
34: #define HAVE_OCSP_SINGLERESP_GET0_ID 1
35: #define HAVE_SSL_CTX_GET_CIPHERS 1
36: #define HAVE_X509_UP_REF 1
37: #define HAVE_X509_CRL_UP_REF 1
38: #define HAVE_X509_STORE_UP_REF 1
39: #define HAVE_SSL_SESSION_UP_REF 1
40: #define HAVE_EVP_PKEY_UP_REF 1
41: #define HAVE_SSL_CTX_SET_MIN_PROTO_VERSION 1
42: #define HAVE_SSL_CTX_GET_SECURITY_LEVEL 1
43: #define HAVE_X509_GET0_NOTBEFORE 1
44: #define HAVE_SSL_SESSION_GET_PROTOCOL_VERSION 1
45: #define HAVE_EVP_PBE_SCRYPT 1
46: #endif
/* end */

Done.
